{"/home/airy/Desktop/banka/build/test/test.js":{"path":"/home/airy/Desktop/banka/build/test/test.js","statementMap":{"0":{"start":{"line":3,"column":29},"end":{"line":3,"column":84}},"1":{"start":{"line":5,"column":12},"end":{"line":5,"column":51}},"2":{"start":{"line":7,"column":16},"end":{"line":7,"column":60}},"3":{"start":{"line":9,"column":14},"end":{"line":9,"column":58}},"4":{"start":{"line":16,"column":13},"end":{"line":16,"column":36}},"5":{"start":{"line":18,"column":0},"end":{"line":18,"column":43}},"6":{"start":{"line":21,"column":0},"end":{"line":231,"column":3}},"7":{"start":{"line":24,"column":20},"end":{"line":31,"column":3}},"8":{"start":{"line":32,"column":21},"end":{"line":39,"column":3}},"9":{"start":{"line":40,"column":2},"end":{"line":46,"column":5}},"10":{"start":{"line":41,"column":4},"end":{"line":45,"column":7}},"11":{"start":{"line":42,"column":6},"end":{"line":42,"column":55}},"12":{"start":{"line":43,"column":6},"end":{"line":43,"column":39}},"13":{"start":{"line":44,"column":6},"end":{"line":44,"column":13}},"14":{"start":{"line":47,"column":2},"end":{"line":71,"column":5}},"15":{"start":{"line":49,"column":4},"end":{"line":70,"column":7}},"16":{"start":{"line":50,"column":6},"end":{"line":69,"column":9}},"17":{"start":{"line":51,"column":8},"end":{"line":51,"column":45}},"18":{"start":{"line":52,"column":8},"end":{"line":52,"column":72}},"19":{"start":{"line":53,"column":8},"end":{"line":53,"column":64}},"20":{"start":{"line":66,"column":8},"end":{"line":66,"column":15}},"21":{"start":{"line":68,"column":8},"end":{"line":68,"column":18}},"22":{"start":{"line":72,"column":2},"end":{"line":96,"column":5}},"23":{"start":{"line":74,"column":16},"end":{"line":77,"column":5}},"24":{"start":{"line":78,"column":23},"end":{"line":81,"column":5}},"25":{"start":{"line":82,"column":4},"end":{"line":89,"column":7}},"26":{"start":{"line":83,"column":6},"end":{"line":88,"column":9}},"27":{"start":{"line":84,"column":8},"end":{"line":84,"column":71}},"28":{"start":{"line":85,"column":8},"end":{"line":85,"column":55}},"29":{"start":{"line":86,"column":8},"end":{"line":86,"column":46}},"30":{"start":{"line":87,"column":8},"end":{"line":87,"column":15}},"31":{"start":{"line":90,"column":4},"end":{"line":95,"column":7}},"32":{"start":{"line":91,"column":6},"end":{"line":94,"column":9}},"33":{"start":{"line":92,"column":8},"end":{"line":92,"column":71}},"34":{"start":{"line":93,"column":8},"end":{"line":93,"column":15}},"35":{"start":{"line":97,"column":2},"end":{"line":112,"column":5}},"36":{"start":{"line":98,"column":4},"end":{"line":98,"column":57}},"37":{"start":{"line":99,"column":18},"end":{"line":104,"column":5}},"38":{"start":{"line":105,"column":4},"end":{"line":111,"column":7}},"39":{"start":{"line":106,"column":6},"end":{"line":110,"column":9}},"40":{"start":{"line":107,"column":8},"end":{"line":107,"column":56}},"41":{"start":{"line":108,"column":8},"end":{"line":108,"column":68}},"42":{"start":{"line":109,"column":8},"end":{"line":109,"column":15}},"43":{"start":{"line":113,"column":2},"end":{"line":136,"column":5}},"44":{"start":{"line":115,"column":4},"end":{"line":123,"column":7}},"45":{"start":{"line":116,"column":6},"end":{"line":122,"column":9}},"46":{"start":{"line":120,"column":8},"end":{"line":120,"column":39}},"47":{"start":{"line":121,"column":8},"end":{"line":121,"column":15}},"48":{"start":{"line":124,"column":18},"end":{"line":129,"column":5}},"49":{"start":{"line":130,"column":4},"end":{"line":135,"column":7}},"50":{"start":{"line":131,"column":6},"end":{"line":134,"column":9}},"51":{"start":{"line":132,"column":8},"end":{"line":132,"column":50}},"52":{"start":{"line":133,"column":8},"end":{"line":133,"column":15}},"53":{"start":{"line":137,"column":2},"end":{"line":168,"column":5}},"54":{"start":{"line":138,"column":4},"end":{"line":147,"column":7}},"55":{"start":{"line":139,"column":26},"end":{"line":141,"column":7}},"56":{"start":{"line":143,"column":6},"end":{"line":146,"column":9}},"57":{"start":{"line":144,"column":8},"end":{"line":144,"column":40}},"58":{"start":{"line":145,"column":8},"end":{"line":145,"column":15}},"59":{"start":{"line":148,"column":4},"end":{"line":157,"column":7}},"60":{"start":{"line":149,"column":20},"end":{"line":151,"column":7}},"61":{"start":{"line":153,"column":6},"end":{"line":156,"column":9}},"62":{"start":{"line":154,"column":8},"end":{"line":154,"column":40}},"63":{"start":{"line":155,"column":8},"end":{"line":155,"column":15}},"64":{"start":{"line":158,"column":4},"end":{"line":167,"column":7}},"65":{"start":{"line":159,"column":20},"end":{"line":161,"column":7}},"66":{"start":{"line":163,"column":6},"end":{"line":166,"column":9}},"67":{"start":{"line":164,"column":8},"end":{"line":164,"column":40}},"68":{"start":{"line":165,"column":8},"end":{"line":165,"column":15}},"69":{"start":{"line":169,"column":2},"end":{"line":190,"column":5}},"70":{"start":{"line":170,"column":16},"end":{"line":174,"column":5}},"71":{"start":{"line":175,"column":4},"end":{"line":189,"column":7}},"72":{"start":{"line":176,"column":6},"end":{"line":188,"column":9}},"73":{"start":{"line":177,"column":8},"end":{"line":177,"column":71}},"74":{"start":{"line":178,"column":8},"end":{"line":178,"column":71}},"75":{"start":{"line":179,"column":8},"end":{"line":179,"column":148}},"76":{"start":{"line":180,"column":8},"end":{"line":180,"column":141}},"77":{"start":{"line":181,"column":8},"end":{"line":181,"column":148}},"78":{"start":{"line":182,"column":8},"end":{"line":182,"column":144}},"79":{"start":{"line":183,"column":8},"end":{"line":183,"column":148}},"80":{"start":{"line":184,"column":8},"end":{"line":184,"column":148}},"81":{"start":{"line":185,"column":8},"end":{"line":185,"column":145}},"82":{"start":{"line":186,"column":8},"end":{"line":186,"column":145}},"83":{"start":{"line":187,"column":8},"end":{"line":187,"column":15}},"84":{"start":{"line":191,"column":2},"end":{"line":212,"column":5}},"85":{"start":{"line":192,"column":17},"end":{"line":196,"column":5}},"86":{"start":{"line":197,"column":4},"end":{"line":211,"column":7}},"87":{"start":{"line":198,"column":6},"end":{"line":210,"column":9}},"88":{"start":{"line":199,"column":8},"end":{"line":199,"column":71}},"89":{"start":{"line":200,"column":8},"end":{"line":200,"column":71}},"90":{"start":{"line":201,"column":8},"end":{"line":201,"column":148}},"91":{"start":{"line":202,"column":8},"end":{"line":202,"column":141}},"92":{"start":{"line":203,"column":8},"end":{"line":203,"column":148}},"93":{"start":{"line":204,"column":8},"end":{"line":204,"column":144}},"94":{"start":{"line":205,"column":8},"end":{"line":205,"column":148}},"95":{"start":{"line":206,"column":8},"end":{"line":206,"column":148}},"96":{"start":{"line":207,"column":8},"end":{"line":207,"column":145}},"97":{"start":{"line":208,"column":8},"end":{"line":208,"column":145}},"98":{"start":{"line":209,"column":8},"end":{"line":209,"column":15}},"99":{"start":{"line":213,"column":2},"end":{"line":222,"column":5}},"100":{"start":{"line":214,"column":4},"end":{"line":221,"column":7}},"101":{"start":{"line":215,"column":6},"end":{"line":220,"column":9}},"102":{"start":{"line":216,"column":8},"end":{"line":216,"column":31}},"103":{"start":{"line":217,"column":8},"end":{"line":217,"column":68}},"104":{"start":{"line":218,"column":8},"end":{"line":218,"column":66}},"105":{"start":{"line":219,"column":8},"end":{"line":219,"column":15}},"106":{"start":{"line":223,"column":2},"end":{"line":230,"column":5}},"107":{"start":{"line":224,"column":4},"end":{"line":229,"column":7}},"108":{"start":{"line":225,"column":6},"end":{"line":228,"column":9}},"109":{"start":{"line":226,"column":8},"end":{"line":226,"column":40}},"110":{"start":{"line":227,"column":8},"end":{"line":227,"column":15}}},"fnMap":{"0":{"name":"(anonymous_0)","decl":{"start":{"line":21,"column":22},"end":{"line":21,"column":23}},"loc":{"start":{"line":21,"column":34},"end":{"line":231,"column":1}},"line":21},"1":{"name":"(anonymous_1)","decl":{"start":{"line":40,"column":9},"end":{"line":40,"column":10}},"loc":{"start":{"line":40,"column":25},"end":{"line":46,"column":3}},"line":40},"2":{"name":"(anonymous_2)","decl":{"start":{"line":41,"column":100},"end":{"line":41,"column":101}},"loc":{"start":{"line":41,"column":120},"end":{"line":45,"column":5}},"line":41},"3":{"name":"(anonymous_3)","decl":{"start":{"line":47,"column":27},"end":{"line":47,"column":28}},"loc":{"start":{"line":47,"column":39},"end":{"line":71,"column":3}},"line":47},"4":{"name":"(anonymous_4)","decl":{"start":{"line":49,"column":40},"end":{"line":49,"column":41}},"loc":{"start":{"line":49,"column":56},"end":{"line":70,"column":5}},"line":49},"5":{"name":"(anonymous_5)","decl":{"start":{"line":50,"column":102},"end":{"line":50,"column":103}},"loc":{"start":{"line":50,"column":122},"end":{"line":67,"column":7}},"line":50},"6":{"name":"(anonymous_6)","decl":{"start":{"line":67,"column":18},"end":{"line":67,"column":19}},"loc":{"start":{"line":67,"column":33},"end":{"line":69,"column":7}},"line":67},"7":{"name":"(anonymous_7)","decl":{"start":{"line":72,"column":27},"end":{"line":72,"column":28}},"loc":{"start":{"line":72,"column":39},"end":{"line":96,"column":3}},"line":72},"8":{"name":"(anonymous_8)","decl":{"start":{"line":82,"column":45},"end":{"line":82,"column":46}},"loc":{"start":{"line":82,"column":61},"end":{"line":89,"column":5}},"line":82},"9":{"name":"(anonymous_9)","decl":{"start":{"line":83,"column":96},"end":{"line":83,"column":97}},"loc":{"start":{"line":83,"column":116},"end":{"line":88,"column":7}},"line":83},"10":{"name":"(anonymous_10)","decl":{"start":{"line":90,"column":57},"end":{"line":90,"column":58}},"loc":{"start":{"line":90,"column":69},"end":{"line":95,"column":5}},"line":90},"11":{"name":"(anonymous_11)","decl":{"start":{"line":91,"column":103},"end":{"line":91,"column":104}},"loc":{"start":{"line":91,"column":123},"end":{"line":94,"column":7}},"line":91},"12":{"name":"(anonymous_12)","decl":{"start":{"line":97,"column":28},"end":{"line":97,"column":29}},"loc":{"start":{"line":97,"column":40},"end":{"line":112,"column":3}},"line":97},"13":{"name":"(anonymous_13)","decl":{"start":{"line":105,"column":39},"end":{"line":105,"column":40}},"loc":{"start":{"line":105,"column":55},"end":{"line":111,"column":5}},"line":105},"14":{"name":"(anonymous_14)","decl":{"start":{"line":106,"column":144},"end":{"line":106,"column":145}},"loc":{"start":{"line":106,"column":159},"end":{"line":110,"column":7}},"line":106},"15":{"name":"(anonymous_15)","decl":{"start":{"line":113,"column":29},"end":{"line":113,"column":30}},"loc":{"start":{"line":113,"column":41},"end":{"line":136,"column":3}},"line":113},"16":{"name":"(anonymous_16)","decl":{"start":{"line":115,"column":11},"end":{"line":115,"column":12}},"loc":{"start":{"line":115,"column":27},"end":{"line":123,"column":5}},"line":115},"17":{"name":"(anonymous_17)","decl":{"start":{"line":119,"column":14},"end":{"line":119,"column":15}},"loc":{"start":{"line":119,"column":34},"end":{"line":122,"column":7}},"line":119},"18":{"name":"(anonymous_18)","decl":{"start":{"line":130,"column":43},"end":{"line":130,"column":44}},"loc":{"start":{"line":130,"column":59},"end":{"line":135,"column":5}},"line":130},"19":{"name":"(anonymous_19)","decl":{"start":{"line":131,"column":140},"end":{"line":131,"column":141}},"loc":{"start":{"line":131,"column":160},"end":{"line":134,"column":7}},"line":131},"20":{"name":"(anonymous_20)","decl":{"start":{"line":137,"column":46},"end":{"line":137,"column":47}},"loc":{"start":{"line":137,"column":58},"end":{"line":168,"column":3}},"line":137},"21":{"name":"(anonymous_21)","decl":{"start":{"line":138,"column":34},"end":{"line":138,"column":35}},"loc":{"start":{"line":138,"column":50},"end":{"line":147,"column":5}},"line":138},"22":{"name":"(anonymous_22)","decl":{"start":{"line":143,"column":149},"end":{"line":143,"column":150}},"loc":{"start":{"line":143,"column":164},"end":{"line":146,"column":7}},"line":143},"23":{"name":"(anonymous_23)","decl":{"start":{"line":148,"column":47},"end":{"line":148,"column":48}},"loc":{"start":{"line":148,"column":63},"end":{"line":157,"column":5}},"line":148},"24":{"name":"(anonymous_24)","decl":{"start":{"line":153,"column":143},"end":{"line":153,"column":144}},"loc":{"start":{"line":153,"column":158},"end":{"line":156,"column":7}},"line":153},"25":{"name":"(anonymous_25)","decl":{"start":{"line":158,"column":37},"end":{"line":158,"column":38}},"loc":{"start":{"line":158,"column":53},"end":{"line":167,"column":5}},"line":158},"26":{"name":"(anonymous_26)","decl":{"start":{"line":163,"column":143},"end":{"line":163,"column":144}},"loc":{"start":{"line":163,"column":158},"end":{"line":166,"column":7}},"line":163},"27":{"name":"(anonymous_27)","decl":{"start":{"line":169,"column":55},"end":{"line":169,"column":56}},"loc":{"start":{"line":169,"column":67},"end":{"line":190,"column":3}},"line":169},"28":{"name":"(anonymous_28)","decl":{"start":{"line":175,"column":47},"end":{"line":175,"column":48}},"loc":{"start":{"line":175,"column":63},"end":{"line":189,"column":5}},"line":175},"29":{"name":"(anonymous_29)","decl":{"start":{"line":176,"column":150},"end":{"line":176,"column":151}},"loc":{"start":{"line":176,"column":170},"end":{"line":188,"column":7}},"line":176},"30":{"name":"(anonymous_30)","decl":{"start":{"line":191,"column":56},"end":{"line":191,"column":57}},"loc":{"start":{"line":191,"column":68},"end":{"line":212,"column":3}},"line":191},"31":{"name":"(anonymous_31)","decl":{"start":{"line":197,"column":47},"end":{"line":197,"column":48}},"loc":{"start":{"line":197,"column":63},"end":{"line":211,"column":5}},"line":197},"32":{"name":"(anonymous_32)","decl":{"start":{"line":198,"column":152},"end":{"line":198,"column":153}},"loc":{"start":{"line":198,"column":177},"end":{"line":210,"column":7}},"line":198},"33":{"name":"(anonymous_33)","decl":{"start":{"line":213,"column":32},"end":{"line":213,"column":33}},"loc":{"start":{"line":213,"column":44},"end":{"line":222,"column":3}},"line":213},"34":{"name":"(anonymous_34)","decl":{"start":{"line":214,"column":38},"end":{"line":214,"column":39}},"loc":{"start":{"line":214,"column":54},"end":{"line":221,"column":5}},"line":214},"35":{"name":"(anonymous_35)","decl":{"start":{"line":215,"column":112},"end":{"line":215,"column":113}},"loc":{"start":{"line":215,"column":132},"end":{"line":220,"column":7}},"line":215},"36":{"name":"(anonymous_36)","decl":{"start":{"line":223,"column":47},"end":{"line":223,"column":48}},"loc":{"start":{"line":223,"column":59},"end":{"line":230,"column":3}},"line":223},"37":{"name":"(anonymous_37)","decl":{"start":{"line":224,"column":49},"end":{"line":224,"column":50}},"loc":{"start":{"line":224,"column":65},"end":{"line":229,"column":5}},"line":224},"38":{"name":"(anonymous_38)","decl":{"start":{"line":225,"column":142},"end":{"line":225,"column":143}},"loc":{"start":{"line":225,"column":157},"end":{"line":228,"column":7}},"line":225}},"branchMap":{},"s":{"0":1,"1":1,"2":1,"3":1,"4":1,"5":1,"6":1,"7":1,"8":1,"9":1,"10":1,"11":1,"12":1,"13":0,"14":1,"15":1,"16":0,"17":0,"18":0,"19":0,"20":0,"21":0,"22":1,"23":1,"24":1,"25":1,"26":0,"27":0,"28":0,"29":0,"30":0,"31":1,"32":0,"33":0,"34":0,"35":1,"36":1,"37":1,"38":1,"39":0,"40":0,"41":0,"42":0,"43":1,"44":1,"45":0,"46":0,"47":0,"48":1,"49":1,"50":0,"51":0,"52":0,"53":1,"54":1,"55":0,"56":0,"57":0,"58":0,"59":1,"60":0,"61":0,"62":0,"63":0,"64":1,"65":0,"66":0,"67":0,"68":0,"69":1,"70":1,"71":1,"72":0,"73":0,"74":0,"75":0,"76":0,"77":0,"78":0,"79":0,"80":0,"81":0,"82":0,"83":0,"84":1,"85":1,"86":1,"87":0,"88":0,"89":0,"90":0,"91":0,"92":0,"93":0,"94":0,"95":0,"96":0,"97":0,"98":0,"99":1,"100":1,"101":0,"102":0,"103":0,"104":0,"105":0,"106":1,"107":1,"108":0,"109":0,"110":0},"f":{"0":1,"1":1,"2":1,"3":1,"4":0,"5":0,"6":0,"7":1,"8":0,"9":0,"10":0,"11":0,"12":1,"13":0,"14":0,"15":1,"16":0,"17":0,"18":0,"19":0,"20":1,"21":0,"22":0,"23":0,"24":0,"25":0,"26":0,"27":1,"28":0,"29":0,"30":1,"31":0,"32":0,"33":1,"34":0,"35":0,"36":1,"37":0,"38":0},"b":{},"_coverageSchema":"43e27e138ebf9cfc5966b082cf9a028302ed4184","hash":"8bb5d5c7d9eb264661099f8af04fbeadd6d13682","contentHash":"a340cf877211fd221730b2058882dea0ec472965cdfe0b22e0533bf23864ad3f"},"/home/airy/Desktop/banka/build/server.js":{"path":"/home/airy/Desktop/banka/build/server.js","statementMap":{"0":{"start":{"line":3,"column":29},"end":{"line":3,"column":84}},"1":{"start":{"line":5,"column":0},"end":{"line":7,"column":3}},"2":{"start":{"line":8,"column":0},"end":{"line":8,"column":28}},"3":{"start":{"line":10,"column":15},"end":{"line":10,"column":57}},"4":{"start":{"line":12,"column":18},"end":{"line":12,"column":72}},"5":{"start":{"line":14,"column":22},"end":{"line":14,"column":80}},"6":{"start":{"line":16,"column":26},"end":{"line":16,"column":88}},"7":{"start":{"line":18,"column":10},"end":{"line":18,"column":36}},"8":{"start":{"line":19,"column":15},"end":{"line":19,"column":18}},"9":{"start":{"line":20,"column":0},"end":{"line":20,"column":30}},"10":{"start":{"line":21,"column":0},"end":{"line":21,"column":36}},"11":{"start":{"line":22,"column":0},"end":{"line":24,"column":4}},"12":{"start":{"line":25,"column":0},"end":{"line":25,"column":48}},"13":{"start":{"line":26,"column":0},"end":{"line":26,"column":56}},"14":{"start":{"line":27,"column":0},"end":{"line":27,"column":64}},"15":{"start":{"line":28,"column":11},"end":{"line":28,"column":35}},"16":{"start":{"line":29,"column":0},"end":{"line":32,"column":3}},"17":{"start":{"line":31,"column":2},"end":{"line":31,"column":56}}},"fnMap":{"0":{"name":"(anonymous_0)","decl":{"start":{"line":29,"column":17},"end":{"line":29,"column":18}},"loc":{"start":{"line":29,"column":29},"end":{"line":32,"column":1}},"line":29}},"branchMap":{"0":{"loc":{"start":{"line":28,"column":11},"end":{"line":28,"column":35}},"type":"binary-expr","locations":[{"start":{"line":28,"column":11},"end":{"line":28,"column":15}},{"start":{"line":28,"column":19},"end":{"line":28,"column":35}}],"line":28}},"s":{"0":1,"1":1,"2":1,"3":1,"4":1,"5":1,"6":1,"7":1,"8":1,"9":1,"10":1,"11":1,"12":1,"13":1,"14":1,"15":1,"16":1,"17":1},"f":{"0":1},"b":{"0":[1,0]},"_coverageSchema":"43e27e138ebf9cfc5966b082cf9a028302ed4184","hash":"4c231913ec301d0dd5682a68aad75db09e8a7dda","contentHash":"596f75b78b8a0311af6d0fd0f666e2a91d16a7e2af4b75b0cf63cba6b59d84da"},"/home/airy/Desktop/banka/build/routes/authRouter.js":{"path":"/home/airy/Desktop/banka/build/routes/authRouter.js","statementMap":{"0":{"start":{"line":3,"column":29},"end":{"line":3,"column":84}},"1":{"start":{"line":5,"column":0},"end":{"line":7,"column":3}},"2":{"start":{"line":8,"column":0},"end":{"line":8,"column":28}},"3":{"start":{"line":10,"column":15},"end":{"line":10,"column":57}},"4":{"start":{"line":12,"column":22},"end":{"line":12,"column":86}},"5":{"start":{"line":14,"column":21},"end":{"line":14,"column":84}},"6":{"start":{"line":16,"column":11},"end":{"line":16,"column":42}},"7":{"start":{"line":17,"column":21},"end":{"line":17,"column":53}},"8":{"start":{"line":19,"column":13},"end":{"line":21,"column":2}},"9":{"start":{"line":23,"column":0},"end":{"line":23,"column":74}},"10":{"start":{"line":24,"column":0},"end":{"line":24,"column":67}},"11":{"start":{"line":25,"column":15},"end":{"line":25,"column":21}},"12":{"start":{"line":26,"column":0},"end":{"line":26,"column":30}}},"fnMap":{},"branchMap":{},"s":{"0":1,"1":1,"2":1,"3":1,"4":1,"5":1,"6":1,"7":1,"8":1,"9":1,"10":1,"11":1,"12":1},"f":{},"b":{},"_coverageSchema":"43e27e138ebf9cfc5966b082cf9a028302ed4184","hash":"e4a4c6c874748fe321a8fcdd8dceb39dbc5e4765","contentHash":"96efdb58cee9a8bfe2e3d5ce87325d92140739267a85215d2536cd3603c761d5"},"/home/airy/Desktop/banka/build/controllers/authController.js":{"path":"/home/airy/Desktop/banka/build/controllers/authController.js","statementMap":{"0":{"start":{"line":3,"column":29},"end":{"line":3,"column":84}},"1":{"start":{"line":5,"column":0},"end":{"line":7,"column":3}},"2":{"start":{"line":8,"column":0},"end":{"line":8,"column":28}},"3":{"start":{"line":10,"column":19},"end":{"line":10,"column":80}},"4":{"start":{"line":12,"column":25},"end":{"line":12,"column":99}},"5":{"start":{"line":14,"column":23},"end":{"line":14,"column":95}},"6":{"start":{"line":16,"column":20},"end":{"line":16,"column":89}},"7":{"start":{"line":18,"column":20},"end":{"line":18,"column":67}},"8":{"start":{"line":20,"column":14},"end":{"line":20,"column":55}},"9":{"start":{"line":22,"column":14},"end":{"line":22,"column":55}},"10":{"start":{"line":24,"column":17},"end":{"line":24,"column":71}},"11":{"start":{"line":27,"column":16},"end":{"line":27,"column":43}},"12":{"start":{"line":31,"column":0},"end":{"line":172,"column":3}},"13":{"start":{"line":33,"column":4},"end":{"line":33,"column":59}},"14":{"start":{"line":36,"column":2},"end":{"line":170,"column":6}},"15":{"start":{"line":39,"column":24},"end":{"line":91,"column":9}},"16":{"start":{"line":43,"column":8},"end":{"line":90,"column":20}},"17":{"start":{"line":44,"column":10},"end":{"line":89,"column":11}},"18":{"start":{"line":45,"column":12},"end":{"line":88,"column":13}},"19":{"start":{"line":47,"column":16},"end":{"line":47,"column":32}},"20":{"start":{"line":49,"column":16},"end":{"line":56,"column":18}},"21":{"start":{"line":57,"column":16},"end":{"line":57,"column":34}},"22":{"start":{"line":58,"column":16},"end":{"line":58,"column":78}},"23":{"start":{"line":61,"column":16},"end":{"line":61,"column":46}},"24":{"start":{"line":62,"column":16},"end":{"line":62,"column":34}},"25":{"start":{"line":63,"column":16},"end":{"line":63,"column":98}},"26":{"start":{"line":66,"column":16},"end":{"line":66,"column":43}},"27":{"start":{"line":67,"column":16},"end":{"line":67,"column":35}},"28":{"start":{"line":68,"column":16},"end":{"line":68,"column":50}},"29":{"start":{"line":71,"column":16},"end":{"line":71,"column":40}},"30":{"start":{"line":73,"column":16},"end":{"line":83,"column":17}},"31":{"start":{"line":74,"column":18},"end":{"line":77,"column":21}},"32":{"start":{"line":78,"column":23},"end":{"line":83,"column":17}},"33":{"start":{"line":79,"column":18},"end":{"line":82,"column":21}},"34":{"start":{"line":87,"column":16},"end":{"line":87,"column":39}},"35":{"start":{"line":94,"column":8},"end":{"line":94,"column":50}},"36":{"start":{"line":97,"column":6},"end":{"line":97,"column":24}},"37":{"start":{"line":102,"column":20},"end":{"line":162,"column":9}},"38":{"start":{"line":107,"column":8},"end":{"line":161,"column":38}},"39":{"start":{"line":108,"column":10},"end":{"line":160,"column":11}},"40":{"start":{"line":109,"column":12},"end":{"line":159,"column":13}},"41":{"start":{"line":111,"column":16},"end":{"line":111,"column":93}},"42":{"start":{"line":112,"column":16},"end":{"line":112,"column":35}},"43":{"start":{"line":113,"column":16},"end":{"line":116,"column":19}},"44":{"start":{"line":119,"column":16},"end":{"line":119,"column":41}},"45":{"start":{"line":121,"column":16},"end":{"line":124,"column":17}},"46":{"start":{"line":122,"column":18},"end":{"line":122,"column":38}},"47":{"start":{"line":123,"column":18},"end":{"line":123,"column":24}},"48":{"start":{"line":126,"column":16},"end":{"line":126,"column":35}},"49":{"start":{"line":127,"column":16},"end":{"line":127,"column":35}},"50":{"start":{"line":128,"column":16},"end":{"line":128,"column":94}},"51":{"start":{"line":131,"column":16},"end":{"line":131,"column":47}},"52":{"start":{"line":133,"column":16},"end":{"line":143,"column":17}},"53":{"start":{"line":134,"column":18},"end":{"line":137,"column":21}},"54":{"start":{"line":139,"column":18},"end":{"line":142,"column":21}},"55":{"start":{"line":145,"column":16},"end":{"line":145,"column":36}},"56":{"start":{"line":146,"column":16},"end":{"line":146,"column":22}},"57":{"start":{"line":149,"column":16},"end":{"line":149,"column":36}},"58":{"start":{"line":150,"column":16},"end":{"line":150,"column":53}},"59":{"start":{"line":151,"column":16},"end":{"line":154,"column":19}},"60":{"start":{"line":158,"column":16},"end":{"line":158,"column":40}},"61":{"start":{"line":165,"column":8},"end":{"line":165,"column":46}},"62":{"start":{"line":168,"column":6},"end":{"line":168,"column":20}},"63":{"start":{"line":171,"column":2},"end":{"line":171,"column":24}},"64":{"start":{"line":174,"column":0},"end":{"line":174,"column":36}}},"fnMap":{"0":{"name":"(anonymous_0)","decl":{"start":{"line":31,"column":0},"end":{"line":31,"column":1}},"loc":{"start":{"line":31,"column":12},"end":{"line":172,"column":1}},"line":31},"1":{"name":"AuthController","decl":{"start":{"line":32,"column":11},"end":{"line":32,"column":25}},"loc":{"start":{"line":32,"column":28},"end":{"line":34,"column":3}},"line":32},"2":{"name":"(anonymous_2)","decl":{"start":{"line":38,"column":11},"end":{"line":38,"column":12}},"loc":{"start":{"line":38,"column":23},"end":{"line":98,"column":5}},"line":38},"3":{"name":"_callee","decl":{"start":{"line":41,"column":44},"end":{"line":41,"column":51}},"loc":{"start":{"line":41,"column":62},"end":{"line":91,"column":7}},"line":41},"4":{"name":"_callee$","decl":{"start":{"line":43,"column":53},"end":{"line":43,"column":61}},"loc":{"start":{"line":43,"column":72},"end":{"line":90,"column":9}},"line":43},"5":{"name":"createUser","decl":{"start":{"line":93,"column":15},"end":{"line":93,"column":25}},"loc":{"start":{"line":93,"column":35},"end":{"line":95,"column":7}},"line":93},"6":{"name":"(anonymous_6)","decl":{"start":{"line":101,"column":11},"end":{"line":101,"column":12}},"loc":{"start":{"line":101,"column":23},"end":{"line":169,"column":5}},"line":101},"7":{"name":"_callee2","decl":{"start":{"line":104,"column":44},"end":{"line":104,"column":52}},"loc":{"start":{"line":104,"column":63},"end":{"line":162,"column":7}},"line":104},"8":{"name":"_callee2$","decl":{"start":{"line":107,"column":53},"end":{"line":107,"column":62}},"loc":{"start":{"line":107,"column":74},"end":{"line":161,"column":9}},"line":107},"9":{"name":"signIn","decl":{"start":{"line":164,"column":15},"end":{"line":164,"column":21}},"loc":{"start":{"line":164,"column":32},"end":{"line":166,"column":7}},"line":164}},"branchMap":{"0":{"loc":{"start":{"line":45,"column":12},"end":{"line":88,"column":13}},"type":"switch","locations":[{"start":{"line":46,"column":14},"end":{"line":58,"column":78}},{"start":{"line":60,"column":14},"end":{"line":63,"column":98}},{"start":{"line":65,"column":14},"end":{"line":68,"column":50}},{"start":{"line":70,"column":14},"end":{"line":83,"column":17}},{"start":{"line":85,"column":14},"end":{"line":85,"column":22}},{"start":{"line":86,"column":14},"end":{"line":87,"column":39}}],"line":45},"1":{"loc":{"start":{"line":73,"column":16},"end":{"line":83,"column":17}},"type":"if","locations":[{"start":{"line":73,"column":16},"end":{"line":83,"column":17}},{"start":{"line":73,"column":16},"end":{"line":83,"column":17}}],"line":73},"2":{"loc":{"start":{"line":78,"column":23},"end":{"line":83,"column":17}},"type":"if","locations":[{"start":{"line":78,"column":23},"end":{"line":83,"column":17}},{"start":{"line":78,"column":23},"end":{"line":83,"column":17}}],"line":78},"3":{"loc":{"start":{"line":109,"column":12},"end":{"line":159,"column":13}},"type":"switch","locations":[{"start":{"line":110,"column":14},"end":{"line":116,"column":19}},{"start":{"line":118,"column":14},"end":{"line":128,"column":94}},{"start":{"line":130,"column":14},"end":{"line":146,"column":22}},{"start":{"line":148,"column":14},"end":{"line":154,"column":19}},{"start":{"line":156,"column":14},"end":{"line":156,"column":22}},{"start":{"line":157,"column":14},"end":{"line":158,"column":40}}],"line":109},"4":{"loc":{"start":{"line":121,"column":16},"end":{"line":124,"column":17}},"type":"if","locations":[{"start":{"line":121,"column":16},"end":{"line":124,"column":17}},{"start":{"line":121,"column":16},"end":{"line":124,"column":17}}],"line":121},"5":{"loc":{"start":{"line":133,"column":16},"end":{"line":143,"column":17}},"type":"if","locations":[{"start":{"line":133,"column":16},"end":{"line":143,"column":17}},{"start":{"line":133,"column":16},"end":{"line":143,"column":17}}],"line":133}},"s":{"0":1,"1":1,"2":1,"3":1,"4":1,"5":1,"6":1,"7":1,"8":1,"9":1,"10":1,"11":1,"12":1,"13":1,"14":1,"15":1,"16":1,"17":4,"18":4,"19":1,"20":1,"21":1,"22":1,"23":1,"24":1,"25":1,"26":1,"27":1,"28":1,"29":1,"30":1,"31":0,"32":1,"33":1,"34":1,"35":1,"36":1,"37":1,"38":0,"39":0,"40":0,"41":0,"42":0,"43":0,"44":0,"45":0,"46":0,"47":0,"48":0,"49":0,"50":0,"51":0,"52":0,"53":0,"54":0,"55":0,"56":0,"57":0,"58":0,"59":0,"60":0,"61":0,"62":1,"63":1,"64":1},"f":{"0":1,"1":1,"2":1,"3":1,"4":4,"5":1,"6":1,"7":0,"8":0,"9":0},"b":{"0":[1,1,1,1,1,1],"1":[0,1],"2":[1,0],"3":[0,0,0,0,0,0],"4":[0,0],"5":[0,0]},"_coverageSchema":"43e27e138ebf9cfc5966b082cf9a028302ed4184","hash":"4dc55586d97d671574c46be64443f993f58ef171","contentHash":"e8dc245917e18d4106dffd416ebb825ceb84a6f594f96835d7f9ff712df6c885"},"/home/airy/Desktop/banka/build/models/authModel.js":{"path":"/home/airy/Desktop/banka/build/models/authModel.js","statementMap":{"0":{"start":{"line":3,"column":29},"end":{"line":3,"column":84}},"1":{"start":{"line":5,"column":0},"end":{"line":7,"column":3}},"2":{"start":{"line":8,"column":0},"end":{"line":8,"column":28}},"3":{"start":{"line":10,"column":19},"end":{"line":10,"column":80}},"4":{"start":{"line":12,"column":25},"end":{"line":12,"column":99}},"5":{"start":{"line":14,"column":23},"end":{"line":14,"column":95}},"6":{"start":{"line":16,"column":20},"end":{"line":16,"column":89}},"7":{"start":{"line":18,"column":10},"end":{"line":18,"column":47}},"8":{"start":{"line":20,"column":16},"end":{"line":20,"column":61}},"9":{"start":{"line":27,"column":0},"end":{"line":141,"column":3}},"10":{"start":{"line":29,"column":4},"end":{"line":29,"column":55}},"11":{"start":{"line":32,"column":2},"end":{"line":139,"column":6}},"12":{"start":{"line":35,"column":24},"end":{"line":76,"column":9}},"13":{"start":{"line":39,"column":8},"end":{"line":75,"column":45}},"14":{"start":{"line":40,"column":10},"end":{"line":74,"column":11}},"15":{"start":{"line":41,"column":12},"end":{"line":73,"column":13}},"16":{"start":{"line":43,"column":16},"end":{"line":43,"column":53}},"17":{"start":{"line":44,"column":16},"end":{"line":44,"column":43}},"18":{"start":{"line":45,"column":16},"end":{"line":47,"column":19}},"19":{"start":{"line":48,"column":16},"end":{"line":48,"column":170}},"20":{"start":{"line":49,"column":16},"end":{"line":49,"column":30}},"21":{"start":{"line":50,"column":16},"end":{"line":50,"column":167}},"22":{"start":{"line":51,"column":16},"end":{"line":51,"column":34}},"23":{"start":{"line":52,"column":16},"end":{"line":52,"column":34}},"24":{"start":{"line":53,"column":16},"end":{"line":53,"column":49}},"25":{"start":{"line":56,"column":16},"end":{"line":56,"column":40}},"26":{"start":{"line":57,"column":16},"end":{"line":57,"column":43}},"27":{"start":{"line":58,"column":16},"end":{"line":58,"column":35}},"28":{"start":{"line":59,"column":16},"end":{"line":59,"column":22}},"29":{"start":{"line":62,"column":16},"end":{"line":62,"column":35}},"30":{"start":{"line":63,"column":16},"end":{"line":63,"column":51}},"31":{"start":{"line":64,"column":16},"end":{"line":64,"column":47}},"32":{"start":{"line":67,"column":16},"end":{"line":67,"column":35}},"33":{"start":{"line":68,"column":16},"end":{"line":68,"column":59}},"34":{"start":{"line":72,"column":16},"end":{"line":72,"column":39}},"35":{"start":{"line":79,"column":8},"end":{"line":79,"column":50}},"36":{"start":{"line":82,"column":6},"end":{"line":82,"column":24}},"37":{"start":{"line":87,"column":20},"end":{"line":131,"column":9}},"38":{"start":{"line":91,"column":8},"end":{"line":130,"column":46}},"39":{"start":{"line":92,"column":10},"end":{"line":129,"column":11}},"40":{"start":{"line":93,"column":12},"end":{"line":128,"column":13}},"41":{"start":{"line":95,"column":16},"end":{"line":95,"column":67}},"42":{"start":{"line":96,"column":16},"end":{"line":96,"column":30}},"43":{"start":{"line":97,"column":16},"end":{"line":97,"column":35}},"44":{"start":{"line":98,"column":16},"end":{"line":98,"column":54}},"45":{"start":{"line":101,"column":16},"end":{"line":101,"column":40}},"46":{"start":{"line":102,"column":16},"end":{"line":102,"column":35}},"47":{"start":{"line":103,"column":16},"end":{"line":103,"column":35}},"48":{"start":{"line":104,"column":16},"end":{"line":104,"column":70}},"49":{"start":{"line":107,"column":16},"end":{"line":107,"column":41}},"50":{"start":{"line":108,"column":16},"end":{"line":108,"column":43}},"51":{"start":{"line":109,"column":16},"end":{"line":109,"column":36}},"52":{"start":{"line":110,"column":16},"end":{"line":110,"column":22}},"53":{"start":{"line":113,"column":16},"end":{"line":113,"column":36}},"54":{"start":{"line":114,"column":16},"end":{"line":114,"column":53}},"55":{"start":{"line":115,"column":16},"end":{"line":115,"column":48}},"56":{"start":{"line":118,"column":16},"end":{"line":118,"column":36}},"57":{"start":{"line":119,"column":16},"end":{"line":119,"column":36}},"58":{"start":{"line":120,"column":16},"end":{"line":120,"column":40}},"59":{"start":{"line":123,"column":16},"end":{"line":123,"column":60}},"60":{"start":{"line":127,"column":16},"end":{"line":127,"column":40}},"61":{"start":{"line":134,"column":8},"end":{"line":134,"column":46}},"62":{"start":{"line":137,"column":6},"end":{"line":137,"column":20}},"63":{"start":{"line":140,"column":2},"end":{"line":140,"column":20}},"64":{"start":{"line":143,"column":0},"end":{"line":143,"column":32}}},"fnMap":{"0":{"name":"(anonymous_0)","decl":{"start":{"line":27,"column":0},"end":{"line":27,"column":1}},"loc":{"start":{"line":27,"column":12},"end":{"line":141,"column":1}},"line":27},"1":{"name":"UsersModel","decl":{"start":{"line":28,"column":11},"end":{"line":28,"column":21}},"loc":{"start":{"line":28,"column":24},"end":{"line":30,"column":3}},"line":28},"2":{"name":"(anonymous_2)","decl":{"start":{"line":34,"column":11},"end":{"line":34,"column":12}},"loc":{"start":{"line":34,"column":23},"end":{"line":83,"column":5}},"line":34},"3":{"name":"_callee","decl":{"start":{"line":37,"column":44},"end":{"line":37,"column":51}},"loc":{"start":{"line":37,"column":64},"end":{"line":76,"column":7}},"line":37},"4":{"name":"_callee$","decl":{"start":{"line":39,"column":53},"end":{"line":39,"column":61}},"loc":{"start":{"line":39,"column":72},"end":{"line":75,"column":9}},"line":39},"5":{"name":"createUser","decl":{"start":{"line":78,"column":15},"end":{"line":78,"column":25}},"loc":{"start":{"line":78,"column":30},"end":{"line":80,"column":7}},"line":78},"6":{"name":"(anonymous_6)","decl":{"start":{"line":86,"column":11},"end":{"line":86,"column":12}},"loc":{"start":{"line":86,"column":23},"end":{"line":138,"column":5}},"line":86},"7":{"name":"_callee2","decl":{"start":{"line":89,"column":44},"end":{"line":89,"column":52}},"loc":{"start":{"line":89,"column":59},"end":{"line":131,"column":7}},"line":89},"8":{"name":"_callee2$","decl":{"start":{"line":91,"column":53},"end":{"line":91,"column":62}},"loc":{"start":{"line":91,"column":74},"end":{"line":130,"column":9}},"line":91},"9":{"name":"signIn","decl":{"start":{"line":133,"column":15},"end":{"line":133,"column":21}},"loc":{"start":{"line":133,"column":27},"end":{"line":135,"column":7}},"line":133}},"branchMap":{"0":{"loc":{"start":{"line":41,"column":12},"end":{"line":73,"column":13}},"type":"switch","locations":[{"start":{"line":42,"column":14},"end":{"line":53,"column":49}},{"start":{"line":55,"column":14},"end":{"line":59,"column":22}},{"start":{"line":61,"column":14},"end":{"line":64,"column":47}},{"start":{"line":66,"column":14},"end":{"line":68,"column":59}},{"start":{"line":70,"column":14},"end":{"line":70,"column":22}},{"start":{"line":71,"column":14},"end":{"line":72,"column":39}}],"line":41},"1":{"loc":{"start":{"line":93,"column":12},"end":{"line":128,"column":13}},"type":"switch","locations":[{"start":{"line":94,"column":14},"end":{"line":98,"column":54}},{"start":{"line":100,"column":14},"end":{"line":104,"column":70}},{"start":{"line":106,"column":14},"end":{"line":110,"column":22}},{"start":{"line":112,"column":14},"end":{"line":115,"column":48}},{"start":{"line":117,"column":14},"end":{"line":120,"column":40}},{"start":{"line":122,"column":14},"end":{"line":123,"column":60}},{"start":{"line":125,"column":14},"end":{"line":125,"column":22}},{"start":{"line":126,"column":14},"end":{"line":127,"column":40}}],"line":93}},"s":{"0":1,"1":1,"2":1,"3":1,"4":1,"5":1,"6":1,"7":1,"8":1,"9":1,"10":1,"11":1,"12":1,"13":1,"14":3,"15":3,"16":1,"17":1,"18":1,"19":1,"20":1,"21":1,"22":1,"23":1,"24":1,"25":0,"26":0,"27":0,"28":0,"29":1,"30":1,"31":1,"32":1,"33":1,"34":1,"35":1,"36":1,"37":1,"38":0,"39":0,"40":0,"41":0,"42":0,"43":0,"44":0,"45":0,"46":0,"47":0,"48":0,"49":0,"50":0,"51":0,"52":0,"53":0,"54":0,"55":0,"56":0,"57":0,"58":0,"59":0,"60":0,"61":0,"62":1,"63":1,"64":1},"f":{"0":1,"1":1,"2":1,"3":1,"4":3,"5":1,"6":1,"7":0,"8":0,"9":0},"b":{"0":[1,0,1,1,0,1],"1":[0,0,0,0,0,0,0,0]},"_coverageSchema":"43e27e138ebf9cfc5966b082cf9a028302ed4184","hash":"f776be4e93bdc307c4d35ff44a7bf8ddd3a81dbf","contentHash":"f59677f22875e3695b19a9b3ef64b042af0785adf63746c5f2b44a102339d700"},"/home/airy/Desktop/banka/build/models/pgConfig.js":{"path":"/home/airy/Desktop/banka/build/models/pgConfig.js","statementMap":{"0":{"start":{"line":3,"column":29},"end":{"line":3,"column":84}},"1":{"start":{"line":5,"column":0},"end":{"line":7,"column":3}},"2":{"start":{"line":8,"column":0},"end":{"line":8,"column":28}},"3":{"start":{"line":10,"column":10},"end":{"line":10,"column":47}},"4":{"start":{"line":12,"column":23},"end":{"line":12,"column":40}},"5":{"start":{"line":13,"column":11},"end":{"line":13,"column":30}},"6":{"start":{"line":14,"column":11},"end":{"line":16,"column":2}},"7":{"start":{"line":17,"column":15},"end":{"line":17,"column":19}},"8":{"start":{"line":18,"column":0},"end":{"line":18,"column":30}}},"fnMap":{},"branchMap":{},"s":{"0":1,"1":1,"2":1,"3":1,"4":1,"5":1,"6":1,"7":1,"8":1},"f":{},"b":{},"_coverageSchema":"43e27e138ebf9cfc5966b082cf9a028302ed4184","hash":"8d138f17e50ae9d9fc6bfbabc7569636c08ebdfc","contentHash":"f152ac69267342cd69034fd372eb738835be567a45ee11d7443f305b8e1ee187"},"/home/airy/Desktop/banka/build/middlewares/authValidator.js":{"path":"/home/airy/Desktop/banka/build/middlewares/authValidator.js","statementMap":{"0":{"start":{"line":3,"column":29},"end":{"line":3,"column":84}},"1":{"start":{"line":5,"column":0},"end":{"line":7,"column":3}},"2":{"start":{"line":8,"column":0},"end":{"line":8,"column":28}},"3":{"start":{"line":10,"column":19},"end":{"line":10,"column":80}},"4":{"start":{"line":12,"column":25},"end":{"line":12,"column":99}},"5":{"start":{"line":14,"column":23},"end":{"line":14,"column":95}},"6":{"start":{"line":16,"column":20},"end":{"line":16,"column":89}},"7":{"start":{"line":18,"column":11},"end":{"line":18,"column":49}},"8":{"start":{"line":20,"column":14},"end":{"line":20,"column":55}},"9":{"start":{"line":22,"column":20},"end":{"line":22,"column":67}},"10":{"start":{"line":27,"column":0},"end":{"line":166,"column":3}},"11":{"start":{"line":29,"column":4},"end":{"line":29,"column":58}},"12":{"start":{"line":32,"column":2},"end":{"line":164,"column":6}},"13":{"start":{"line":35,"column":17},"end":{"line":42,"column":7}},"14":{"start":{"line":44,"column":19},"end":{"line":50,"column":8}},"15":{"start":{"line":52,"column":26},"end":{"line":54,"column":8}},"16":{"start":{"line":55,"column":18},"end":{"line":55,"column":37}},"17":{"start":{"line":57,"column":6},"end":{"line":69,"column":7}},"18":{"start":{"line":58,"column":27},"end":{"line":58,"column":40}},"19":{"start":{"line":59,"column":28},"end":{"line":59,"column":30}},"20":{"start":{"line":61,"column":8},"end":{"line":63,"column":9}},"21":{"start":{"line":62,"column":10},"end":{"line":62,"column":72}},"22":{"start":{"line":65,"column":8},"end":{"line":68,"column":11}},"23":{"start":{"line":71,"column":6},"end":{"line":71,"column":13}},"24":{"start":{"line":76,"column":22},"end":{"line":76,"column":30}},"25":{"start":{"line":77,"column":18},"end":{"line":77,"column":33}},"26":{"start":{"line":78,"column":21},"end":{"line":78,"column":39}},"27":{"start":{"line":80,"column":19},"end":{"line":83,"column":8}},"28":{"start":{"line":85,"column":27},"end":{"line":88,"column":16}},"29":{"start":{"line":89,"column":18},"end":{"line":89,"column":38}},"30":{"start":{"line":91,"column":6},"end":{"line":103,"column":7}},"31":{"start":{"line":92,"column":27},"end":{"line":92,"column":40}},"32":{"start":{"line":93,"column":28},"end":{"line":93,"column":30}},"33":{"start":{"line":95,"column":8},"end":{"line":97,"column":9}},"34":{"start":{"line":96,"column":10},"end":{"line":96,"column":72}},"35":{"start":{"line":99,"column":8},"end":{"line":102,"column":11}},"36":{"start":{"line":105,"column":6},"end":{"line":105,"column":13}},"37":{"start":{"line":110,"column":30},"end":{"line":156,"column":9}},"38":{"start":{"line":114,"column":8},"end":{"line":155,"column":37}},"39":{"start":{"line":115,"column":10},"end":{"line":154,"column":11}},"40":{"start":{"line":116,"column":12},"end":{"line":153,"column":13}},"41":{"start":{"line":118,"column":16},"end":{"line":118,"column":58}},"42":{"start":{"line":120,"column":16},"end":{"line":123,"column":17}},"43":{"start":{"line":121,"column":18},"end":{"line":121,"column":36}},"44":{"start":{"line":122,"column":18},"end":{"line":122,"column":24}},"45":{"start":{"line":125,"column":16},"end":{"line":128,"column":20}},"46":{"start":{"line":131,"column":16},"end":{"line":131,"column":49}},"47":{"start":{"line":132,"column":16},"end":{"line":132,"column":34}},"48":{"start":{"line":133,"column":16},"end":{"line":133,"column":34}},"49":{"start":{"line":134,"column":16},"end":{"line":134,"column":101}},"50":{"start":{"line":137,"column":16},"end":{"line":137,"column":42}},"51":{"start":{"line":138,"column":16},"end":{"line":138,"column":23}},"52":{"start":{"line":139,"column":16},"end":{"line":139,"column":35}},"53":{"start":{"line":140,"column":16},"end":{"line":140,"column":22}},"54":{"start":{"line":143,"column":16},"end":{"line":143,"column":35}},"55":{"start":{"line":144,"column":16},"end":{"line":144,"column":51}},"56":{"start":{"line":145,"column":16},"end":{"line":148,"column":19}},"57":{"start":{"line":152,"column":16},"end":{"line":152,"column":39}},"58":{"start":{"line":159,"column":8},"end":{"line":159,"column":56}},"59":{"start":{"line":162,"column":6},"end":{"line":162,"column":30}},"60":{"start":{"line":165,"column":2},"end":{"line":165,"column":23}},"61":{"start":{"line":168,"column":0},"end":{"line":168,"column":35}}},"fnMap":{"0":{"name":"(anonymous_0)","decl":{"start":{"line":27,"column":0},"end":{"line":27,"column":1}},"loc":{"start":{"line":27,"column":12},"end":{"line":166,"column":1}},"line":27},"1":{"name":"AuthValidator","decl":{"start":{"line":28,"column":11},"end":{"line":28,"column":24}},"loc":{"start":{"line":28,"column":27},"end":{"line":30,"column":3}},"line":28},"2":{"name":"validateUserInput","decl":{"start":{"line":34,"column":20},"end":{"line":34,"column":37}},"loc":{"start":{"line":34,"column":54},"end":{"line":72,"column":5}},"line":34},"3":{"name":"validateSignIn","decl":{"start":{"line":75,"column":20},"end":{"line":75,"column":34}},"loc":{"start":{"line":75,"column":51},"end":{"line":106,"column":5}},"line":75},"4":{"name":"(anonymous_4)","decl":{"start":{"line":109,"column":11},"end":{"line":109,"column":12}},"loc":{"start":{"line":109,"column":23},"end":{"line":163,"column":5}},"line":109},"5":{"name":"_callee","decl":{"start":{"line":112,"column":44},"end":{"line":112,"column":51}},"loc":{"start":{"line":112,"column":68},"end":{"line":156,"column":7}},"line":112},"6":{"name":"_callee$","decl":{"start":{"line":114,"column":53},"end":{"line":114,"column":61}},"loc":{"start":{"line":114,"column":72},"end":{"line":155,"column":9}},"line":114},"7":{"name":"authenticateUser","decl":{"start":{"line":158,"column":15},"end":{"line":158,"column":31}},"loc":{"start":{"line":158,"column":46},"end":{"line":160,"column":7}},"line":158}},"branchMap":{"0":{"loc":{"start":{"line":57,"column":6},"end":{"line":69,"column":7}},"type":"if","locations":[{"start":{"line":57,"column":6},"end":{"line":69,"column":7}},{"start":{"line":57,"column":6},"end":{"line":69,"column":7}}],"line":57},"1":{"loc":{"start":{"line":91,"column":6},"end":{"line":103,"column":7}},"type":"if","locations":[{"start":{"line":91,"column":6},"end":{"line":103,"column":7}},{"start":{"line":91,"column":6},"end":{"line":103,"column":7}}],"line":91},"2":{"loc":{"start":{"line":116,"column":12},"end":{"line":153,"column":13}},"type":"switch","locations":[{"start":{"line":117,"column":14},"end":{"line":128,"column":20}},{"start":{"line":130,"column":14},"end":{"line":134,"column":101}},{"start":{"line":136,"column":14},"end":{"line":140,"column":22}},{"start":{"line":142,"column":14},"end":{"line":148,"column":19}},{"start":{"line":150,"column":14},"end":{"line":150,"column":22}},{"start":{"line":151,"column":14},"end":{"line":152,"column":39}}],"line":116},"3":{"loc":{"start":{"line":120,"column":16},"end":{"line":123,"column":17}},"type":"if","locations":[{"start":{"line":120,"column":16},"end":{"line":123,"column":17}},{"start":{"line":120,"column":16},"end":{"line":123,"column":17}}],"line":120}},"s":{"0":1,"1":1,"2":1,"3":1,"4":1,"5":1,"6":1,"7":1,"8":1,"9":1,"10":1,"11":3,"12":1,"13":1,"14":1,"15":1,"16":1,"17":1,"18":0,"19":0,"20":0,"21":0,"22":0,"23":1,"24":0,"25":0,"26":0,"27":0,"28":0,"29":0,"30":0,"31":0,"32":0,"33":0,"34":0,"35":0,"36":0,"37":1,"38":0,"39":0,"40":0,"41":0,"42":0,"43":0,"44":0,"45":0,"46":0,"47":0,"48":0,"49":0,"50":0,"51":0,"52":0,"53":0,"54":0,"55":0,"56":0,"57":0,"58":0,"59":1,"60":1,"61":1},"f":{"0":1,"1":3,"2":1,"3":0,"4":1,"5":0,"6":0,"7":0},"b":{"0":[0,1],"1":[0,0],"2":[0,0,0,0,0,0],"3":[0,0]},"_coverageSchema":"43e27e138ebf9cfc5966b082cf9a028302ed4184","hash":"4148f896a975c5abf690d3e43a53021aa4b4e768","contentHash":"6b35470a88f83e9c7c58905789507d7d384dad99076850d8736c2aa1bd748d06"},"/home/airy/Desktop/banka/build/routes/accountsRouter.js":{"path":"/home/airy/Desktop/banka/build/routes/accountsRouter.js","statementMap":{"0":{"start":{"line":3,"column":29},"end":{"line":3,"column":84}},"1":{"start":{"line":5,"column":0},"end":{"line":7,"column":3}},"2":{"start":{"line":8,"column":0},"end":{"line":8,"column":28}},"3":{"start":{"line":10,"column":15},"end":{"line":10,"column":57}},"4":{"start":{"line":12,"column":26},"end":{"line":12,"column":94}},"5":{"start":{"line":14,"column":25},"end":{"line":14,"column":92}},"6":{"start":{"line":16,"column":21},"end":{"line":16,"column":84}},"7":{"start":{"line":18,"column":11},"end":{"line":18,"column":42}},"8":{"start":{"line":19,"column":23},"end":{"line":19,"column":58}},"9":{"start":{"line":20,"column":24},"end":{"line":20,"column":60}},"10":{"start":{"line":22,"column":13},"end":{"line":24,"column":2}},"11":{"start":{"line":26,"column":0},"end":{"line":26,"column":73}},"12":{"start":{"line":27,"column":0},"end":{"line":27,"column":117}},"13":{"start":{"line":28,"column":0},"end":{"line":28,"column":106}},"14":{"start":{"line":29,"column":0},"end":{"line":29,"column":98}},"15":{"start":{"line":30,"column":0},"end":{"line":30,"column":90}},"16":{"start":{"line":31,"column":0},"end":{"line":31,"column":86}},"17":{"start":{"line":32,"column":15},"end":{"line":32,"column":21}},"18":{"start":{"line":33,"column":0},"end":{"line":33,"column":30}}},"fnMap":{},"branchMap":{},"s":{"0":1,"1":1,"2":1,"3":1,"4":1,"5":1,"6":1,"7":1,"8":1,"9":1,"10":1,"11":1,"12":1,"13":1,"14":1,"15":1,"16":1,"17":1,"18":1},"f":{},"b":{},"_coverageSchema":"43e27e138ebf9cfc5966b082cf9a028302ed4184","hash":"ed935f4f44440a1de6ce1ac41e944090b3e22be5","contentHash":"e1ba40c429d3b2b3225dac150fa8872e38f07dd6ea11b2ff4373b6832cc9b983"},"/home/airy/Desktop/banka/build/controllers/accountsController.js":{"path":"/home/airy/Desktop/banka/build/controllers/accountsController.js","statementMap":{"0":{"start":{"line":3,"column":29},"end":{"line":3,"column":84}},"1":{"start":{"line":5,"column":0},"end":{"line":7,"column":3}},"2":{"start":{"line":8,"column":0},"end":{"line":8,"column":28}},"3":{"start":{"line":10,"column":19},"end":{"line":10,"column":80}},"4":{"start":{"line":12,"column":25},"end":{"line":12,"column":99}},"5":{"start":{"line":14,"column":23},"end":{"line":14,"column":95}},"6":{"start":{"line":16,"column":20},"end":{"line":16,"column":89}},"7":{"start":{"line":18,"column":21},"end":{"line":18,"column":79}},"8":{"start":{"line":21,"column":20},"end":{"line":21,"column":51}},"9":{"start":{"line":25,"column":0},"end":{"line":317,"column":3}},"10":{"start":{"line":27,"column":4},"end":{"line":27,"column":63}},"11":{"start":{"line":30,"column":2},"end":{"line":315,"column":6}},"12":{"start":{"line":33,"column":28},"end":{"line":68,"column":9}},"13":{"start":{"line":37,"column":8},"end":{"line":67,"column":20}},"14":{"start":{"line":38,"column":10},"end":{"line":66,"column":11}},"15":{"start":{"line":39,"column":12},"end":{"line":65,"column":13}},"16":{"start":{"line":41,"column":16},"end":{"line":41,"column":42}},"17":{"start":{"line":42,"column":16},"end":{"line":42,"column":34}},"18":{"start":{"line":43,"column":16},"end":{"line":43,"column":61}},"19":{"start":{"line":46,"column":16},"end":{"line":46,"column":40}},"20":{"start":{"line":48,"column":16},"end":{"line":60,"column":17}},"21":{"start":{"line":49,"column":18},"end":{"line":59,"column":19}},"22":{"start":{"line":50,"column":20},"end":{"line":53,"column":23}},"23":{"start":{"line":55,"column":20},"end":{"line":58,"column":23}},"24":{"start":{"line":64,"column":16},"end":{"line":64,"column":39}},"25":{"start":{"line":71,"column":8},"end":{"line":71,"column":54}},"26":{"start":{"line":74,"column":6},"end":{"line":74,"column":28}},"27":{"start":{"line":79,"column":38},"end":{"line":116,"column":9}},"28":{"start":{"line":83,"column":8},"end":{"line":115,"column":21}},"29":{"start":{"line":84,"column":10},"end":{"line":114,"column":11}},"30":{"start":{"line":85,"column":12},"end":{"line":113,"column":13}},"31":{"start":{"line":87,"column":16},"end":{"line":87,"column":57}},"32":{"start":{"line":88,"column":16},"end":{"line":88,"column":35}},"33":{"start":{"line":89,"column":16},"end":{"line":91,"column":19}},"34":{"start":{"line":94,"column":16},"end":{"line":94,"column":41}},"35":{"start":{"line":96,"column":16},"end":{"line":108,"column":17}},"36":{"start":{"line":97,"column":18},"end":{"line":107,"column":19}},"37":{"start":{"line":98,"column":20},"end":{"line":101,"column":23}},"38":{"start":{"line":103,"column":20},"end":{"line":106,"column":23}},"39":{"start":{"line":112,"column":16},"end":{"line":112,"column":40}},"40":{"start":{"line":119,"column":8},"end":{"line":119,"column":64}},"41":{"start":{"line":122,"column":6},"end":{"line":122,"column":38}},"42":{"start":{"line":127,"column":31},"end":{"line":167,"column":9}},"43":{"start":{"line":132,"column":8},"end":{"line":166,"column":21}},"44":{"start":{"line":133,"column":10},"end":{"line":165,"column":11}},"45":{"start":{"line":134,"column":12},"end":{"line":164,"column":13}},"46":{"start":{"line":136,"column":16},"end":{"line":136,"column":155}},"47":{"start":{"line":137,"column":16},"end":{"line":142,"column":18}},"48":{"start":{"line":143,"column":16},"end":{"line":143,"column":35}},"49":{"start":{"line":144,"column":16},"end":{"line":144,"column":65}},"50":{"start":{"line":147,"column":16},"end":{"line":147,"column":41}},"51":{"start":{"line":149,"column":16},"end":{"line":159,"column":17}},"52":{"start":{"line":150,"column":18},"end":{"line":153,"column":21}},"53":{"start":{"line":154,"column":23},"end":{"line":159,"column":17}},"54":{"start":{"line":155,"column":18},"end":{"line":158,"column":21}},"55":{"start":{"line":163,"column":16},"end":{"line":163,"column":40}},"56":{"start":{"line":170,"column":8},"end":{"line":170,"column":57}},"57":{"start":{"line":173,"column":6},"end":{"line":173,"column":31}},"58":{"start":{"line":178,"column":39},"end":{"line":215,"column":9}},"59":{"start":{"line":182,"column":8},"end":{"line":214,"column":21}},"60":{"start":{"line":183,"column":10},"end":{"line":213,"column":11}},"61":{"start":{"line":184,"column":12},"end":{"line":212,"column":13}},"62":{"start":{"line":186,"column":16},"end":{"line":186,"column":57}},"63":{"start":{"line":187,"column":16},"end":{"line":187,"column":41}},"64":{"start":{"line":188,"column":16},"end":{"line":188,"column":35}},"65":{"start":{"line":189,"column":16},"end":{"line":192,"column":19}},"66":{"start":{"line":195,"column":16},"end":{"line":195,"column":41}},"67":{"start":{"line":197,"column":16},"end":{"line":207,"column":17}},"68":{"start":{"line":198,"column":18},"end":{"line":201,"column":21}},"69":{"start":{"line":202,"column":23},"end":{"line":207,"column":17}},"70":{"start":{"line":203,"column":18},"end":{"line":206,"column":21}},"71":{"start":{"line":211,"column":16},"end":{"line":211,"column":40}},"72":{"start":{"line":218,"column":8},"end":{"line":218,"column":65}},"73":{"start":{"line":221,"column":6},"end":{"line":221,"column":39}},"74":{"start":{"line":226,"column":27},"end":{"line":261,"column":9}},"75":{"start":{"line":230,"column":8},"end":{"line":260,"column":21}},"76":{"start":{"line":231,"column":10},"end":{"line":259,"column":11}},"77":{"start":{"line":232,"column":12},"end":{"line":258,"column":13}},"78":{"start":{"line":234,"column":16},"end":{"line":234,"column":57}},"79":{"start":{"line":235,"column":16},"end":{"line":235,"column":35}},"80":{"start":{"line":236,"column":16},"end":{"line":238,"column":19}},"81":{"start":{"line":241,"column":16},"end":{"line":241,"column":41}},"82":{"start":{"line":243,"column":16},"end":{"line":253,"column":17}},"83":{"start":{"line":244,"column":18},"end":{"line":247,"column":21}},"84":{"start":{"line":248,"column":23},"end":{"line":253,"column":17}},"85":{"start":{"line":249,"column":18},"end":{"line":252,"column":21}},"86":{"start":{"line":257,"column":16},"end":{"line":257,"column":40}},"87":{"start":{"line":264,"column":8},"end":{"line":264,"column":53}},"88":{"start":{"line":267,"column":6},"end":{"line":267,"column":27}},"89":{"start":{"line":272,"column":31},"end":{"line":307,"column":9}},"90":{"start":{"line":276,"column":8},"end":{"line":306,"column":21}},"91":{"start":{"line":277,"column":10},"end":{"line":305,"column":11}},"92":{"start":{"line":278,"column":12},"end":{"line":304,"column":13}},"93":{"start":{"line":280,"column":16},"end":{"line":280,"column":57}},"94":{"start":{"line":281,"column":16},"end":{"line":281,"column":35}},"95":{"start":{"line":282,"column":16},"end":{"line":284,"column":19}},"96":{"start":{"line":287,"column":16},"end":{"line":287,"column":41}},"97":{"start":{"line":289,"column":16},"end":{"line":299,"column":17}},"98":{"start":{"line":290,"column":18},"end":{"line":293,"column":21}},"99":{"start":{"line":294,"column":23},"end":{"line":299,"column":17}},"100":{"start":{"line":295,"column":18},"end":{"line":298,"column":21}},"101":{"start":{"line":303,"column":16},"end":{"line":303,"column":40}},"102":{"start":{"line":310,"column":8},"end":{"line":310,"column":57}},"103":{"start":{"line":313,"column":6},"end":{"line":313,"column":31}},"104":{"start":{"line":316,"column":2},"end":{"line":316,"column":28}},"105":{"start":{"line":319,"column":0},"end":{"line":319,"column":40}}},"fnMap":{"0":{"name":"(anonymous_0)","decl":{"start":{"line":25,"column":0},"end":{"line":25,"column":1}},"loc":{"start":{"line":25,"column":12},"end":{"line":317,"column":1}},"line":25},"1":{"name":"AccountsController","decl":{"start":{"line":26,"column":11},"end":{"line":26,"column":29}},"loc":{"start":{"line":26,"column":32},"end":{"line":28,"column":3}},"line":26},"2":{"name":"(anonymous_2)","decl":{"start":{"line":32,"column":11},"end":{"line":32,"column":12}},"loc":{"start":{"line":32,"column":23},"end":{"line":75,"column":5}},"line":32},"3":{"name":"_callee","decl":{"start":{"line":35,"column":44},"end":{"line":35,"column":51}},"loc":{"start":{"line":35,"column":62},"end":{"line":68,"column":7}},"line":35},"4":{"name":"_callee$","decl":{"start":{"line":37,"column":53},"end":{"line":37,"column":61}},"loc":{"start":{"line":37,"column":72},"end":{"line":67,"column":9}},"line":37},"5":{"name":"getAllAccounts","decl":{"start":{"line":70,"column":15},"end":{"line":70,"column":29}},"loc":{"start":{"line":70,"column":39},"end":{"line":72,"column":7}},"line":70},"6":{"name":"(anonymous_6)","decl":{"start":{"line":78,"column":11},"end":{"line":78,"column":12}},"loc":{"start":{"line":78,"column":23},"end":{"line":123,"column":5}},"line":78},"7":{"name":"_callee2","decl":{"start":{"line":81,"column":44},"end":{"line":81,"column":52}},"loc":{"start":{"line":81,"column":63},"end":{"line":116,"column":7}},"line":81},"8":{"name":"_callee2$","decl":{"start":{"line":83,"column":53},"end":{"line":83,"column":62}},"loc":{"start":{"line":83,"column":74},"end":{"line":115,"column":9}},"line":83},"9":{"name":"getAllTransactionsByUser","decl":{"start":{"line":118,"column":15},"end":{"line":118,"column":39}},"loc":{"start":{"line":118,"column":50},"end":{"line":120,"column":7}},"line":118},"10":{"name":"(anonymous_10)","decl":{"start":{"line":126,"column":11},"end":{"line":126,"column":12}},"loc":{"start":{"line":126,"column":23},"end":{"line":174,"column":5}},"line":126},"11":{"name":"_callee3","decl":{"start":{"line":129,"column":44},"end":{"line":129,"column":52}},"loc":{"start":{"line":129,"column":63},"end":{"line":167,"column":7}},"line":129},"12":{"name":"_callee3$","decl":{"start":{"line":132,"column":53},"end":{"line":132,"column":62}},"loc":{"start":{"line":132,"column":74},"end":{"line":166,"column":9}},"line":132},"13":{"name":"createBankAccount","decl":{"start":{"line":169,"column":15},"end":{"line":169,"column":32}},"loc":{"start":{"line":169,"column":43},"end":{"line":171,"column":7}},"line":169},"14":{"name":"(anonymous_14)","decl":{"start":{"line":177,"column":11},"end":{"line":177,"column":12}},"loc":{"start":{"line":177,"column":23},"end":{"line":222,"column":5}},"line":177},"15":{"name":"_callee4","decl":{"start":{"line":180,"column":44},"end":{"line":180,"column":52}},"loc":{"start":{"line":180,"column":63},"end":{"line":215,"column":7}},"line":180},"16":{"name":"_callee4$","decl":{"start":{"line":182,"column":53},"end":{"line":182,"column":62}},"loc":{"start":{"line":182,"column":74},"end":{"line":214,"column":9}},"line":182},"17":{"name":"activateDeactivateAccount","decl":{"start":{"line":217,"column":15},"end":{"line":217,"column":40}},"loc":{"start":{"line":217,"column":51},"end":{"line":219,"column":7}},"line":217},"18":{"name":"(anonymous_18)","decl":{"start":{"line":225,"column":11},"end":{"line":225,"column":12}},"loc":{"start":{"line":225,"column":23},"end":{"line":268,"column":5}},"line":225},"19":{"name":"_callee5","decl":{"start":{"line":228,"column":44},"end":{"line":228,"column":52}},"loc":{"start":{"line":228,"column":63},"end":{"line":261,"column":7}},"line":228},"20":{"name":"_callee5$","decl":{"start":{"line":230,"column":53},"end":{"line":230,"column":62}},"loc":{"start":{"line":230,"column":74},"end":{"line":260,"column":9}},"line":230},"21":{"name":"deleteAccount","decl":{"start":{"line":263,"column":15},"end":{"line":263,"column":28}},"loc":{"start":{"line":263,"column":40},"end":{"line":265,"column":7}},"line":263},"22":{"name":"(anonymous_22)","decl":{"start":{"line":271,"column":11},"end":{"line":271,"column":12}},"loc":{"start":{"line":271,"column":23},"end":{"line":314,"column":5}},"line":271},"23":{"name":"_callee6","decl":{"start":{"line":274,"column":44},"end":{"line":274,"column":52}},"loc":{"start":{"line":274,"column":63},"end":{"line":307,"column":7}},"line":274},"24":{"name":"_callee6$","decl":{"start":{"line":276,"column":53},"end":{"line":276,"column":62}},"loc":{"start":{"line":276,"column":74},"end":{"line":306,"column":9}},"line":276},"25":{"name":"getAccountDetails","decl":{"start":{"line":309,"column":15},"end":{"line":309,"column":32}},"loc":{"start":{"line":309,"column":45},"end":{"line":311,"column":7}},"line":309}},"branchMap":{"0":{"loc":{"start":{"line":39,"column":12},"end":{"line":65,"column":13}},"type":"switch","locations":[{"start":{"line":40,"column":14},"end":{"line":43,"column":61}},{"start":{"line":45,"column":14},"end":{"line":60,"column":17}},{"start":{"line":62,"column":14},"end":{"line":62,"column":21}},{"start":{"line":63,"column":14},"end":{"line":64,"column":39}}],"line":39},"1":{"loc":{"start":{"line":48,"column":16},"end":{"line":60,"column":17}},"type":"if","locations":[{"start":{"line":48,"column":16},"end":{"line":60,"column":17}},{"start":{"line":48,"column":16},"end":{"line":60,"column":17}}],"line":48},"2":{"loc":{"start":{"line":49,"column":18},"end":{"line":59,"column":19}},"type":"if","locations":[{"start":{"line":49,"column":18},"end":{"line":59,"column":19}},{"start":{"line":49,"column":18},"end":{"line":59,"column":19}}],"line":49},"3":{"loc":{"start":{"line":85,"column":12},"end":{"line":113,"column":13}},"type":"switch","locations":[{"start":{"line":86,"column":14},"end":{"line":91,"column":19}},{"start":{"line":93,"column":14},"end":{"line":108,"column":17}},{"start":{"line":110,"column":14},"end":{"line":110,"column":21}},{"start":{"line":111,"column":14},"end":{"line":112,"column":40}}],"line":85},"4":{"loc":{"start":{"line":96,"column":16},"end":{"line":108,"column":17}},"type":"if","locations":[{"start":{"line":96,"column":16},"end":{"line":108,"column":17}},{"start":{"line":96,"column":16},"end":{"line":108,"column":17}}],"line":96},"5":{"loc":{"start":{"line":97,"column":18},"end":{"line":107,"column":19}},"type":"if","locations":[{"start":{"line":97,"column":18},"end":{"line":107,"column":19}},{"start":{"line":97,"column":18},"end":{"line":107,"column":19}}],"line":97},"6":{"loc":{"start":{"line":134,"column":12},"end":{"line":164,"column":13}},"type":"switch","locations":[{"start":{"line":135,"column":14},"end":{"line":144,"column":65}},{"start":{"line":146,"column":14},"end":{"line":159,"column":17}},{"start":{"line":161,"column":14},"end":{"line":161,"column":21}},{"start":{"line":162,"column":14},"end":{"line":163,"column":40}}],"line":134},"7":{"loc":{"start":{"line":149,"column":16},"end":{"line":159,"column":17}},"type":"if","locations":[{"start":{"line":149,"column":16},"end":{"line":159,"column":17}},{"start":{"line":149,"column":16},"end":{"line":159,"column":17}}],"line":149},"8":{"loc":{"start":{"line":154,"column":23},"end":{"line":159,"column":17}},"type":"if","locations":[{"start":{"line":154,"column":23},"end":{"line":159,"column":17}},{"start":{"line":154,"column":23},"end":{"line":159,"column":17}}],"line":154},"9":{"loc":{"start":{"line":184,"column":12},"end":{"line":212,"column":13}},"type":"switch","locations":[{"start":{"line":185,"column":14},"end":{"line":192,"column":19}},{"start":{"line":194,"column":14},"end":{"line":207,"column":17}},{"start":{"line":209,"column":14},"end":{"line":209,"column":21}},{"start":{"line":210,"column":14},"end":{"line":211,"column":40}}],"line":184},"10":{"loc":{"start":{"line":197,"column":16},"end":{"line":207,"column":17}},"type":"if","locations":[{"start":{"line":197,"column":16},"end":{"line":207,"column":17}},{"start":{"line":197,"column":16},"end":{"line":207,"column":17}}],"line":197},"11":{"loc":{"start":{"line":202,"column":23},"end":{"line":207,"column":17}},"type":"if","locations":[{"start":{"line":202,"column":23},"end":{"line":207,"column":17}},{"start":{"line":202,"column":23},"end":{"line":207,"column":17}}],"line":202},"12":{"loc":{"start":{"line":232,"column":12},"end":{"line":258,"column":13}},"type":"switch","locations":[{"start":{"line":233,"column":14},"end":{"line":238,"column":19}},{"start":{"line":240,"column":14},"end":{"line":253,"column":17}},{"start":{"line":255,"column":14},"end":{"line":255,"column":21}},{"start":{"line":256,"column":14},"end":{"line":257,"column":40}}],"line":232},"13":{"loc":{"start":{"line":243,"column":16},"end":{"line":253,"column":17}},"type":"if","locations":[{"start":{"line":243,"column":16},"end":{"line":253,"column":17}},{"start":{"line":243,"column":16},"end":{"line":253,"column":17}}],"line":243},"14":{"loc":{"start":{"line":248,"column":23},"end":{"line":253,"column":17}},"type":"if","locations":[{"start":{"line":248,"column":23},"end":{"line":253,"column":17}},{"start":{"line":248,"column":23},"end":{"line":253,"column":17}}],"line":248},"15":{"loc":{"start":{"line":278,"column":12},"end":{"line":304,"column":13}},"type":"switch","locations":[{"start":{"line":279,"column":14},"end":{"line":284,"column":19}},{"start":{"line":286,"column":14},"end":{"line":299,"column":17}},{"start":{"line":301,"column":14},"end":{"line":301,"column":21}},{"start":{"line":302,"column":14},"end":{"line":303,"column":40}}],"line":278},"16":{"loc":{"start":{"line":289,"column":16},"end":{"line":299,"column":17}},"type":"if","locations":[{"start":{"line":289,"column":16},"end":{"line":299,"column":17}},{"start":{"line":289,"column":16},"end":{"line":299,"column":17}}],"line":289},"17":{"loc":{"start":{"line":294,"column":23},"end":{"line":299,"column":17}},"type":"if","locations":[{"start":{"line":294,"column":23},"end":{"line":299,"column":17}},{"start":{"line":294,"column":23},"end":{"line":299,"column":17}}],"line":294}},"s":{"0":1,"1":1,"2":1,"3":1,"4":1,"5":1,"6":1,"7":1,"8":1,"9":1,"10":1,"11":1,"12":1,"13":0,"14":0,"15":0,"16":0,"17":0,"18":0,"19":0,"20":0,"21":0,"22":0,"23":0,"24":0,"25":0,"26":1,"27":1,"28":0,"29":0,"30":0,"31":0,"32":0,"33":0,"34":0,"35":0,"36":0,"37":0,"38":0,"39":0,"40":0,"41":1,"42":1,"43":0,"44":0,"45":0,"46":0,"47":0,"48":0,"49":0,"50":0,"51":0,"52":0,"53":0,"54":0,"55":0,"56":0,"57":1,"58":1,"59":0,"60":0,"61":0,"62":0,"63":0,"64":0,"65":0,"66":0,"67":0,"68":0,"69":0,"70":0,"71":0,"72":0,"73":1,"74":1,"75":0,"76":0,"77":0,"78":0,"79":0,"80":0,"81":0,"82":0,"83":0,"84":0,"85":0,"86":0,"87":0,"88":1,"89":1,"90":0,"91":0,"92":0,"93":0,"94":0,"95":0,"96":0,"97":0,"98":0,"99":0,"100":0,"101":0,"102":0,"103":1,"104":1,"105":1},"f":{"0":1,"1":1,"2":1,"3":0,"4":0,"5":0,"6":1,"7":0,"8":0,"9":0,"10":1,"11":0,"12":0,"13":0,"14":1,"15":0,"16":0,"17":0,"18":1,"19":0,"20":0,"21":0,"22":1,"23":0,"24":0,"25":0},"b":{"0":[0,0,0,0],"1":[0,0],"2":[0,0],"3":[0,0,0,0],"4":[0,0],"5":[0,0],"6":[0,0,0,0],"7":[0,0],"8":[0,0],"9":[0,0,0,0],"10":[0,0],"11":[0,0],"12":[0,0,0,0],"13":[0,0],"14":[0,0],"15":[0,0,0,0],"16":[0,0],"17":[0,0]},"_coverageSchema":"43e27e138ebf9cfc5966b082cf9a028302ed4184","hash":"cbe66b552e3b2feb613fa1aeccf9b2dbd2c7f5e7","contentHash":"969fda355b92f9d9886bf8c6f1600f00d95896967833a58dbb5dd40f1fca3679"},"/home/airy/Desktop/banka/build/models/accountsModel.js":{"path":"/home/airy/Desktop/banka/build/models/accountsModel.js","statementMap":{"0":{"start":{"line":3,"column":29},"end":{"line":3,"column":84}},"1":{"start":{"line":5,"column":0},"end":{"line":7,"column":3}},"2":{"start":{"line":8,"column":0},"end":{"line":8,"column":28}},"3":{"start":{"line":10,"column":19},"end":{"line":10,"column":80}},"4":{"start":{"line":12,"column":25},"end":{"line":12,"column":99}},"5":{"start":{"line":14,"column":23},"end":{"line":14,"column":95}},"6":{"start":{"line":16,"column":20},"end":{"line":16,"column":89}},"7":{"start":{"line":18,"column":16},"end":{"line":18,"column":61}},"8":{"start":{"line":27,"column":0},"end":{"line":314,"column":3}},"9":{"start":{"line":29,"column":4},"end":{"line":29,"column":58}},"10":{"start":{"line":32,"column":2},"end":{"line":312,"column":6}},"11":{"start":{"line":35,"column":31},"end":{"line":70,"column":9}},"12":{"start":{"line":39,"column":8},"end":{"line":69,"column":44}},"13":{"start":{"line":40,"column":10},"end":{"line":68,"column":11}},"14":{"start":{"line":41,"column":12},"end":{"line":67,"column":13}},"15":{"start":{"line":43,"column":16},"end":{"line":43,"column":81}},"16":{"start":{"line":44,"column":16},"end":{"line":44,"column":30}},"17":{"start":{"line":45,"column":16},"end":{"line":45,"column":34}},"18":{"start":{"line":46,"column":16},"end":{"line":46,"column":34}},"19":{"start":{"line":47,"column":16},"end":{"line":47,"column":81}},"20":{"start":{"line":50,"column":16},"end":{"line":50,"column":40}},"21":{"start":{"line":51,"column":16},"end":{"line":51,"column":43}},"22":{"start":{"line":52,"column":16},"end":{"line":52,"column":35}},"23":{"start":{"line":53,"column":16},"end":{"line":53,"column":22}},"24":{"start":{"line":56,"column":16},"end":{"line":56,"column":34}},"25":{"start":{"line":57,"column":16},"end":{"line":57,"column":51}},"26":{"start":{"line":58,"column":16},"end":{"line":58,"column":47}},"27":{"start":{"line":61,"column":16},"end":{"line":61,"column":35}},"28":{"start":{"line":62,"column":16},"end":{"line":62,"column":59}},"29":{"start":{"line":66,"column":16},"end":{"line":66,"column":39}},"30":{"start":{"line":73,"column":8},"end":{"line":73,"column":57}},"31":{"start":{"line":76,"column":6},"end":{"line":76,"column":31}},"32":{"start":{"line":81,"column":39},"end":{"line":116,"column":9}},"33":{"start":{"line":85,"column":8},"end":{"line":115,"column":45}},"34":{"start":{"line":86,"column":10},"end":{"line":114,"column":11}},"35":{"start":{"line":87,"column":12},"end":{"line":113,"column":13}},"36":{"start":{"line":89,"column":16},"end":{"line":89,"column":90}},"37":{"start":{"line":90,"column":16},"end":{"line":90,"column":30}},"38":{"start":{"line":91,"column":16},"end":{"line":91,"column":35}},"39":{"start":{"line":92,"column":16},"end":{"line":92,"column":35}},"40":{"start":{"line":93,"column":16},"end":{"line":93,"column":97}},"41":{"start":{"line":96,"column":16},"end":{"line":96,"column":41}},"42":{"start":{"line":97,"column":16},"end":{"line":97,"column":43}},"43":{"start":{"line":98,"column":16},"end":{"line":98,"column":36}},"44":{"start":{"line":99,"column":16},"end":{"line":99,"column":22}},"45":{"start":{"line":102,"column":16},"end":{"line":102,"column":35}},"46":{"start":{"line":103,"column":16},"end":{"line":103,"column":53}},"47":{"start":{"line":104,"column":16},"end":{"line":104,"column":48}},"48":{"start":{"line":107,"column":16},"end":{"line":107,"column":36}},"49":{"start":{"line":108,"column":16},"end":{"line":108,"column":60}},"50":{"start":{"line":112,"column":16},"end":{"line":112,"column":40}},"51":{"start":{"line":119,"column":8},"end":{"line":119,"column":65}},"52":{"start":{"line":122,"column":6},"end":{"line":122,"column":39}},"53":{"start":{"line":127,"column":31},"end":{"line":162,"column":9}},"54":{"start":{"line":131,"column":8},"end":{"line":161,"column":45}},"55":{"start":{"line":132,"column":10},"end":{"line":160,"column":11}},"56":{"start":{"line":133,"column":12},"end":{"line":159,"column":13}},"57":{"start":{"line":135,"column":16},"end":{"line":135,"column":173}},"58":{"start":{"line":136,"column":16},"end":{"line":136,"column":30}},"59":{"start":{"line":137,"column":16},"end":{"line":137,"column":35}},"60":{"start":{"line":138,"column":16},"end":{"line":138,"column":35}},"61":{"start":{"line":139,"column":16},"end":{"line":139,"column":169}},"62":{"start":{"line":142,"column":16},"end":{"line":142,"column":41}},"63":{"start":{"line":143,"column":16},"end":{"line":143,"column":43}},"64":{"start":{"line":144,"column":16},"end":{"line":144,"column":36}},"65":{"start":{"line":145,"column":16},"end":{"line":145,"column":22}},"66":{"start":{"line":148,"column":16},"end":{"line":148,"column":35}},"67":{"start":{"line":149,"column":16},"end":{"line":149,"column":53}},"68":{"start":{"line":150,"column":16},"end":{"line":150,"column":48}},"69":{"start":{"line":153,"column":16},"end":{"line":153,"column":36}},"70":{"start":{"line":154,"column":16},"end":{"line":154,"column":60}},"71":{"start":{"line":158,"column":16},"end":{"line":158,"column":40}},"72":{"start":{"line":165,"column":8},"end":{"line":165,"column":57}},"73":{"start":{"line":168,"column":6},"end":{"line":168,"column":31}},"74":{"start":{"line":173,"column":29},"end":{"line":212,"column":9}},"75":{"start":{"line":177,"column":8},"end":{"line":211,"column":45}},"76":{"start":{"line":178,"column":10},"end":{"line":210,"column":11}},"77":{"start":{"line":179,"column":12},"end":{"line":209,"column":13}},"78":{"start":{"line":181,"column":16},"end":{"line":181,"column":283}},"79":{"start":{"line":183,"column":16},"end":{"line":185,"column":17}},"80":{"start":{"line":184,"column":18},"end":{"line":184,"column":383}},"81":{"start":{"line":187,"column":16},"end":{"line":187,"column":30}},"82":{"start":{"line":188,"column":16},"end":{"line":188,"column":35}},"83":{"start":{"line":189,"column":16},"end":{"line":189,"column":35}},"84":{"start":{"line":190,"column":16},"end":{"line":190,"column":56}},"85":{"start":{"line":193,"column":16},"end":{"line":193,"column":50}},"86":{"start":{"line":194,"column":16},"end":{"line":194,"column":36}},"87":{"start":{"line":195,"column":16},"end":{"line":195,"column":22}},"88":{"start":{"line":198,"column":16},"end":{"line":198,"column":35}},"89":{"start":{"line":199,"column":16},"end":{"line":199,"column":53}},"90":{"start":{"line":200,"column":16},"end":{"line":200,"column":48}},"91":{"start":{"line":203,"column":16},"end":{"line":203,"column":36}},"92":{"start":{"line":204,"column":16},"end":{"line":204,"column":60}},"93":{"start":{"line":208,"column":16},"end":{"line":208,"column":40}},"94":{"start":{"line":215,"column":8},"end":{"line":215,"column":55}},"95":{"start":{"line":218,"column":6},"end":{"line":218,"column":29}},"96":{"start":{"line":223,"column":32},"end":{"line":258,"column":9}},"97":{"start":{"line":227,"column":8},"end":{"line":257,"column":45}},"98":{"start":{"line":228,"column":10},"end":{"line":256,"column":11}},"99":{"start":{"line":229,"column":12},"end":{"line":255,"column":13}},"100":{"start":{"line":231,"column":16},"end":{"line":231,"column":54}},"101":{"start":{"line":232,"column":16},"end":{"line":232,"column":30}},"102":{"start":{"line":233,"column":16},"end":{"line":233,"column":372}},"103":{"start":{"line":234,"column":16},"end":{"line":234,"column":35}},"104":{"start":{"line":235,"column":16},"end":{"line":235,"column":35}},"105":{"start":{"line":236,"column":16},"end":{"line":236,"column":73}},"106":{"start":{"line":239,"column":16},"end":{"line":239,"column":50}},"107":{"start":{"line":240,"column":16},"end":{"line":240,"column":36}},"108":{"start":{"line":241,"column":16},"end":{"line":241,"column":22}},"109":{"start":{"line":244,"column":16},"end":{"line":244,"column":35}},"110":{"start":{"line":245,"column":16},"end":{"line":245,"column":53}},"111":{"start":{"line":246,"column":16},"end":{"line":246,"column":48}},"112":{"start":{"line":249,"column":16},"end":{"line":249,"column":36}},"113":{"start":{"line":250,"column":16},"end":{"line":250,"column":60}},"114":{"start":{"line":254,"column":16},"end":{"line":254,"column":40}},"115":{"start":{"line":261,"column":8},"end":{"line":261,"column":58}},"116":{"start":{"line":264,"column":6},"end":{"line":264,"column":32}},"117":{"start":{"line":269,"column":38},"end":{"line":304,"column":9}},"118":{"start":{"line":273,"column":8},"end":{"line":303,"column":45}},"119":{"start":{"line":274,"column":10},"end":{"line":302,"column":11}},"120":{"start":{"line":275,"column":12},"end":{"line":301,"column":13}},"121":{"start":{"line":277,"column":16},"end":{"line":277,"column":75}},"122":{"start":{"line":278,"column":16},"end":{"line":278,"column":30}},"123":{"start":{"line":279,"column":16},"end":{"line":279,"column":35}},"124":{"start":{"line":280,"column":16},"end":{"line":280,"column":35}},"125":{"start":{"line":281,"column":16},"end":{"line":281,"column":81}},"126":{"start":{"line":284,"column":16},"end":{"line":284,"column":41}},"127":{"start":{"line":285,"column":16},"end":{"line":285,"column":43}},"128":{"start":{"line":286,"column":16},"end":{"line":286,"column":36}},"129":{"start":{"line":287,"column":16},"end":{"line":287,"column":22}},"130":{"start":{"line":290,"column":16},"end":{"line":290,"column":35}},"131":{"start":{"line":291,"column":16},"end":{"line":291,"column":53}},"132":{"start":{"line":292,"column":16},"end":{"line":292,"column":48}},"133":{"start":{"line":295,"column":16},"end":{"line":295,"column":36}},"134":{"start":{"line":296,"column":16},"end":{"line":296,"column":60}},"135":{"start":{"line":300,"column":16},"end":{"line":300,"column":40}},"136":{"start":{"line":307,"column":8},"end":{"line":307,"column":64}},"137":{"start":{"line":310,"column":6},"end":{"line":310,"column":38}},"138":{"start":{"line":313,"column":2},"end":{"line":313,"column":23}},"139":{"start":{"line":316,"column":0},"end":{"line":316,"column":35}}},"fnMap":{"0":{"name":"(anonymous_0)","decl":{"start":{"line":27,"column":0},"end":{"line":27,"column":1}},"loc":{"start":{"line":27,"column":12},"end":{"line":314,"column":1}},"line":27},"1":{"name":"AccountsModel","decl":{"start":{"line":28,"column":11},"end":{"line":28,"column":24}},"loc":{"start":{"line":28,"column":27},"end":{"line":30,"column":3}},"line":28},"2":{"name":"(anonymous_2)","decl":{"start":{"line":34,"column":11},"end":{"line":34,"column":12}},"loc":{"start":{"line":34,"column":23},"end":{"line":77,"column":5}},"line":34},"3":{"name":"_callee","decl":{"start":{"line":37,"column":44},"end":{"line":37,"column":51}},"loc":{"start":{"line":37,"column":61},"end":{"line":70,"column":7}},"line":37},"4":{"name":"_callee$","decl":{"start":{"line":39,"column":53},"end":{"line":39,"column":61}},"loc":{"start":{"line":39,"column":72},"end":{"line":69,"column":9}},"line":39},"5":{"name":"deleteBankAccount","decl":{"start":{"line":72,"column":15},"end":{"line":72,"column":32}},"loc":{"start":{"line":72,"column":37},"end":{"line":74,"column":7}},"line":72},"6":{"name":"(anonymous_6)","decl":{"start":{"line":80,"column":11},"end":{"line":80,"column":12}},"loc":{"start":{"line":80,"column":23},"end":{"line":123,"column":5}},"line":80},"7":{"name":"_callee2","decl":{"start":{"line":83,"column":44},"end":{"line":83,"column":52}},"loc":{"start":{"line":83,"column":62},"end":{"line":116,"column":7}},"line":83},"8":{"name":"_callee2$","decl":{"start":{"line":85,"column":53},"end":{"line":85,"column":62}},"loc":{"start":{"line":85,"column":74},"end":{"line":115,"column":9}},"line":85},"9":{"name":"activateDeactivateAccount","decl":{"start":{"line":118,"column":15},"end":{"line":118,"column":40}},"loc":{"start":{"line":118,"column":46},"end":{"line":120,"column":7}},"line":118},"10":{"name":"(anonymous_10)","decl":{"start":{"line":126,"column":11},"end":{"line":126,"column":12}},"loc":{"start":{"line":126,"column":23},"end":{"line":169,"column":5}},"line":126},"11":{"name":"_callee3","decl":{"start":{"line":129,"column":44},"end":{"line":129,"column":52}},"loc":{"start":{"line":129,"column":66},"end":{"line":162,"column":7}},"line":129},"12":{"name":"_callee3$","decl":{"start":{"line":131,"column":53},"end":{"line":131,"column":62}},"loc":{"start":{"line":131,"column":74},"end":{"line":161,"column":9}},"line":131},"13":{"name":"createBankAccount","decl":{"start":{"line":164,"column":15},"end":{"line":164,"column":32}},"loc":{"start":{"line":164,"column":38},"end":{"line":166,"column":7}},"line":164},"14":{"name":"(anonymous_14)","decl":{"start":{"line":172,"column":11},"end":{"line":172,"column":12}},"loc":{"start":{"line":172,"column":23},"end":{"line":219,"column":5}},"line":172},"15":{"name":"_callee4","decl":{"start":{"line":175,"column":44},"end":{"line":175,"column":52}},"loc":{"start":{"line":175,"column":61},"end":{"line":212,"column":7}},"line":175},"16":{"name":"_callee4$","decl":{"start":{"line":177,"column":53},"end":{"line":177,"column":62}},"loc":{"start":{"line":177,"column":74},"end":{"line":211,"column":9}},"line":177},"17":{"name":"listAllAccounts","decl":{"start":
[...]
138,"column":16},"end":{"line":141,"column":17}},"68":{"start":{"line":139,"column":18},"end":{"line":139,"column":37}},"69":{"start":{"line":140,"column":18},"end":{"line":140,"column":24}},"70":{"start":{"line":143,"column":16},"end":{"line":143,"column":35}},"71":{"start":{"line":144,"column":16},"end":{"line":144,"column":173}},"72":{"start":{"line":147,"column":16},"end":{"line":147,"column":40}},"73":{"start":{"line":148,"column":16},"end":{"line":148,"column":43}},"74":{"start":{"line":151,"column":16},"end":{"line":151,"column":35}},"75":{"start":{"line":152,"column":16},"end":{"line":152,"column":22}},"76":{"start":{"line":155,"column":16},"end":{"line":155,"column":35}},"77":{"start":{"line":156,"column":16},"end":{"line":156,"column":51}},"78":{"start":{"line":157,"column":16},"end":{"line":157,"column":47}},"79":{"start":{"line":160,"column":16},"end":{"line":160,"column":35}},"80":{"start":{"line":161,"column":16},"end":{"line":161,"column":59}},"81":{"start":{"line":165,"column":16},"end":{"line":165,"column":39}},"82":{"start":{"line":172,"column":8},"end":{"line":172,"column":52}},"83":{"start":{"line":175,"column":6},"end":{"line":175,"column":26}},"84":{"start":{"line":180,"column":27},"end":{"line":241,"column":9}},"85":{"start":{"line":184,"column":8},"end":{"line":240,"column":46}},"86":{"start":{"line":185,"column":10},"end":{"line":239,"column":11}},"87":{"start":{"line":186,"column":12},"end":{"line":238,"column":13}},"88":{"start":{"line":188,"column":16},"end":{"line":188,"column":31}},"89":{"start":{"line":189,"column":16},"end":{"line":189,"column":31}},"90":{"start":{"line":190,"column":16},"end":{"line":190,"column":30}},"91":{"start":{"line":191,"column":16},"end":{"line":191,"column":85}},"92":{"start":{"line":192,"column":16},"end":{"line":192,"column":92}},"93":{"start":{"line":193,"column":16},"end":{"line":193,"column":280}},"94":{"start":{"line":194,"column":16},"end":{"line":194,"column":35}},"95":{"start":{"line":195,"column":16},"end":{"line":195,"column":35}},"96":{"start":{"line":196,"column":16},"end":{"line":196,"column":98}},"97":{"start":{"line":199,"column":16},"end":{"line":199,"column":48}},"98":{"start":{"line":200,"column":16},"end":{"line":200,"column":69}},"99":{"start":{"line":201,"column":16},"end":{"line":201,"column":37}},"100":{"start":{"line":202,"column":16},"end":{"line":202,"column":55}},"101":{"start":{"line":203,"column":16},"end":{"line":203,"column":37}},"102":{"start":{"line":204,"column":16},"end":{"line":204,"column":36}},"103":{"start":{"line":205,"column":16},"end":{"line":205,"column":96}},"104":{"start":{"line":208,"column":16},"end":{"line":208,"column":40}},"105":{"start":{"line":210,"column":16},"end":{"line":213,"column":17}},"106":{"start":{"line":211,"column":18},"end":{"line":211,"column":38}},"107":{"start":{"line":212,"column":18},"end":{"line":212,"column":24}},"108":{"start":{"line":215,"column":16},"end":{"line":215,"column":36}},"109":{"start":{"line":216,"column":16},"end":{"line":216,"column":173}},"110":{"start":{"line":219,"column":16},"end":{"line":219,"column":41}},"111":{"start":{"line":220,"column":16},"end":{"line":220,"column":43}},"112":{"start":{"line":223,"column":16},"end":{"line":223,"column":36}},"113":{"start":{"line":224,"column":16},"end":{"line":224,"column":22}},"114":{"start":{"line":227,"column":16},"end":{"line":227,"column":36}},"115":{"start":{"line":228,"column":16},"end":{"line":228,"column":53}},"116":{"start":{"line":229,"column":16},"end":{"line":229,"column":48}},"117":{"start":{"line":232,"column":16},"end":{"line":232,"column":36}},"118":{"start":{"line":233,"column":16},"end":{"line":233,"column":60}},"119":{"start":{"line":237,"column":16},"end":{"line":237,"column":40}},"120":{"start":{"line":244,"column":8},"end":{"line":244,"column":53}},"121":{"start":{"line":247,"column":6},"end":{"line":247,"column":27}},"122":{"start":{"line":252,"column":33},"end":{"line":287,"column":9}},"123":{"start":{"line":256,"column":8},"end":{"line":286,"column":45}},"124":{"start":{"line":257,"column":10},"end":{"line":285,"column":11}},"125":{"start":{"line":258,"column":12},"end":{"line":284,"column":13}},"126":{"start":{"line":260,"column":16},"end":{"line":260,"column":52}},"127":{"start":{"line":261,"column":16},"end":{"line":261,"column":30}},"128":{"start":{"line":262,"column":16},"end":{"line":262,"column":35}},"129":{"start":{"line":263,"column":16},"end":{"line":263,"column":35}},"130":{"start":{"line":264,"column":16},"end":{"line":264,"column":56}},"131":{"start":{"line":267,"column":16},"end":{"line":267,"column":41}},"132":{"start":{"line":268,"column":16},"end":{"line":268,"column":43}},"133":{"start":{"line":269,"column":16},"end":{"line":269,"column":36}},"134":{"start":{"line":270,"column":16},"end":{"line":270,"column":22}},"135":{"start":{"line":273,"column":16},"end":{"line":273,"column":35}},"136":{"start":{"line":274,"column":16},"end":{"line":274,"column":53}},"137":{"start":{"line":275,"column":16},"end":{"line":275,"column":48}},"138":{"start":{"line":278,"column":16},"end":{"line":278,"column":36}},"139":{"start":{"line":279,"column":16},"end":{"line":279,"column":60}},"140":{"start":{"line":283,"column":16},"end":{"line":283,"column":40}},"141":{"start":{"line":290,"column":8},"end":{"line":290,"column":59}},"142":{"start":{"line":293,"column":6},"end":{"line":293,"column":33}},"143":{"start":{"line":298,"column":31},"end":{"line":335,"column":9}},"144":{"start":{"line":302,"column":8},"end":{"line":334,"column":46}},"145":{"start":{"line":303,"column":10},"end":{"line":333,"column":11}},"146":{"start":{"line":304,"column":12},"end":{"line":332,"column":13}},"147":{"start":{"line":306,"column":16},"end":{"line":306,"column":58}},"148":{"start":{"line":307,"column":16},"end":{"line":307,"column":30}},"149":{"start":{"line":308,"column":16},"end":{"line":308,"column":64}},"150":{"start":{"line":309,"column":16},"end":{"line":309,"column":41}},"151":{"start":{"line":310,"column":16},"end":{"line":310,"column":35}},"152":{"start":{"line":311,"column":16},"end":{"line":311,"column":35}},"153":{"start":{"line":312,"column":16},"end":{"line":312,"column":64}},"154":{"start":{"line":315,"column":16},"end":{"line":315,"column":41}},"155":{"start":{"line":316,"column":16},"end":{"line":316,"column":43}},"156":{"start":{"line":317,"column":16},"end":{"line":317,"column":36}},"157":{"start":{"line":318,"column":16},"end":{"line":318,"column":22}},"158":{"start":{"line":321,"column":16},"end":{"line":321,"column":36}},"159":{"start":{"line":322,"column":16},"end":{"line":322,"column":53}},"160":{"start":{"line":323,"column":16},"end":{"line":323,"column":48}},"161":{"start":{"line":326,"column":16},"end":{"line":326,"column":36}},"162":{"start":{"line":327,"column":16},"end":{"line":327,"column":60}},"163":{"start":{"line":331,"column":16},"end":{"line":331,"column":40}},"164":{"start":{"line":338,"column":8},"end":{"line":338,"column":57}},"165":{"start":{"line":341,"column":6},"end":{"line":341,"column":31}},"166":{"start":{"line":344,"column":2},"end":{"line":344,"column":26}},"167":{"start":{"line":347,"column":0},"end":{"line":347,"column":38}}},"fnMap":{"0":{"name":"(anonymous_0)","decl":{"start":{"line":35,"column":0},"end":{"line":35,"column":1}},"loc":{"start":{"line":35,"column":18},"end":{"line":50,"column":1}},"line":35},"1":{"name":"InsufficientBalance","decl":{"start":{"line":38,"column":11},"end":{"line":38,"column":30}},"loc":{"start":{"line":38,"column":40},"end":{"line":47,"column":3}},"line":38},"2":{"name":"(anonymous_2)","decl":{"start":{"line":54,"column":0},"end":{"line":54,"column":1}},"loc":{"start":{"line":54,"column":19},"end":{"line":69,"column":1}},"line":54},"3":{"name":"TransactionRejected","decl":{"start":{"line":57,"column":11},"end":{"line":57,"column":30}},"loc":{"start":{"line":57,"column":40},"end":{"line":66,"column":3}},"line":57},"4":{"name":"(anonymous_4)","decl":{"start":{"line":73,"column":0},"end":{"line":73,"column":1}},"loc":{"start":{"line":73,"column":12},"end":{"line":345,"column":1}},"line":73},"5":{"name":"TransactionModel","decl":{"start":{"line":74,"column":11},"end":{"line":74,"column":27}},"loc":{"start":{"line":74,"column":30},"end":{"line":76,"column":3}},"line":74},"6":{"name":"(anonymous_6)","decl":{"start":{"line":80,"column":11},"end":{"line":80,"column":12}},"loc":{"start":{"line":80,"column":23},"end":{"line":176,"column":5}},"line":80},"7":{"name":"_callee","decl":{"start":{"line":83,"column":44},"end":{"line":83,"column":51}},"loc":{"start":{"line":83,"column":58},"end":{"line":169,"column":7}},"line":83},"8":{"name":"_callee$","decl":{"start":{"line":85,"column":53},"end":{"line":85,"column":61}},"loc":{"start":{"line":85,"column":72},"end":{"line":168,"column":9}},"line":85},"9":{"name":"debitAccount","decl":{"start":{"line":171,"column":15},"end":{"line":171,"column":27}},"loc":{"start":{"line":171,"column":32},"end":{"line":173,"column":7}},"line":171},"10":{"name":"(anonymous_10)","decl":{"start":{"line":179,"column":11},"end":{"line":179,"column":12}},"loc":{"start":{"line":179,"column":23},"end":{"line":248,"column":5}},"line":179},"11":{"name":"_callee2","decl":{"start":{"line":182,"column":44},"end":{"line":182,"column":52}},"loc":{"start":{"line":182,"column":59},"end":{"line":241,"column":7}},"line":182},"12":{"name":"_callee2$","decl":{"start":{"line":184,"column":53},"end":{"line":184,"column":62}},"loc":{"start":{"line":184,"column":74},"end":{"line":240,"column":9}},"line":184},"13":{"name":"creditAccount","decl":{"start":{"line":243,"column":15},"end":{"line":243,"column":28}},"loc":{"start":{"line":243,"column":34},"end":{"line":245,"column":7}},"line":243},"14":{"name":"(anonymous_14)","decl":{"start":{"line":251,"column":11},"end":{"line":251,"column":12}},"loc":{"start":{"line":251,"column":23},"end":{"line":294,"column":5}},"line":251},"15":{"name":"_callee3","decl":{"start":{"line":254,"column":44},"end":{"line":254,"column":52}},"loc":{"start":{"line":254,"column":55},"end":{"line":287,"column":7}},"line":254},"16":{"name":"_callee3$","decl":{"start":{"line":256,"column":53},"end":{"line":256,"column":62}},"loc":{"start":{"line":256,"column":74},"end":{"line":286,"column":9}},"line":256},"17":{"name":"listAllTransactions","decl":{"start":{"line":289,"column":15},"end":{"line":289,"column":34}},"loc":{"start":{"line":289,"column":37},"end":{"line":291,"column":7}},"line":289},"18":{"name":"(anonymous_18)","decl":{"start":{"line":297,"column":11},"end":{"line":297,"column":12}},"loc":{"start":{"line":297,"column":23},"end":{"line":342,"column":5}},"line":297},"19":{"name":"_callee4","decl":{"start":{"line":300,"column":44},"end":{"line":300,"column":52}},"loc":{"start":{"line":300,"column":66},"end":{"line":335,"column":7}},"line":300},"20":{"name":"_callee4$","decl":{"start":{"line":302,"column":53},"end":{"line":302,"column":62}},"loc":{"start":{"line":302,"column":74},"end":{"line":334,"column":9}},"line":302},"21":{"name":"getOneTransaction","decl":{"start":{"line":337,"column":15},"end":{"line":337,"column":32}},"loc":{"start":{"line":337,"column":38},"end":{"line":339,"column":7}},"line":337}},"branchMap":{"0":{"loc":{"start":{"line":87,"column":12},"end":{"line":166,"column":13}},"type":"switch","locations":[{"start":{"line":88,"column":14},"end":{"line":98,"column":90}},{"start":{"line":100,"column":14},"end":{"line":109,"column":106}},{"start":{"line":111,"column":14},"end":{"line":113,"column":98}},{"start":{"line":115,"column":14},"end":{"line":125,"column":70}},{"start":{"line":127,"column":14},"end":{"line":133,"column":96}},{"start":{"line":135,"column":14},"end":{"line":144,"column":173}},{"start":{"line":146,"column":14},"end":{"line":148,"column":43}},{"start":{"line":150,"column":14},"end":{"line":152,"column":22}},{"start":{"line":154,"column":14},"end":{"line":157,"column":47}},{"start":{"line":159,"column":14},"end":{"line":161,"column":59}},{"start":{"line":163,"column":14},"end":{"line":163,"column":22}},{"start":{"line":164,"column":14},"end":{"line":165,"column":39}}],"line":87},"1":{"loc":{"start":{"line":104,"column":16},"end":{"line":107,"column":17}},"type":"if","locations":[{"start":{"line":104,"column":16},"end":{"line":107,"column":17}},{"start":{"line":104,"column":16},"end":{"line":107,"column":17}}],"line":104},"2":{"loc":{"start":{"line":104,"column":22},"end":{"line":104,"column":78}},"type":"binary-expr","locations":[{"start":{"line":104,"column":22},"end":{"line":104,"column":47}},{"start":{"line":104,"column":51},"end":{"line":104,"column":78}}],"line":104},"3":{"loc":{"start":{"line":120,"column":16},"end":{"line":123,"column":17}},"type":"if","locations":[{"start":{"line":120,"column":16},"end":{"line":123,"column":17}},{"start":{"line":120,"column":16},"end":{"line":123,"column":17}}],"line":120},"4":{"loc":{"start":{"line":138,"column":16},"end":{"line":141,"column":17}},"type":"if","locations":[{"start":{"line":138,"column":16},"end":{"line":141,"column":17}},{"start":{"line":138,"column":16},"end":{"line":141,"column":17}}],"line":138},"5":{"loc":{"start":{"line":186,"column":12},"end":{"line":238,"column":13}},"type":"switch","locations":[{"start":{"line":187,"column":14},"end":{"line":196,"column":98}},{"start":{"line":198,"column":14},"end":{"line":205,"column":96}},{"start":{"line":207,"column":14},"end":{"line":216,"column":173}},{"start":{"line":218,"column":14},"end":{"line":220,"column":43}},{"start":{"line":222,"column":14},"end":{"line":224,"column":22}},{"start":{"line":226,"column":14},"end":{"line":229,"column":48}},{"start":{"line":231,"column":14},"end":{"line":233,"column":60}},{"start":{"line":235,"column":14},"end":{"line":235,"column":22}},{"start":{"line":236,"column":14},"end":{"line":237,"column":40}}],"line":186},"6":{"loc":{"start":{"line":210,"column":16},"end":{"line":213,"column":17}},"type":"if","locations":[{"start":{"line":210,"column":16},"end":{"line":213,"column":17}},{"start":{"line":210,"column":16},"end":{"line":213,"column":17}}],"line":210},"7":{"loc":{"start":{"line":258,"column":12},"end":{"line":284,"column":13}},"type":"switch","locations":[{"start":{"line":259,"column":14},"end":{"line":264,"column":56}},{"start":{"line":266,"column":14},"end":{"line":270,"column":22}},{"start":{"line":272,"column":14},"end":{"line":275,"column":48}},{"start":{"line":277,"column":14},"end":{"line":279,"column":60}},{"start":{"line":281,"column":14},"end":{"line":281,"column":22}},{"start":{"line":282,"column":14},"end":{"line":283,"column":40}}],"line":258},"8":{"loc":{"start":{"line":304,"column":12},"end":{"line":332,"column":13}},"type":"switch","locations":[{"start":{"line":305,"column":14},"end":{"line":312,"column":64}},{"start":{"line":314,"column":14},"end":{"line":318,"column":22}},{"start":{"line":320,"column":14},"end":{"line":323,"column":48}},{"start":{"line":325,"column":14},"end":{"line":327,"column":60}},{"start":{"line":329,"column":14},"end":{"line":329,"column":22}},{"start":{"line":330,"column":14},"end":{"line":331,"column":40}}],"line":304}},"s":{"0":1,"1":1,"2":1,"3":1,"4":1,"5":1,"6":1,"7":1,"8":1,"9":1,"10":1,"11":1,"12":1,"13":1,"14":0,"15":0,"16":0,"17":0,"18":0,"19":0,"20":1,"21":1,"22":1,"23":0,"24":0,"25":0,"26":0,"27":0,"28":0,"29":1,"30":1,"31":1,"32":1,"33":1,"34":0,"35":0,"36":0,"37":0,"38":0,"39":0,"40":0,"41":0,"42":0,"43":0,"44":0,"45":0,"46":0,"47":0,"48":0,"49":0,"50":0,"51":0,"52":0,"53":0,"54":0,"55":0,"56":0,"57":0,"58":0,"59":0,"60":0,"61":0,"62":0,"63":0,"64":0,"65":0,"66":0,"67":0,"68":0,"69":0,"70":0,"71":0,"72":0,"73":0,"74":0,"75":0,"76":0,"77":0,"78":0,"79":0,"80":0,"81":0,"82":0,"83":1,"84":1,"85":0,"86":0,"87":0,"88":0,"89":0,"90":0,"91":0,"92":0,"93":0,"94":0,"95":0,"96":0,"97":0,"98":0,"99":0,"100":0,"101":0,"102":0,"103":0,"104":0,"105":0,"106":0,"107":0,"108":0,"109":0,"110":0,"111":0,"112":0,"113":0,"114":0,"115":0,"116":0,"117":0,"118":0,"119":0,"120":0,"121":1,"122":1,"123":0,"124":0,"125":0,"126":0,"127":0,"128":0,"129":0,"130":0,"131":0,"132":0,"133":0,"134":0,"135":0,"136":0,"137":0,"138":0,"139":0,"140":0,"141":0,"142":1,"143":1,"144":0,"145":0,"146":0,"147":0,"148":0,"149":0,"150":0,"151":0,"152":0,"153":0,"154":0,"155":0,"156":0,"157":0,"158":0,"159":0,"160":0,"161":0,"162":0,"163":0,"164":0,"165":1,"166":1,"167":1},"f":{"0":1,"1":0,"2":1,"3":0,"4":1,"5":1,"6":1,"7":0,"8":0,"9":0,"10":1,"11":0,"12":0,"13":0,"14":1,"15":0,"16":0,"17":0,"18":1,"19":0,"20":0,"21":0},"b":{"0":[0,0,0,0,0,0,0,0,0,0,0,0],"1":[0,0],"2":[0,0],"3":[0,0],"4":[0,0],"5":[0,0,0,0,0,0,0,0,0],"6":[0,0],"7":[0,0,0,0,0,0],"8":[0,0,0,0,0,0]},"_coverageSchema":"43e27e138ebf9cfc5966b082cf9a028302ed4184","hash":"e110ab4f8cf622946a86ce1210cef5f19e65e8f7","contentHash":"62189b66cbdf6cc683224eb3fbe29db9066b50847536e310c8bd500e99207ad6"},"/home/airy/Desktop/banka/build/middlewares/transactionsValidator.js":{"path":"/home/airy/Desktop/banka/build/middlewares/transactionsValidator.js","statementMap":{"0":{"start":{"line":3,"column":29},"end":{"line":3,"column":84}},"1":{"start":{"line":5,"column":0},"end":{"line":7,"column":3}},"2":{"start":{"line":8,"column":0},"end":{"line":8,"column":28}},"3":{"start":{"line":10,"column":23},"end":{"line":10,"column":95}},"4":{"start":{"line":12,"column":20},"end":{"line":12,"column":89}},"5":{"start":{"line":14,"column":11},"end":{"line":14,"column":49}},"6":{"start":{"line":19,"column":0},"end":{"line":68,"column":3}},"7":{"start":{"line":21,"column":4},"end":{"line":21,"column":66}},"8":{"start":{"line":24,"column":2},"end":{"line":66,"column":6}},"9":{"start":{"line":27,"column":22},"end":{"line":27,"column":30}},"10":{"start":{"line":28,"column":19},"end":{"line":28,"column":35}},"11":{"start":{"line":29,"column":22},"end":{"line":29,"column":41}},"12":{"start":{"line":30,"column":28},"end":{"line":30,"column":53}},"13":{"start":{"line":31,"column":26},"end":{"line":31,"column":50}},"14":{"start":{"line":33,"column":19},"end":{"line":38,"column":8}},"15":{"start":{"line":40,"column":26},"end":{"line":47,"column":8}},"16":{"start":{"line":48,"column":18},"end":{"line":48,"column":37}},"17":{"start":{"line":50,"column":6},"end":{"line":62,"column":7}},"18":{"start":{"line":51,"column":27},"end":{"line":51,"column":40}},"19":{"start":{"line":52,"column":28},"end":{"line":52,"column":30}},"20":{"start":{"line":54,"column":8},"end":{"line":56,"column":9}},"21":{"start":{"line":55,"column":10},"end":{"line":55,"column":72}},"22":{"start":{"line":58,"column":8},"end":{"line":61,"column":11}},"23":{"start":{"line":64,"column":6},"end":{"line":64,"column":13}},"24":{"start":{"line":67,"column":2},"end":{"line":67,"column":31}},"25":{"start":{"line":70,"column":0},"end":{"line":70,"column":43}}},"fnMap":{"0":{"name":"(anonymous_0)","decl":{"start":{"line":19,"column":0},"end":{"line":19,"column":1}},"loc":{"start":{"line":19,"column":12},"end":{"line":68,"column":1}},"line":19},"1":{"name":"TransactionsValidator","decl":{"start":{"line":20,"column":11},"end":{"line":20,"column":32}},"loc":{"start":{"line":20,"column":35},"end":{"line":22,"column":3}},"line":20},"2":{"name":"validateTransaction","decl":{"start":{"line":26,"column":20},"end":{"line":26,"column":39}},"loc":{"start":{"line":26,"column":56},"end":{"line":65,"column":5}},"line":26}},"branchMap":{"0":{"loc":{"start":{"line":50,"column":6},"end":{"line":62,"column":7}},"type":"if","locations":[{"start":{"line":50,"column":6},"end":{"line":62,"column":7}},{"start":{"line":50,"column":6},"end":{"line":62,"column":7}}],"line":50}},"s":{"0":1,"1":1,"2":1,"3":1,"4":1,"5":1,"6":1,"7":1,"8":1,"9":0,"10":0,"11":0,"12":0,"13":0,"14":0,"15":0,"16":0,"17":0,"18":0,"19":0,"20":0,"21":0,"22":0,"23":0,"24":1,"25":1},"f":{"0":1,"1":1,"2":0},"b":{"0":[0,0]},"_coverageSchema":"43e27e138ebf9cfc5966b082cf9a028302ed4184","hash":"294064b5536b3fd9cb4ef7008512ac476a0ede3f","contentHash":"6614db294947bbca02f03d102da9f08a023d6cbc29eeb0a9cbd1470c1c0118ae"}}