{"/home/airy/Desktop/banka/build/test/test.js":{"path":"/home/airy/Desktop/banka/build/test/test.js","statementMap":{"0":{"start":{"line":3,"column":29},"end":{"line":3,"column":84}},"1":{"start":{"line":5,"column":12},"end":{"line":5,"column":51}},"2":{"start":{"line":7,"column":17},"end":{"line":7,"column":61}},"3":{"start":{"line":9,"column":14},"end":{"line":9,"column":58}},"4":{"start":{"line":16,"column":13},"end":{"line":16,"column":36}},"5":{"start":{"line":18,"column":0},"end":{"line":41,"column":3}},"6":{"start":{"line":19,"column":2},"end":{"line":24,"column":5}},"7":{"start":{"line":20,"column":4},"end":{"line":23,"column":7}},"8":{"start":{"line":21,"column":6},"end":{"line":21,"column":64}},"9":{"start":{"line":22,"column":6},"end":{"line":22,"column":13}},"10":{"start":{"line":25,"column":2},"end":{"line":27,"column":5}},"11":{"start":{"line":26,"column":4},"end":{"line":26,"column":154}},"12":{"start":{"line":28,"column":2},"end":{"line":33,"column":5}},"13":{"start":{"line":29,"column":4},"end":{"line":32,"column":7}},"14":{"start":{"line":30,"column":6},"end":{"line":30,"column":48}},"15":{"start":{"line":31,"column":6},"end":{"line":31,"column":16}},"16":{"start":{"line":34,"column":2},"end":{"line":40,"column":5}},"17":{"start":{"line":35,"column":4},"end":{"line":39,"column":7}},"18":{"start":{"line":36,"column":6},"end":{"line":36,"column":60}},"19":{"start":{"line":37,"column":6},"end":{"line":37,"column":66}},"20":{"start":{"line":38,"column":6},"end":{"line":38,"column":16}},"21":{"start":{"line":43,"column":0},"end":{"line":80,"column":3}},"22":{"start":{"line":44,"column":13},"end":{"line":53,"column":3}},"23":{"start":{"line":55,"column":2},"end":{"line":57,"column":5}},"24":{"start":{"line":56,"column":4},"end":{"line":56,"column":173}},"25":{"start":{"line":59,"column":2},"end":{"line":68,"column":5}},"26":{"start":{"line":60,"column":4},"end":{"line":67,"column":7}},"27":{"start":{"line":61,"column":6},"end":{"line":61,"column":79}},"28":{"start":{"line":62,"column":6},"end":{"line":62,"column":83}},"29":{"start":{"line":63,"column":6},"end":{"line":63,"column":82}},"30":{"start":{"line":64,"column":6},"end":{"line":64,"column":79}},"31":{"start":{"line":65,"column":6},"end":{"line":65,"column":78}},"32":{"start":{"line":66,"column":6},"end":{"line":66,"column":13}},"33":{"start":{"line":70,"column":2},"end":{"line":79,"column":5}},"34":{"start":{"line":71,"column":4},"end":{"line":78,"column":7}},"35":{"start":{"line":72,"column":6},"end":{"line":72,"column":95}},"36":{"start":{"line":73,"column":6},"end":{"line":73,"column":99}},"37":{"start":{"line":74,"column":6},"end":{"line":74,"column":98}},"38":{"start":{"line":75,"column":6},"end":{"line":75,"column":95}},"39":{"start":{"line":76,"column":6},"end":{"line":76,"column":94}},"40":{"start":{"line":77,"column":6},"end":{"line":77,"column":13}},"41":{"start":{"line":81,"column":0},"end":{"line":109,"column":3}},"42":{"start":{"line":83,"column":14},"end":{"line":86,"column":3}},"43":{"start":{"line":87,"column":2},"end":{"line":89,"column":5}},"44":{"start":{"line":88,"column":4},"end":{"line":88,"column":174}},"45":{"start":{"line":90,"column":2},"end":{"line":97,"column":5}},"46":{"start":{"line":91,"column":4},"end":{"line":96,"column":7}},"47":{"start":{"line":92,"column":6},"end":{"line":92,"column":44}},"48":{"start":{"line":93,"column":6},"end":{"line":93,"column":55}},"49":{"start":{"line":94,"column":6},"end":{"line":94,"column":53}},"50":{"start":{"line":95,"column":6},"end":{"line":95,"column":13}},"51":{"start":{"line":98,"column":2},"end":{"line":108,"column":5}},"52":{"start":{"line":99,"column":4},"end":{"line":107,"column":7}},"53":{"start":{"line":100,"column":6},"end":{"line":100,"column":69}},"54":{"start":{"line":101,"column":6},"end":{"line":101,"column":95}},"55":{"start":{"line":102,"column":6},"end":{"line":102,"column":99}},"56":{"start":{"line":103,"column":6},"end":{"line":103,"column":98}},"57":{"start":{"line":104,"column":6},"end":{"line":104,"column":98}},"58":{"start":{"line":105,"column":6},"end":{"line":105,"column":95}},"59":{"start":{"line":106,"column":6},"end":{"line":106,"column":13}},"60":{"start":{"line":110,"column":0},"end":{"line":126,"column":3}},"61":{"start":{"line":111,"column":2},"end":{"line":116,"column":5}},"62":{"start":{"line":112,"column":4},"end":{"line":115,"column":7}},"63":{"start":{"line":113,"column":6},"end":{"line":113,"column":64}},"64":{"start":{"line":114,"column":6},"end":{"line":114,"column":13}},"65":{"start":{"line":117,"column":2},"end":{"line":119,"column":5}},"66":{"start":{"line":118,"column":4},"end":{"line":118,"column":158}},"67":{"start":{"line":120,"column":2},"end":{"line":125,"column":5}},"68":{"start":{"line":121,"column":4},"end":{"line":124,"column":7}},"69":{"start":{"line":122,"column":6},"end":{"line":122,"column":66}},"70":{"start":{"line":123,"column":6},"end":{"line":123,"column":16}},"71":{"start":{"line":127,"column":0},"end":{"line":183,"column":3}},"72":{"start":{"line":128,"column":13},"end":{"line":141,"column":3}},"73":{"start":{"line":142,"column":2},"end":{"line":144,"column":5}},"74":{"start":{"line":143,"column":4},"end":{"line":143,"column":170}},"75":{"start":{"line":145,"column":2},"end":{"line":158,"column":5}},"76":{"start":{"line":146,"column":4},"end":{"line":157,"column":7}},"77":{"start":{"line":147,"column":6},"end":{"line":147,"column":55}},"78":{"start":{"line":148,"column":6},"end":{"line":148,"column":53}},"79":{"start":{"line":149,"column":6},"end":{"line":149,"column":87}},"80":{"start":{"line":150,"column":6},"end":{"line":150,"column":83}},"81":{"start":{"line":151,"column":6},"end":{"line":151,"column":82}},"82":{"start":{"line":152,"column":6},"end":{"line":152,"column":79}},"83":{"start":{"line":153,"column":6},"end":{"line":153,"column":78}},"84":{"start":{"line":154,"column":6},"end":{"line":154,"column":80}},"85":{"start":{"line":155,"column":6},"end":{"line":155,"column":88}},"86":{"start":{"line":156,"column":6},"end":{"line":156,"column":13}},"87":{"start":{"line":159,"column":2},"end":{"line":170,"column":5}},"88":{"start":{"line":160,"column":4},"end":{"line":169,"column":7}},"89":{"start":{"line":161,"column":6},"end":{"line":161,"column":105}},"90":{"start":{"line":162,"column":6},"end":{"line":162,"column":99}},"91":{"start":{"line":163,"column":6},"end":{"line":163,"column":98}},"92":{"start":{"line":164,"column":6},"end":{"line":164,"column":95}},"93":{"start":{"line":165,"column":6},"end":{"line":165,"column":94}},"94":{"start":{"line":166,"column":6},"end":{"line":166,"column":96}},"95":{"start":{"line":167,"column":6},"end":{"line":167,"column":106}},"96":{"start":{"line":168,"column":6},"end":{"line":168,"column":13}},"97":{"start":{"line":171,"column":2},"end":{"line":182,"column":5}},"98":{"start":{"line":172,"column":4},"end":{"line":181,"column":7}},"99":{"start":{"line":173,"column":6},"end":{"line":173,"column":108}},"100":{"start":{"line":174,"column":6},"end":{"line":174,"column":101}},"101":{"start":{"line":175,"column":6},"end":{"line":175,"column":100}},"102":{"start":{"line":176,"column":6},"end":{"line":176,"column":97}},"103":{"start":{"line":177,"column":6},"end":{"line":177,"column":96}},"104":{"start":{"line":178,"column":6},"end":{"line":178,"column":98}},"105":{"start":{"line":179,"column":6},"end":{"line":179,"column":106}},"106":{"start":{"line":180,"column":6},"end":{"line":180,"column":13}},"107":{"start":{"line":184,"column":0},"end":{"line":203,"column":3}},"108":{"start":{"line":185,"column":2},"end":{"line":190,"column":5}},"109":{"start":{"line":186,"column":24},"end":{"line":188,"column":5}},"110":{"start":{"line":189,"column":4},"end":{"line":189,"column":182}},"111":{"start":{"line":191,"column":2},"end":{"line":196,"column":5}},"112":{"start":{"line":192,"column":18},"end":{"line":194,"column":5}},"113":{"start":{"line":195,"column":4},"end":{"line":195,"column":176}},"114":{"start":{"line":197,"column":2},"end":{"line":202,"column":5}},"115":{"start":{"line":198,"column":18},"end":{"line":200,"column":5}},"116":{"start":{"line":201,"column":4},"end":{"line":201,"column":176}},"117":{"start":{"line":204,"column":0},"end":{"line":235,"column":3}},"118":{"start":{"line":205,"column":14},"end":{"line":209,"column":3}},"119":{"start":{"line":210,"column":2},"end":{"line":216,"column":5}},"120":{"start":{"line":211,"column":4},"end":{"line":215,"column":7}},"121":{"start":{"line":212,"column":6},"end":{"line":212,"column":69}},"122":{"start":{"line":213,"column":6},"end":{"line":213,"column":69}},"123":{"start":{"line":214,"column":6},"end":{"line":214,"column":13}},"124":{"start":{"line":217,"column":2},"end":{"line":229,"column":5}},"125":{"start":{"line":218,"column":4},"end":{"line":228,"column":7}},"126":{"start":{"line":219,"column":6},"end":{"line":219,"column":105}},"127":{"start":{"line":220,"column":6},"end":{"line":220,"column":98}},"128":{"start":{"line":221,"column":6},"end":{"line":221,"column":105}},"129":{"start":{"line":222,"column":6},"end":{"line":222,"column":101}},"130":{"start":{"line":223,"column":6},"end":{"line":223,"column":105}},"131":{"start":{"line":224,"column":6},"end":{"line":224,"column":105}},"132":{"start":{"line":225,"column":6},"end":{"line":225,"column":102}},"133":{"start":{"line":226,"column":6},"end":{"line":226,"column":102}},"134":{"start":{"line":227,"column":6},"end":{"line":227,"column":13}},"135":{"start":{"line":230,"column":2},"end":{"line":234,"column":5}},"136":{"start":{"line":231,"column":4},"end":{"line":233,"column":7}},"137":{"start":{"line":232,"column":6},"end":{"line":232,"column":13}},"138":{"start":{"line":236,"column":0},"end":{"line":263,"column":3}},"139":{"start":{"line":237,"column":15},"end":{"line":241,"column":3}},"140":{"start":{"line":242,"column":2},"end":{"line":248,"column":5}},"141":{"start":{"line":243,"column":4},"end":{"line":247,"column":7}},"142":{"start":{"line":244,"column":6},"end":{"line":244,"column":69}},"143":{"start":{"line":245,"column":6},"end":{"line":245,"column":69}},"144":{"start":{"line":246,"column":6},"end":{"line":246,"column":13}},"145":{"start":{"line":249,"column":2},"end":{"line":261,"column":5}},"146":{"start":{"line":250,"column":4},"end":{"line":260,"column":7}},"147":{"start":{"line":251,"column":6},"end":{"line":251,"column":105}},"148":{"start":{"line":252,"column":6},"end":{"line":252,"column":98}},"149":{"start":{"line":253,"column":6},"end":{"line":253,"column":105}},"150":{"start":{"line":254,"column":6},"end":{"line":254,"column":101}},"151":{"start":{"line":255,"column":6},"end":{"line":255,"column":105}},"152":{"start":{"line":256,"column":6},"end":{"line":256,"column":105}},"153":{"start":{"line":257,"column":6},"end":{"line":257,"column":102}},"154":{"start":{"line":258,"column":6},"end":{"line":258,"column":102}},"155":{"start":{"line":259,"column":6},"end":{"line":259,"column":13}},"156":{"start":{"line":262,"column":2},"end":{"line":262,"column":60}},"157":{"start":{"line":264,"column":0},"end":{"line":280,"column":3}},"158":{"start":{"line":265,"column":2},"end":{"line":270,"column":5}},"159":{"start":{"line":266,"column":4},"end":{"line":269,"column":7}},"160":{"start":{"line":267,"column":6},"end":{"line":267,"column":64}},"161":{"start":{"line":268,"column":6},"end":{"line":268,"column":13}},"162":{"start":{"line":271,"column":2},"end":{"line":273,"column":5}},"163":{"start":{"line":272,"column":4},"end":{"line":272,"column":162}},"164":{"start":{"line":274,"column":2},"end":{"line":279,"column":5}},"165":{"start":{"line":275,"column":4},"end":{"line":278,"column":7}},"166":{"start":{"line":276,"column":6},"end":{"line":276,"column":66}},"167":{"start":{"line":277,"column":6},"end":{"line":277,"column":16}},"168":{"start":{"line":281,"column":0},"end":{"line":285,"column":3}},"169":{"start":{"line":282,"column":2},"end":{"line":284,"column":5}},"170":{"start":{"line":283,"column":4},"end":{"line":283,"column":175}}},"fnMap":{"0":{"name":"(anonymous_0)","decl":{"start":{"line":18,"column":29},"end":{"line":18,"column":30}},"loc":{"start":{"line":18,"column":41},"end":{"line":41,"column":1}},"line":18},"1":{"name":"(anonymous_1)","decl":{"start":{"line":19,"column":22},"end":{"line":19,"column":23}},"loc":{"start":{"line":19,"column":38},"end":{"line":24,"column":3}},"line":19},"2":{"name":"(anonymous_2)","decl":{"start":{"line":20,"column":140},"end":{"line":20,"column":141}},"loc":{"start":{"line":20,"column":160},"end":{"line":23,"column":5}},"line":20},"3":{"name":"(anonymous_3)","decl":{"start":{"line":25,"column":27},"end":{"line":25,"column":28}},"loc":{"start":{"line":25,"column":43},"end":{"line":27,"column":3}},"line":25},"4":{"name":"(anonymous_4)","decl":{"start":{"line":28,"column":34},"end":{"line":28,"column":35}},"loc":{"start":{"line":28,"column":50},"end":{"line":33,"column":3}},"line":28},"5":{"name":"(anonymous_5)","decl":{"start":{"line":29,"column":152},"end":{"line":29,"column":153}},"loc":{"start":{"line":29,"column":172},"end":{"line":32,"column":5}},"line":29},"6":{"name":"(anonymous_6)","decl":{"start":{"line":34,"column":51},"end":{"line":34,"column":52}},"loc":{"start":{"line":34,"column":67},"end":{"line":40,"column":3}},"line":34},"7":{"name":"(anonymous_7)","decl":{"start":{"line":35,"column":152},"end":{"line":35,"column":153}},"loc":{"start":{"line":35,"column":172},"end":{"line":39,"column":5}},"line":35},"8":{"name":"(anonymous_8)","decl":{"start":{"line":43,"column":25},"end":{"line":43,"column":26}},"loc":{"start":{"line":43,"column":37},"end":{"line":80,"column":1}},"line":43},"9":{"name":"(anonymous_9)","decl":{"start":{"line":55,"column":33},"end":{"line":55,"column":34}},"loc":{"start":{"line":55,"column":49},"end":{"line":57,"column":3}},"line":55},"10":{"name":"(anonymous_10)","decl":{"start":{"line":59,"column":75},"end":{"line":59,"column":76}},"loc":{"start":{"line":59,"column":91},"end":{"line":68,"column":3}},"line":59},"11":{"name":"(anonymous_11)","decl":{"start":{"line":60,"column":128},"end":{"line":60,"column":129}},"loc":{"start":{"line":60,"column":153},"end":{"line":67,"column":5}},"line":60},"12":{"name":"(anonymous_12)","decl":{"start":{"line":70,"column":79},"end":{"line":70,"column":80}},"loc":{"start":{"line":70,"column":95},"end":{"line":79,"column":3}},"line":70},"13":{"name":"(anonymous_13)","decl":{"start":{"line":71,"column":128},"end":{"line":71,"column":129}},"loc":{"start":{"line":71,"column":153},"end":{"line":78,"column":5}},"line":71},"14":{"name":"(anonymous_14)","decl":{"start":{"line":81,"column":25},"end":{"line":81,"column":26}},"loc":{"start":{"line":81,"column":37},"end":{"line":109,"column":1}},"line":81},"15":{"name":"(anonymous_15)","decl":{"start":{"line":87,"column":38},"end":{"line":87,"column":39}},"loc":{"start":{"line":87,"column":54},"end":{"line":89,"column":3}},"line":87},"16":{"name":"(anonymous_16)","decl":{"start":{"line":90,"column":49},"end":{"line":90,"column":50}},"loc":{"start":{"line":90,"column":65},"end":{"line":97,"column":3}},"line":90},"17":{"name":"(anonymous_17)","decl":{"start":{"line":91,"column":160},"end":{"line":91,"column":161}},"loc":{"start":{"line":91,"column":185},"end":{"line":96,"column":5}},"line":91},"18":{"name":"(anonymous_18)","decl":{"start":{"line":98,"column":59},"end":{"line":98,"column":60}},"loc":{"start":{"line":98,"column":75},"end":{"line":108,"column":3}},"line":98},"19":{"name":"(anonymous_19)","decl":{"start":{"line":99,"column":160},"end":{"line":99,"column":161}},"loc":{"start":{"line":99,"column":185},"end":{"line":107,"column":5}},"line":99},"20":{"name":"(anonymous_20)","decl":{"start":{"line":110,"column":26},"end":{"line":110,"column":27}},"loc":{"start":{"line":110,"column":38},"end":{"line":126,"column":1}},"line":110},"21":{"name":"(anonymous_21)","decl":{"start":{"line":111,"column":32},"end":{"line":111,"column":33}},"loc":{"start":{"line":111,"column":48},"end":{"line":116,"column":3}},"line":111},"22":{"name":"(anonymous_22)","decl":{"start":{"line":112,"column":144},"end":{"line":112,"column":145}},"loc":{"start":{"line":112,"column":164},"end":{"line":115,"column":5}},"line":112},"23":{"name":"(anonymous_23)","decl":{"start":{"line":117,"column":27},"end":{"line":117,"column":28}},"loc":{"start":{"line":117,"column":43},"end":{"line":119,"column":3}},"line":117},"24":{"name":"(anonymous_24)","decl":{"start":{"line":120,"column":41},"end":{"line":120,"column":42}},"loc":{"start":{"line":120,"column":57},"end":{"line":125,"column":3}},"line":120},"25":{"name":"(anonymous_25)","decl":{"start":{"line":121,"column":156},"end":{"line":121,"column":157}},"loc":{"start":{"line":121,"column":176},"end":{"line":124,"column":5}},"line":121},"26":{"name":"(anonymous_26)","decl":{"start":{"line":127,"column":27},"end":{"line":127,"column":28}},"loc":{"start":{"line":127,"column":39},"end":{"line":183,"column":1}},"line":127},"27":{"name":"(anonymous_27)","decl":{"start":{"line":142,"column":41},"end":{"line":142,"column":42}},"loc":{"start":{"line":142,"column":57},"end":{"line":144,"column":3}},"line":142},"28":{"name":"(anonymous_28)","decl":{"start":{"line":145,"column":75},"end":{"line":145,"column":76}},"loc":{"start":{"line":145,"column":91},"end":{"line":158,"column":3}},"line":145},"29":{"name":"(anonymous_29)","decl":{"start":{"line":146,"column":125},"end":{"line":146,"column":126}},"loc":{"start":{"line":146,"column":150},"end":{"line":157,"column":5}},"line":146},"30":{"name":"(anonymous_30)","decl":{"start":{"line":159,"column":79},"end":{"line":159,"column":80}},"loc":{"start":{"line":159,"column":95},"end":{"line":170,"column":3}},"line":159},"31":{"name":"(anonymous_31)","decl":{"start":{"line":160,"column":125},"end":{"line":160,"column":126}},"loc":{"start":{"line":160,"column":150},"end":{"line":169,"column":5}},"line":160},"32":{"name":"(anonymous_32)","decl":{"start":{"line":171,"column":65},"end":{"line":171,"column":66}},"loc":{"start":{"line":171,"column":81},"end":{"line":182,"column":3}},"line":171},"33":{"name":"(anonymous_33)","decl":{"start":{"line":172,"column":125},"end":{"line":172,"column":126}},"loc":{"start":{"line":172,"column":150},"end":{"line":181,"column":5}},"line":172},"34":{"name":"(anonymous_34)","decl":{"start":{"line":184,"column":44},"end":{"line":184,"column":45}},"loc":{"start":{"line":184,"column":56},"end":{"line":203,"column":1}},"line":184},"35":{"name":"(anonymous_35)","decl":{"start":{"line":185,"column":32},"end":{"line":185,"column":33}},"loc":{"start":{"line":185,"column":48},"end":{"line":190,"column":3}},"line":185},"36":{"name":"(anonymous_36)","decl":{"start":{"line":191,"column":45},"end":{"line":191,"column":46}},"loc":{"start":{"line":191,"column":61},"end":{"line":196,"column":3}},"line":191},"37":{"name":"(anonymous_37)","decl":{"start":{"line":197,"column":35},"end":{"line":197,"column":36}},"loc":{"start":{"line":197,"column":51},"end":{"line":202,"column":3}},"line":197},"38":{"name":"(anonymous_38)","decl":{"start":{"line":204,"column":53},"end":{"line":204,"column":54}},"loc":{"start":{"line":204,"column":65},"end":{"line":235,"column":1}},"line":204},"39":{"name":"(anonymous_39)","decl":{"start":{"line":210,"column":45},"end":{"line":210,"column":46}},"loc":{"start":{"line":210,"column":61},"end":{"line":216,"column":3}},"line":210},"40":{"name":"(anonymous_40)","decl":{"start":{"line":211,"column":169},"end":{"line":211,"column":170}},"loc":{"start":{"line":211,"column":194},"end":{"line":215,"column":5}},"line":211},"41":{"name":"(anonymous_41)","decl":{"start":{"line":217,"column":60},"end":{"line":217,"column":61}},"loc":{"start":{"line":217,"column":76},"end":{"line":229,"column":3}},"line":217},"42":{"name":"(anonymous_42)","decl":{"start":{"line":218,"column":169},"end":{"line":218,"column":170}},"loc":{"start":{"line":218,"column":194},"end":{"line":228,"column":5}},"line":218},"43":{"name":"(anonymous_43)","decl":{"start":{"line":230,"column":59},"end":{"line":230,"column":60}},"loc":{"start":{"line":230,"column":75},"end":{"line":234,"column":3}},"line":230},"44":{"name":"(anonymous_44)","decl":{"start":{"line":231,"column":169},"end":{"line":231,"column":170}},"loc":{"start":{"line":231,"column":194},"end":{"line":233,"column":5}},"line":231},"45":{"name":"(anonymous_45)","decl":{"start":{"line":236,"column":54},"end":{"line":236,"column":55}},"loc":{"start":{"line":236,"column":66},"end":{"line":263,"column":1}},"line":236},"46":{"name":"(anonymous_46)","decl":{"start":{"line":242,"column":45},"end":{"line":242,"column":46}},"loc":{"start":{"line":242,"column":61},"end":{"line":248,"column":3}},"line":242},"47":{"name":"(anonymous_47)","decl":{"start":{"line":243,"column":171},"end":{"line":243,"column":172}},"loc":{"start":{"line":243,"column":196},"end":{"line":247,"column":5}},"line":243},"48":{"name":"(anonymous_48)","decl":{"start":{"line":249,"column":55},"end":{"line":249,"column":56}},"loc":{"start":{"line":249,"column":71},"end":{"line":261,"column":3}},"line":249},"49":{"name":"(anonymous_49)","decl":{"start":{"line":250,"column":171},"end":{"line":250,"column":172}},"loc":{"start":{"line":250,"column":196},"end":{"line":260,"column":5}},"line":250},"50":{"name":"(anonymous_50)","decl":{"start":{"line":264,"column":30},"end":{"line":264,"column":31}},"loc":{"start":{"line":264,"column":42},"end":{"line":280,"column":1}},"line":264},"51":{"name":"(anonymous_51)","decl":{"start":{"line":265,"column":36},"end":{"line":265,"column":37}},"loc":{"start":{"line":265,"column":52},"end":{"line":270,"column":3}},"line":265},"52":{"name":"(anonymous_52)","decl":{"start":{"line":266,"column":148},"end":{"line":266,"column":149}},"loc":{"start":{"line":266,"column":168},"end":{"line":269,"column":5}},"line":266},"53":{"name":"(anonymous_53)","decl":{"start":{"line":271,"column":27},"end":{"line":271,"column":28}},"loc":{"start":{"line":271,"column":43},"end":{"line":273,"column":3}},"line":271},"54":{"name":"(anonymous_54)","decl":{"start":{"line":274,"column":34},"end":{"line":274,"column":35}},"loc":{"start":{"line":274,"column":50},"end":{"line":279,"column":3}},"line":274},"55":{"name":"(anonymous_55)","decl":{"start":{"line":275,"column":160},"end":{"line":275,"column":161}},"loc":{"start":{"line":275,"column":180},"end":{"line":278,"column":5}},"line":275},"56":{"name":"(anonymous_56)","decl":{"start":{"line":281,"column":45},"end":{"line":281,"column":46}},"loc":{"start":{"line":281,"column":57},"end":{"line":285,"column":1}},"line":281},"57":{"name":"(anonymous_57)","decl":{"start":{"line":282,"column":47},"end":{"line":282,"column":48}},"loc":{"start":{"line":282,"column":63},"end":{"line":284,"column":3}},"line":282}},"branchMap":{},"s":{"0":1,"1":1,"2":1,"3":1,"4":1,"5":1,"6":1,"7":1,"8":1,"9":0,"10":1,"11":1,"12":1,"13":1,"14":1,"15":0,"16":1,"17":1,"18":1,"19":0,"20":0,"21":1,"22":1,"23":1,"24":1,"25":1,"26":1,"27":1,"28":0,"29":0,"30":0,"31":0,"32":0,"33":1,"34":1,"35":1,"36":0,"37":0,"38":0,"39":0,"40":0,"41":1,"42":1,"43":1,"44":1,"45":1,"46":1,"47":1,"48":1,"49":1,"50":0,"51":1,"52":1,"53":1,"54":0,"55":0,"56":0,"57":0,"58":0,"59":0,"60":1,"61":1,"62":1,"63":1,"64":0,"65":1,"66":1,"67":1,"68":1,"69":1,"70":0,"71":1,"72":1,"73":1,"74":1,"75":1,"76":1,"77":1,"78":1,"79":0,"80":0,"81":0,"82":0,"83":0,"84":0,"85":0,"86":0,"87":1,"88":1,"89":1,"90":0,"91":0,"92":0,"93":0,"94":0,"95":0,"96":0,"97":1,"98":1,"99":1,"100":0,"101":0,"102":0,"103":0,"104":0,"105":0,"106":0,"107":1,"108":1,"109":1,"110":1,"111":1,"112":1,"113":1,"114":1,"115":1,"116":1,"117":1,"118":1,"119":1,"120":1,"121":1,"122":0,"123":0,"124":1,"125":1,"126":1,"127":0,"128":0,"129":0,"130":0,"131":0,"132":0,"133":0,"134":0,"135":1,"136":1,"137":1,"138":1,"139":1,"140":1,"141":1,"142":1,"143":0,"144":0,"145":1,"146":1,"147":1,"148":0,"149":0,"150":0,"151":0,"152":0,"153":0,"154":0,"155":0,"156":1,"157":1,"158":1,"159":1,"160":1,"161":0,"162":1,"163":1,"164":1,"165":1,"166":1,"167":0,"168":1,"169":1,"170":1},"f":{"0":1,"1":1,"2":1,"3":1,"4":1,"5":1,"6":1,"7":1,"8":1,"9":1,"10":1,"11":1,"12":1,"13":1,"14":1,"15":1,"16":1,"17":1,"18":1,"19":1,"20":1,"21":1,"22":1,"23":1,"24":1,"25":1,"26":1,"27":1,"28":1,"29":1,"30":1,"31":1,"32":1,"33":1,"34":1,"35":1,"36":1,"37":1,"38":1,"39":1,"40":1,"41":1,"42":1,"43":1,"44":1,"45":1,"46":1,"47":1,"48":1,"49":1,"50":1,"51":1,"52":1,"53":1,"54":1,"55":1,"56":1,"57":1},"b":{},"_coverageSchema":"43e27e138ebf9cfc5966b082cf9a028302ed4184","hash":"aaff74439ae3c61a5bdb3086c697ffd83b40f12b","contentHash":"eb1b58baa7291fc84e5c57fc04f7b9b665eda6e688ede7dde4cfa7ae9234888b"},"/home/airy/Desktop/banka/build/server.js":{"path":"/home/airy/Desktop/banka/build/server.js","statementMap":{"0":{"start":{"line":3,"column":29},"end":{"line":3,"column":84}},"1":{"start":{"line":5,"column":0},"end":{"line":7,"column":3}},"2":{"start":{"line":8,"column":0},"end":{"line":8,"column":28}},"3":{"start":{"line":10,"column":15},"end":{"line":10,"column":57}},"4":{"start":{"line":12,"column":18},"end":{"line":12,"column":72}},"5":{"start":{"line":14,"column":22},"end":{"line":14,"column":80}},"6":{"start":{"line":16,"column":26},"end":{"line":16,"column":88}},"7":{"start":{"line":18,"column":10},"end":{"line":18,"column":36}},"8":{"start":{"line":19,"column":15},"end":{"line":19,"column":18}},"9":{"start":{"line":20,"column":0},"end":{"line":20,"column":30}},"10":{"start":{"line":21,"column":0},"end":{"line":21,"column":36}},"11":{"start":{"line":22,"column":0},"end":{"line":24,"column":4}},"12":{"start":{"line":25,"column":0},"end":{"line":25,"column":48}},"13":{"start":{"line":26,"column":0},"end":{"line":26,"column":56}},"14":{"start":{"line":27,"column":0},"end":{"line":27,"column":64}},"15":{"start":{"line":28,"column":11},"end":{"line":28,"column":35}},"16":{"start":{"line":29,"column":0},"end":{"line":32,"column":3}},"17":{"start":{"line":31,"column":2},"end":{"line":31,"column":56}}},"fnMap":{"0":{"name":"(anonymous_0)","decl":{"start":{"line":29,"column":17},"end":{"line":29,"column":18}},"loc":{"start":{"line":29,"column":29},"end":{"line":32,"column":1}},"line":29}},"branchMap":{"0":{"loc":{"start":{"line":28,"column":11},"end":{"line":28,"column":35}},"type":"binary-expr","locations":[{"start":{"line":28,"column":11},"end":{"line":28,"column":15}},{"start":{"line":28,"column":19},"end":{"line":28,"column":35}}],"line":28}},"s":{"0":1,"1":1,"2":1,"3":1,"4":1,"5":1,"6":1,"7":1,"8":1,"9":1,"10":1,"11":1,"12":1,"13":1,"14":1,"15":1,"16":1,"17":1},"f":{"0":1},"b":{"0":[1,0]},"_coverageSchema":"43e27e138ebf9cfc5966b082cf9a028302ed4184","hash":"4c231913ec301d0dd5682a68aad75db09e8a7dda","contentHash":"596f75b78b8a0311af6d0fd0f666e2a91d16a7e2af4b75b0cf63cba6b59d84da"},"/home/airy/Desktop/banka/build/routes/authRouter.js":{"path":"/home/airy/Desktop/banka/build/routes/authRouter.js","statementMap":{"0":{"start":{"line":3,"column":29},"end":{"line":3,"column":84}},"1":{"start":{"line":5,"column":0},"end":{"line":7,"column":3}},"2":{"start":{"line":8,"column":0},"end":{"line":8,"column":28}},"3":{"start":{"line":10,"column":15},"end":{"line":10,"column":57}},"4":{"start":{"line":12,"column":22},"end":{"line":12,"column":86}},"5":{"start":{"line":14,"column":21},"end":{"line":14,"column":84}},"6":{"start":{"line":16,"column":11},"end":{"line":16,"column":42}},"7":{"start":{"line":17,"column":21},"end":{"line":17,"column":53}},"8":{"start":{"line":19,"column":13},"end":{"line":21,"column":2}},"9":{"start":{"line":23,"column":0},"end":{"line":23,"column":74}},"10":{"start":{"line":24,"column":0},"end":{"line":24,"column":67}},"11":{"start":{"line":25,"column":15},"end":{"line":25,"column":21}},"12":{"start":{"line":26,"column":0},"end":{"line":26,"column":30}}},"fnMap":{},"branchMap":{},"s":{"0":1,"1":1,"2":1,"3":1,"4":1,"5":1,"6":1,"7":1,"8":1,"9":1,"10":1,"11":1,"12":1},"f":{},"b":{},"_coverageSchema":"43e27e138ebf9cfc5966b082cf9a028302ed4184","hash":"e4a4c6c874748fe321a8fcdd8dceb39dbc5e4765","contentHash":"96efdb58cee9a8bfe2e3d5ce87325d92140739267a85215d2536cd3603c761d5"},"/home/airy/Desktop/banka/build/controllers/authController.js":{"path":"/home/airy/Desktop/banka/build/controllers/authController.js","statementMap":{"0":{"start":{"line":3,"column":29},"end":{"line":3,"column":84}},"1":{"start":{"line":5,"column":0},"end":{"line":7,"column":3}},"2":{"start":{"line":8,"column":0},"end":{"line":8,"column":28}},"3":{"start":{"line":10,"column":19},"end":{"line":10,"column":80}},"4":{"start":{"line":12,"column":25},"end":{"line":12,"column":99}},"5":{"start":{"line":14,"column":23},"end":{"line":14,"column":95}},"6":{"start":{"line":16,"column":20},"end":{"line":16,"column":89}},"7":{"start":{"line":18,"column":20},"end":{"line":18,"column":67}},"8":{"start":{"line":20,"column":14},"end":{"line":20,"column":55}},"9":{"start":{"line":22,"column":14},"end":{"line":22,"column":55}},"10":{"start":{"line":24,"column":17},"end":{"line":24,"column":71}},"11":{"start":{"line":27,"column":16},"end":{"line":27,"column":43}},"12":{"start":{"line":31,"column":0},"end":{"line":172,"column":3}},"13":{"start":{"line":33,"column":4},"end":{"line":33,"column":59}},"14":{"start":{"line":36,"column":2},"end":{"line":170,"column":6}},"15":{"start":{"line":39,"column":24},"end":{"line":91,"column":9}},"16":{"start":{"line":43,"column":8},"end":{"line":90,"column":20}},"17":{"start":{"line":44,"column":10},"end":{"line":89,"column":11}},"18":{"start":{"line":45,"column":12},"end":{"line":88,"column":13}},"19":{"start":{"line":47,"column":16},"end":{"line":47,"column":32}},"20":{"start":{"line":49,"column":16},"end":{"line":56,"column":18}},"21":{"start":{"line":57,"column":16},"end":{"line":57,"column":34}},"22":{"start":{"line":58,"column":16},"end":{"line":58,"column":78}},"23":{"start":{"line":61,"column":16},"end":{"line":61,"column":46}},"24":{"start":{"line":62,"column":16},"end":{"line":62,"column":34}},"25":{"start":{"line":63,"column":16},"end":{"line":63,"column":98}},"26":{"start":{"line":66,"column":16},"end":{"line":66,"column":43}},"27":{"start":{"line":67,"column":16},"end":{"line":67,"column":35}},"28":{"start":{"line":68,"column":16},"end":{"line":68,"column":50}},"29":{"start":{"line":71,"column":16},"end":{"line":71,"column":40}},"30":{"start":{"line":73,"column":16},"end":{"line":83,"column":17}},"31":{"start":{"line":74,"column":18},"end":{"line":77,"column":21}},"32":{"start":{"line":78,"column":23},"end":{"line":83,"column":17}},"33":{"start":{"line":79,"column":18},"end":{"line":82,"column":21}},"34":{"start":{"line":87,"column":16},"end":{"line":87,"column":39}},"35":{"start":{"line":94,"column":8},"end":{"line":94,"column":50}},"36":{"start":{"line":97,"column":6},"end":{"line":97,"column":24}},"37":{"start":{"line":102,"column":20},"end":{"line":162,"column":9}},"38":{"start":{"line":107,"column":8},"end":{"line":161,"column":38}},"39":{"start":{"line":108,"column":10},"end":{"line":160,"column":11}},"40":{"start":{"line":109,"column":12},"end":{"line":159,"column":13}},"41":{"start":{"line":111,"column":16},"end":{"line":111,"column":93}},"42":{"start":{"line":112,"column":16},"end":{"line":112,"column":35}},"43":{"start":{"line":113,"column":16},"end":{"line":116,"column":19}},"44":{"start":{"line":119,"column":16},"end":{"line":119,"column":41}},"45":{"start":{"line":121,"column":16},"end":{"line":124,"column":17}},"46":{"start":{"line":122,"column":18},"end":{"line":122,"column":38}},"47":{"start":{"line":123,"column":18},"end":{"line":123,"column":24}},"48":{"start":{"line":126,"column":16},"end":{"line":126,"column":35}},"49":{"start":{"line":127,"column":16},"end":{"line":127,"column":35}},"50":{"start":{"line":128,"column":16},"end":{"line":128,"column":94}},"51":{"start":{"line":131,"column":16},"end":{"line":131,"column":47}},"52":{"start":{"line":133,"column":16},"end":{"line":143,"column":17}},"53":{"start":{"line":134,"column":18},"end":{"line":137,"column":21}},"54":{"start":{"line":139,"column":18},"end":{"line":142,"column":21}},"55":{"start":{"line":145,"column":16},"end":{"line":145,"column":36}},"56":{"start":{"line":146,"column":16},"end":{"line":146,"column":22}},"57":{"start":{"line":149,"column":16},"end":{"line":149,"column":36}},"58":{"start":{"line":150,"column":16},"end":{"line":150,"column":53}},"59":{"start":{"line":151,"column":16},"end":{"line":154,"column":19}},"60":{"start":{"line":158,"column":16},"end":{"line":158,"column":40}},"61":{"start":{"line":165,"column":8},"end":{"line":165,"column":46}},"62":{"start":{"line":168,"column":6},"end":{"line":168,"column":20}},"63":{"start":{"line":171,"column":2},"end":{"line":171,"column":24}},"64":{"start":{"line":174,"column":0},"end":{"line":174,"column":36}}},"fnMap":{"0":{"name":"(anonymous_0)","decl":{"start":{"line":31,"column":0},"end":{"line":31,"column":1}},"loc":{"start":{"line":31,"column":12},"end":{"line":172,"column":1}},"line":31},"1":{"name":"AuthController","decl":{"start":{"line":32,"column":11},"end":{"line":32,"column":25}},"loc":{"start":{"line":32,"column":28},"end":{"line":34,"column":3}},"line":32},"2":{"name":"(anonymous_2)","decl":{"start":{"line":38,"column":11},"end":{"line":38,"column":12}},"loc":{"start":{"line":38,"column":23},"end":{"line":98,"column":5}},"line":38},"3":{"name":"_callee","decl":{"start":{"line":41,"column":44},"end":{"line":41,"column":51}},"loc":{"start":{"line":41,"column":62},"end":{"line":91,"column":7}},"line":41},"4":{"name":"_callee$","decl":{"start":{"line":43,"column":53},"end":{"line":43,"column":61}},"loc":{"start":{"line":43,"column":72},"end":{"line":90,"column":9}},"line":43},"5":{"name":"createUser","decl":{"start":{"line":93,"column":15},"end":{"line":93,"column":25}},"loc":{"start":{"line":93,"column":35},"end":{"line":95,"column":7}},"line":93},"6":{"name":"(anonymous_6)","decl":{"start":{"line":101,"column":11},"end":{"line":101,"column":12}},"loc":{"start":{"line":101,"column":23},"end":{"line":169,"column":5}},"line":101},"7":{"name":"_callee2","decl":{"start":{"line":104,"column":44},"end":{"line":104,"column":52}},"loc":{"start":{"line":104,"column":63},"end":{"line":162,"column":7}},"line":104},"8":{"name":"_callee2$","decl":{"start":{"line":107,"column":53},"end":{"line":107,"column":62}},"loc":{"start":{"line":107,"column":74},"end":{"line":161,"column":9}},"line":107},"9":{"name":"signIn","decl":{"start":{"line":164,"column":15},"end":{"line":164,"column":21}},"loc":{"start":{"line":164,"column":32},"end":{"line":166,"column":7}},"line":164}},"branchMap":{"0":{"loc":{"start":{"line":45,"column":12},"end":{"line":88,"column":13}},"type":"switch","locations":[{"start":{"line":46,"column":14},"end":{"line":58,"column":78}},{"start":{"line":60,"column":14},"end":{"line":63,"column":98}},{"start":{"line":65,"column":14},"end":{"line":68,"column":50}},{"start":{"line":70,"column":14},"end":{"line":83,"column":17}},{"start":{"line":85,"column":14},"end":{"line":85,"column":22}},{"start":{"line":86,"column":14},"end":{"line":87,"column":39}}],"line":45},"1":{"loc":{"start":{"line":73,"column":16},"end":{"line":83,"column":17}},"type":"if","locations":[{"start":{"line":73,"column":16},"end":{"line":83,"column":17}},{"start":{"line":73,"column":16},"end":{"line":83,"column":17}}],"line":73},"2":{"loc":{"start":{"line":78,"column":23},"end":{"line":83,"column":17}},"type":"if","locations":[{"start":{"line":78,"column":23},"end":{"line":83,"column":17}},{"start":{"line":78,"column":23},"end":{"line":83,"column":17}}],"line":78},"3":{"loc":{"start":{"line":109,"column":12},"end":{"line":159,"column":13}},"type":"switch","locations":[{"start":{"line":110,"column":14},"end":{"line":116,"column":19}},{"start":{"line":118,"column":14},"end":{"line":128,"column":94}},{"start":{"line":130,"column":14},"end":{"line":146,"column":22}},{"start":{"line":148,"column":14},"end":{"line":154,"column":19}},{"start":{"line":156,"column":14},"end":{"line":156,"column":22}},{"start":{"line":157,"column":14},"end":{"line":158,"column":40}}],"line":109},"4":{"loc":{"start":{"line":121,"column":16},"end":{"line":124,"column":17}},"type":"if","locations":[{"start":{"line":121,"column":16},"end":{"line":124,"column":17}},{"start":{"line":121,"column":16},"end":{"line":124,"column":17}}],"line":121},"5":{"loc":{"start":{"line":133,"column":16},"end":{"line":143,"column":17}},"type":"if","locations":[{"start":{"line":133,"column":16},"end":{"line":143,"column":17}},{"start":{"line":133,"column":16},"end":{"line":143,"column":17}}],"line":133}},"s":{"0":1,"1":1,"2":1,"3":1,"4":1,"5":1,"6":1,"7":1,"8":1,"9":1,"10":1,"11":1,"12":1,"13":1,"14":1,"15":1,"16":3,"17":12,"18":12,"19":3,"20":3,"21":3,"22":3,"23":3,"24":3,"25":3,"26":3,"27":3,"28":3,"29":3,"30":3,"31":0,"32":3,"33":3,"34":3,"35":3,"36":1,"37":1,"38":0,"39":0,"40":0,"41":0,"42":0,"43":0,"44":0,"45":0,"46":0,"47":0,"48":0,"49":0,"50":0,"51":0,"52":0,"53":0,"54":0,"55":0,"56":0,"57":0,"58":0,"59":0,"60":0,"61":0,"62":1,"63":1,"64":1},"f":{"0":1,"1":1,"2":1,"3":3,"4":12,"5":3,"6":1,"7":0,"8":0,"9":0},"b":{"0":[3,3,3,3,3,3],"1":[0,3],"2":[3,0],"3":[0,0,0,0,0,0],"4":[0,0],"5":[0,0]},"_coverageSchema":"43e27e138ebf9cfc5966b082cf9a028302ed4184","hash":"4dc55586d97d671574c46be64443f993f58ef171","contentHash":"e8dc245917e18d4106dffd416ebb825ceb84a6f594f96835d7f9ff712df6c885"},"/home/airy/Desktop/banka/build/models/authModel.js":{"path":"/home/airy/Desktop/banka/build/models/authModel.js","statementMap":{"0":{"start":{"line":3,"column":29},"end":{"line":3,"column":84}},"1":{"start":{"line":5,"column":0},"end":{"line":7,"column":3}},"2":{"start":{"line":8,"column":0},"end":{"line":8,"column":28}},"3":{"start":{"line":10,"column":19},"end":{"line":10,"column":80}},"4":{"start":{"line":12,"column":25},"end":{"line":12,"column":99}},"5":{"start":{"line":14,"column":23},"end":{"line":14,"column":95}},"6":{"start":{"line":16,"column":20},"end":{"line":16,"column":89}},"7":{"start":{"line":18,"column":10},"end":{"line":18,"column":47}},"8":{"start":{"line":20,"column":16},"end":{"line":20,"column":61}},"9":{"start":{"line":27,"column":0},"end":{"line":141,"column":3}},"10":{"start":{"line":29,"column":4},"end":{"line":29,"column":55}},"11":{"start":{"line":32,"column":2},"end":{"line":139,"column":6}},"12":{"start":{"line":35,"column":24},"end":{"line":76,"column":9}},"13":{"start":{"line":39,"column":8},"end":{"line":75,"column":45}},"14":{"start":{"line":40,"column":10},"end":{"line":74,"column":11}},"15":{"start":{"line":41,"column":12},"end":{"line":73,"column":13}},"16":{"start":{"line":43,"column":16},"end":{"line":43,"column":53}},"17":{"start":{"line":44,"column":16},"end":{"line":44,"column":43}},"18":{"start":{"line":45,"column":16},"end":{"line":47,"column":19}},"19":{"start":{"line":48,"column":16},"end":{"line":48,"column":170}},"20":{"start":{"line":49,"column":16},"end":{"line":49,"column":30}},"21":{"start":{"line":50,"column":16},"end":{"line":50,"column":167}},"22":{"start":{"line":51,"column":16},"end":{"line":51,"column":34}},"23":{"start":{"line":52,"column":16},"end":{"line":52,"column":34}},"24":{"start":{"line":53,"column":16},"end":{"line":53,"column":49}},"25":{"start":{"line":56,"column":16},"end":{"line":56,"column":40}},"26":{"start":{"line":57,"column":16},"end":{"line":57,"column":43}},"27":{"start":{"line":58,"column":16},"end":{"line":58,"column":35}},"28":{"start":{"line":59,"column":16},"end":{"line":59,"column":22}},"29":{"start":{"line":62,"column":16},"end":{"line":62,"column":35}},"30":{"start":{"line":63,"column":16},"end":{"line":63,"column":51}},"31":{"start":{"line":64,"column":16},"end":{"line":64,"column":47}},"32":{"start":{"line":67,"column":16},"end":{"line":67,"column":35}},"33":{"start":{"line":68,"column":16},"end":{"line":68,"column":59}},"34":{"start":{"line":72,"column":16},"end":{"line":72,"column":39}},"35":{"start":{"line":79,"column":8},"end":{"line":79,"column":50}},"36":{"start":{"line":82,"column":6},"end":{"line":82,"column":24}},"37":{"start":{"line":87,"column":20},"end":{"line":131,"column":9}},"38":{"start":{"line":91,"column":8},"end":{"line":130,"column":46}},"39":{"start":{"line":92,"column":10},"end":{"line":129,"column":11}},"40":{"start":{"line":93,"column":12},"end":{"line":128,"column":13}},"41":{"start":{"line":95,"column":16},"end":{"line":95,"column":67}},"42":{"start":{"line":96,"column":16},"end":{"line":96,"column":30}},"43":{"start":{"line":97,"column":16},"end":{"line":97,"column":35}},"44":{"start":{"line":98,"column":16},"end":{"line":98,"column":54}},"45":{"start":{"line":101,"column":16},"end":{"line":101,"column":40}},"46":{"start":{"line":102,"column":16},"end":{"line":102,"column":35}},"47":{"start":{"line":103,"column":16},"end":{"line":103,"column":35}},"48":{"start":{"line":104,"column":16},"end":{"line":104,"column":70}},"49":{"start":{"line":107,"column":16},"end":{"line":107,"column":41}},"50":{"start":{"line":108,"column":16},"end":{"line":108,"column":43}},"51":{"start":{"line":109,"column":16},"end":{"line":109,"column":36}},"52":{"start":{"line":110,"column":16},"end":{"line":110,"column":22}},"53":{"start":{"line":113,"column":16},"end":{"line":113,"column":36}},"54":{"start":{"line":114,"column":16},"end":{"line":114,"column":53}},"55":{"start":{"line":115,"column":16},"end":{"line":115,"column":48}},"56":{"start":{"line":118,"column":16},"end":{"line":118,"column":36}},"57":{"start":{"line":119,"column":16},"end":{"line":119,"column":36}},"58":{"start":{"line":120,"column":16},"end":{"line":120,"column":40}},"59":{"start":{"line":123,"column":16},"end":{"line":123,"column":60}},"60":{"start":{"line":127,"column":16},"end":{"line":127,"column":40}},"61":{"start":{"line":134,"column":8},"end":{"line":134,"column":46}},"62":{"start":{"line":137,"column":6},"end":{"line":137,"column":20}},"63":{"start":{"line":140,"column":2},"end":{"line":140,"column":20}},"64":{"start":{"line":143,"column":0},"end":{"line":143,"column":32}}},"fnMap":{"0":{"name":"(anonymous_0)","decl":{"start":{"line":27,"column":0},"end":{"line":27,"column":1}},"loc":{"start":{"line":27,"column":12},"end":{"line":141,"column":1}},"line":27},"1":{"name":"UsersModel","decl":{"start":{"line":28,"column":11},"end":{"line":28,"column":21}},"loc":{"start":{"line":28,"column":24},"end":{"line":30,"column":3}},"line":28},"2":{"name":"(anonymous_2)","decl":{"start":{"line":34,"column":11},"end":{"line":34,"column":12}},"loc":{"start":{"line":34,"column":23},"end":{"line":83,"column":5}},"line":34},"3":{"name":"_callee","decl":{"start":{"line":37,"column":44},"end":{"line":37,"column":51}},"loc":{"start":{"line":37,"column":64},"end":{"line":76,"column":7}},"line":37},"4":{"name":"_callee$","decl":{"start":{"line":39,"column":53},"end":{"line":39,"column":61}},"loc":{"start":{"line":39,"column":72},"end":{"line":75,"column":9}},"line":39},"5":{"name":"createUser","decl":{"start":{"line":78,"column":15},"end":{"line":78,"column":25}},"loc":{"start":{"line":78,"column":30},"end":{"line":80,"column":7}},"line":78},"6":{"name":"(anonymous_6)","decl":{"start":{"line":86,"column":11},"end":{"line":86,"column":12}},"loc":{"start":{"line":86,"column":23},"end":{"line":138,"column":5}},"line":86},"7":{"name":"_callee2","decl":{"start":{"line":89,"column":44},"end":{"line":89,"column":52}},"loc":{"start":{"line":89,"column":59},"end":{"line":131,"column":7}},"line":89},"8":{"name":"_callee2$","decl":{"start":{"line":91,"column":53},"end":{"line":91,"column":62}},"loc":{"start":{"line":91,"column":74},"end":{"line":130,"column":9}},"line":91},"9":{"name":"signIn","decl":{"start":{"line":133,"column":15},"end":{"line":133,"column":21}},"loc":{"start":{"line":133,"column":27},"end":{"line":135,"column":7}},"line":133}},"branchMap":{"0":{"loc":{"start":{"line":41,"column":12},"end":{"line":73,"column":13}},"type":"switch","locations":[{"start":{"line":42,"column":14},"end":{"line":53,"column":49}},{"start":{"line":55,"column":14},"end":{"line":59,"column":22}},{"start":{"line":61,"column":14},"end":{"line":64,"column":47}},{"start":{"line":66,"column":14},"end":{"line":68,"column":59}},{"start":{"line":70,"column":14},"end":{"line":70,"column":22}},{"start":{"line":71,"column":14},"end":{"line":72,"column":39}}],"line":41},"1":{"loc":{"start":{"line":93,"column":12},"end":{"line":128,"column":13}},"type":"switch","locations":[{"start":{"line":94,"column":14},"end":{"line":98,"column":54}},{"start":{"line":100,"column":14},"end":{"line":104,"column":70}},{"start":{"line":106,"column":14},"end":{"line":110,"column":22}},{"start":{"line":112,"column":14},"end":{"line":115,"column":48}},{"start":{"line":117,"column":14},"end":{"line":120,"column":40}},{"start":{"line":122,"column":14},"end":{"line":123,"column":60}},{"start":{"line":125,"column":14},"end":{"line":125,"column":22}},{"start":{"line":126,"column":14},"end":{"line":127,"column":40}}],"line":93}},"s":{"0":1,"1":1,"2":1,"3":1,"4":1,"5":1,"6":1,"7":1,"8":1,"9":1,"10":1,"11":1,"12":1,"13":3,"14":9,"15":9,"16":3,"17":3,"18":3,"19":3,"20":3,"21":3,"22":3,"23":3,"24":3,"25":0,"26":0,"27":0,"28":0,"29":3,"30":3,"31":3,"32":3,"33":3,"34":3,"35":3,"36":1,"37":1,"38":0,"39":0,"40":0,"41":0,"42":0,"43":0,"44":0,"45":0,"46":0,"47":0,"48":0,"49":0,"50":0,"51":0,"52":0,"53":0,"54":0,"55":0,"56":0,"57":0,"58":0,"59":0,"60":0,"61":0,"62":1,"63":1,"64":1},"f":{"0":1,"1":1,"2":1,"3":3,"4":9,"5":3,"6":1,"7":0,"8":0,"9":0},"b":{"0":[3,0,3,3,0,3],"1":[0,0,0,0,0,0,0,0]},"_coverageSchema":"43e27e138ebf9cfc5966b082cf9a028302ed4184","hash":"f776be4e93bdc307c4d35ff44a7bf8ddd3a81dbf","contentHash":"f59677f22875e3695b19a9b3ef64b042af0785adf63746c5f2b44a102339d700"},"/home/airy/Desktop/banka/build/models/pgConfig.js":{"path":"/home/airy/Desktop/banka/build/models/pgConfig.js","statementMap":{"0":{"start":{"line":3,"column":29},"end":{"line":3,"column":84}},"1":{"start":{"line":5,"column":0},"end":{"line":7,"column":3}},"2":{"start":{"line":8,"column":0},"end":{"line":8,"column":28}},"3":{"start":{"line":10,"column":10},"end":{"line":10,"column":47}},"4":{"start":{"line":12,"column":23},"end":{"line":12,"column":40}},"5":{"start":{"line":13,"column":11},"end":{"line":13,"column":30}},"6":{"start":{"line":14,"column":11},"end":{"line":16,"column":2}},"7":{"start":{"line":17,"column":15},"end":{"line":17,"column":19}},"8":{"start":{"line":18,"column":0},"end":{"line":18,"column":30}}},"fnMap":{},"branchMap":{},"s":{"0":1,"1":1,"2":1,"3":1,"4":1,"5":1,"6":1,"7":1,"8":1},"f":{},"b":{},"_coverageSchema":"43e27e138ebf9cfc5966b082cf9a028302ed4184","hash":"8d138f17e50ae9d9fc6bfbabc7569636c08ebdfc","contentHash":"f152ac69267342cd69034fd372eb738835be567a45ee11d7443f305b8e1ee187"},"/home/airy/Desktop/banka/build/middlewares/authValidator.js":{"path":"/home/airy/Desktop/banka/build/middlewares/authValidator.js","statementMap":{"0":{"start":{"line":3,"column":29},"end":{"line":3,"column":84}},"1":{"start":{"line":5,"column":0},"end":{"line":7,"column":3}},"2":{"start":{"line":8,"column":0},"end":{"line":8,"column":28}},"3":{"start":{"line":10,"column":23},"end":{"line":10,"column":95}},"4":{"start":{"line":12,"column":20},"end":{"line":12,"column":89}},"5":{"start":{"line":14,"column":11},"end":{"line":14,"column":49}},"6":{"start":{"line":19,"column":0},"end":{"line":101,"column":3}},"7":{"start":{"line":21,"column":4},"end":{"line":21,"column":58}},"8":{"start":{"line":24,"column":2},"end":{"line":99,"column":6}},"9":{"start":{"line":27,"column":17},"end":{"line":34,"column":7}},"10":{"start":{"line":36,"column":19},"end":{"line":42,"column":8}},"11":{"start":{"line":44,"column":26},"end":{"line":46,"column":8}},"12":{"start":{"line":47,"column":18},"end":{"line":47,"column":37}},"13":{"start":{"line":49,"column":6},"end":{"line":61,"column":7}},"14":{"start":{"line":50,"column":27},"end":{"line":50,"column":40}},"15":{"start":{"line":51,"column":28},"end":{"line":51,"column":30}},"16":{"start":{"line":53,"column":8},"end":{"line":55,"column":9}},"17":{"start":{"line":54,"column":10},"end":{"line":54,"column":72}},"18":{"start":{"line":57,"column":8},"end":{"line":60,"column":11}},"19":{"start":{"line":63,"column":6},"end":{"line":63,"column":13}},"20":{"start":{"line":68,"column":22},"end":{"line":68,"column":30}},"21":{"start":{"line":69,"column":18},"end":{"line":69,"column":33}},"22":{"start":{"line":70,"column":21},"end":{"line":70,"column":39}},"23":{"start":{"line":72,"column":19},"end":{"line":75,"column":8}},"24":{"start":{"line":77,"column":27},"end":{"line":80,"column":16}},"25":{"start":{"line":81,"column":18},"end":{"line":81,"column":38}},"26":{"start":{"line":83,"column":6},"end":{"line":95,"column":7}},"27":{"start":{"line":84,"column":27},"end":{"line":84,"column":40}},"28":{"start":{"line":85,"column":28},"end":{"line":85,"column":30}},"29":{"start":{"line":87,"column":8},"end":{"line":89,"column":9}},"30":{"start":{"line":88,"column":10},"end":{"line":88,"column":72}},"31":{"start":{"line":91,"column":8},"end":{"line":94,"column":11}},"32":{"start":{"line":97,"column":6},"end":{"line":97,"column":13}},"33":{"start":{"line":100,"column":2},"end":{"line":100,"column":23}},"34":{"start":{"line":103,"column":0},"end":{"line":103,"column":35}}},"fnMap":{"0":{"name":"(anonymous_0)","decl":{"start":{"line":19,"column":0},"end":{"line":19,"column":1}},"loc":{"start":{"line":19,"column":12},"end":{"line":101,"column":1}},"line":19},"1":{"name":"AuthValidator","decl":{"start":{"line":20,"column":11},"end":{"line":20,"column":24}},"loc":{"start":{"line":20,"column":27},"end":{"line":22,"column":3}},"line":20},"2":{"name":"validateUserInput","decl":{"start":{"line":26,"column":20},"end":{"line":26,"column":37}},"loc":{"start":{"line":26,"column":54},"end":{"line":64,"column":5}},"line":26},"3":{"name":"validateSignIn","decl":{"start":{"line":67,"column":20},"end":{"line":67,"column":34}},"loc":{"start":{"line":67,"column":51},"end":{"line":98,"column":5}},"line":67}},"branchMap":{"0":{"loc":{"start":{"line":49,"column":6},"end":{"line":61,"column":7}},"type":"if","locations":[{"start":{"line":49,"column":6},"end":{"line":61,"column":7}},{"start":{"line":49,"column":6},"end":{"line":61,"column":7}}],"line":49},"1":{"loc":{"start":{"line":83,"column":6},"end":{"line":95,"column":7}},"type":"if","locations":[{"start":{"line":83,"column":6},"end":{"line":95,"column":7}},{"start":{"line":83,"column":6},"end":{"line":95,"column":7}}],"line":83}},"s":{"0":1,"1":1,"2":1,"3":1,"4":1,"5":1,"6":1,"7":1,"8":1,"9":3,"10":3,"11":3,"12":3,"13":3,"14":0,"15":0,"16":0,"17":0,"18":0,"19":3,"20":3,"21":3,"22":3,"23":3,"24":3,"25":3,"26":3,"27":3,"28":3,"29":3,"30":3,"31":3,"32":0,"33":1,"34":1},"f":{"0":1,"1":1,"2":3,"3":3},"b":{"0":[0,3],"1":[3,0]},"_coverageSchema":"43e27e138ebf9cfc5966b082cf9a028302ed4184","hash":"08590d52617e4a13a87a7fbf9cf632bfa0cb3f06","contentHash":"fd865749a86e3a8e49b76685a2b1fccaca4a8e7e17bfceedfd87902bfe9c14ab"},"/home/airy/Desktop/banka/build/routes/accountsRouter.js":{"path":"/home/airy/Desktop/banka/build/routes/accountsRouter.js","statementMap":{"0":{"start":{"line":3,"column":29},"end":{"line":3,"column":84}},"1":{"start":{"line":5,"column":0},"end":{"line":7,"column":3}},"2":{"start":{"line":8,"column":0},"end":{"line":8,"column":28}},"3":{"start":{"line":10,"column":15},"end":{"line":10,"column":57}},"4":{"start":{"line":12,"column":26},"end":{"line":12,"column":94}},"5":{"start":{"line":14,"column":25},"end":{"line":14,"column":92}},"6":{"start":{"line":16,"column":23},"end":{"line":16,"column":58}},"7":{"start":{"line":17,"column":24},"end":{"line":17,"column":60}},"8":{"start":{"line":19,"column":13},"end":{"line":21,"column":2}},"9":{"start":{"line":23,"column":0},"end":{"line":23,"column":94}},"10":{"start":{"line":24,"column":0},"end":{"line":24,"column":83}},"11":{"start":{"line":25,"column":0},"end":{"line":25,"column":75}},"12":{"start":{"line":26,"column":15},"end":{"line":26,"column":21}},"13":{"start":{"line":27,"column":0},"end":{"line":27,"column":30}}},"fnMap":{},"branchMap":{},"s":{"0":1,"1":1,"2":1,"3":1,"4":1,"5":1,"6":1,"7":1,"8":1,"9":1,"10":1,"11":1,"12":1,"13":1},"f":{},"b":{},"_coverageSchema":"43e27e138ebf9cfc5966b082cf9a028302ed4184","hash":"8a2a8eea27b29a68293bae56a87d43a5c4e7dd96","contentHash":"ecb14633e0c10333d5d23ff1b7d488299624e57e553ffaf21c9aaf4504f07e6d"},"/home/airy/Desktop/banka/build/controllers/accountsController.js":{"path":"/home/airy/Desktop/banka/build/controllers/accountsController.js","statementMap":{"0":{"start":{"line":3,"column":29},"end":{"line":3,"column":84}},"1":{"start":{"line":5,"column":0},"end":{"line":7,"column":3}},"2":{"start":{"line":8,"column":0},"end":{"line":8,"column":28}},"3":{"start":{"line":10,"column":19},"end":{"line":10,"column":80}},"4":{"start":{"line":12,"column":25},"end":{"line":12,"column":99}},"5":{"start":{"line":14,"column":23},"end":{"line":14,"column":95}},"6":{"start":{"line":16,"column":20},"end":{"line":16,"column":89}},"7":{"start":{"line":18,"column":21},"end":{"line":18,"column":79}},"8":{"start":{"line":21,"column":20},"end":{"line":21,"column":51}},"9":{"start":{"line":25,"column":0},"end":{"line":177,"column":3}},"10":{"start":{"line":27,"column":4},"end":{"line":27,"column":63}},"11":{"start":{"line":30,"column":2},"end":{"line":175,"column":6}},"12":{"start":{"line":33,"column":31},"end":{"line":73,"column":9}},"13":{"start":{"line":38,"column":8},"end":{"line":72,"column":20}},"14":{"start":{"line":39,"column":10},"end":{"line":71,"column":11}},"15":{"start":{"line":40,"column":12},"end":{"line":70,"column":13}},"16":{"start":{"line":42,"column":16},"end":{"line":42,"column":155}},"17":{"start":{"line":43,"column":16},"end":{"line":48,"column":18}},"18":{"start":{"line":49,"column":16},"end":{"line":49,"column":34}},"19":{"start":{"line":50,"column":16},"end":{"line":50,"column":65}},"20":{"start":{"line":53,"column":16},"end":{"line":53,"column":40}},"21":{"start":{"line":55,"column":16},"end":{"line":65,"column":17}},"22":{"start":{"line":56,"column":18},"end":{"line":59,"column":21}},"23":{"start":{"line":60,"column":23},"end":{"line":65,"column":17}},"24":{"start":{"line":61,"column":18},"end":{"line":64,"column":21}},"25":{"start":{"line":69,"column":16},"end":{"line":69,"column":39}},"26":{"start":{"line":76,"column":8},"end":{"line":76,"column":57}},"27":{"start":{"line":79,"column":6},"end":{"line":79,"column":31}},"28":{"start":{"line":84,"column":39},"end":{"line":121,"column":9}},"29":{"start":{"line":88,"column":8},"end":{"line":120,"column":21}},"30":{"start":{"line":89,"column":10},"end":{"line":119,"column":11}},"31":{"start":{"line":90,"column":12},"end":{"line":118,"column":13}},"32":{"start":{"line":92,"column":16},"end":{"line":92,"column":57}},"33":{"start":{"line":93,"column":16},"end":{"line":93,"column":41}},"34":{"start":{"line":94,"column":16},"end":{"line":94,"column":35}},"35":{"start":{"line":95,"column":16},"end":{"line":98,"column":19}},"36":{"start":{"line":101,"column":16},"end":{"line":101,"column":41}},"37":{"start":{"line":103,"column":16},"end":{"line":113,"column":17}},"38":{"start":{"line":104,"column":18},"end":{"line":107,"column":21}},"39":{"start":{"line":108,"column":23},"end":{"line":113,"column":17}},"40":{"start":{"line":109,"column":18},"end":{"line":112,"column":21}},"41":{"start":{"line":117,"column":16},"end":{"line":117,"column":40}},"42":{"start":{"line":124,"column":8},"end":{"line":124,"column":65}},"43":{"start":{"line":127,"column":6},"end":{"line":127,"column":39}},"44":{"start":{"line":132,"column":27},"end":{"line":167,"column":9}},"45":{"start":{"line":136,"column":8},"end":{"line":166,"column":21}},"46":{"start":{"line":137,"column":10},"end":{"line":165,"column":11}},"47":{"start":{"line":138,"column":12},"end":{"line":164,"column":13}},"48":{"start":{"line":140,"column":16},"end":{"line":140,"column":57}},"49":{"start":{"line":141,"column":16},"end":{"line":141,"column":35}},"50":{"start":{"line":142,"column":16},"end":{"line":144,"column":19}},"51":{"start":{"line":147,"column":16},"end":{"line":147,"column":41}},"52":{"start":{"line":149,"column":16},"end":{"line":159,"column":17}},"53":{"start":{"line":150,"column":18},"end":{"line":153,"column":21}},"54":{"start":{"line":154,"column":23},"end":{"line":159,"column":17}},"55":{"start":{"line":155,"column":18},"end":{"line":158,"column":21}},"56":{"start":{"line":163,"column":16},"end":{"line":163,"column":40}},"57":{"start":{"line":170,"column":8},"end":{"line":170,"column":53}},"58":{"start":{"line":173,"column":6},"end":{"line":173,"column":27}},"59":{"start":{"line":176,"column":2},"end":{"line":176,"column":28}},"60":{"start":{"line":179,"column":0},"end":{"line":179,"column":40}}},"fnMap":{"0":{"name":"(anonymous_0)","decl":{"start":{"line":25,"column":0},"end":{"line":25,"column":1}},"loc":{"start":{"line":25,"column":12},"end":{"line":177,"column":1}},"line":25},"1":{"name":"AccountsController","decl":{"start":{"line":26,"column":11},"end":{"line":26,"column":29}},"loc":{"start":{"line":26,"column":32},"end":{"line":28,"column":3}},"line":26},"2":{"name":"(anonymous_2)","decl":{"start":{"line":32,"column":11},"end":{"line":32,"column":12}},"loc":{"start":{"line":32,"column":23},"end":{"line":80,"column":5}},"line":32},"3":{"name":"_callee","decl":{"start":{"line":35,"column":44},"end":{"line":35,"column":51}},"loc":{"start":{"line":35,"column":62},"end":{"line":73,"column":7}},"line":35},"4":{"name":"_callee$","decl":{"start":{"line":38,"column":53},"end":{"line":38,"column":61}},"loc":{"start":{"line":38,"column":72},"end":{"line":72,"column":9}},"line":38},"5":{"name":"createBankAccount","decl":{"start":{"line":75,"column":15},"end":{"line":75,"column":32}},"loc":{"start":{"line":75,"column":42},"end":{"line":77,"column":7}},"line":75},"6":{"name":"(anonymous_6)","decl":{"start":{"line":83,"column":11},"end":{"line":83,"column":12}},"loc":{"start":{"line":83,"column":23},"end":{"line":128,"column":5}},"line":83},"7":{"name":"_callee2","decl":{"start":{"line":86,"column":44},"end":{"line":86,"column":52}},"loc":{"start":{"line":86,"column":63},"end":{"line":121,"column":7}},"line":86},"8":{"name":"_callee2$","decl":{"start":{"line":88,"column":53},"end":{"line":88,"column":62}},"loc":{"start":{"line":88,"column":74},"end":{"line":120,"column":9}},"line":88},"9":{"name":"activateDeactivateAccount","decl":{"start":{"line":123,"column":15},"end":{"line":123,"column":40}},"loc":{"start":{"line":123,"column":51},"end":{"line":125,"column":7}},"line":123},"10":{"name":"(anonymous_10)","decl":{"start":{"line":131,"column":11},"end":{"line":131,"column":12}},"loc":{"start":{"line":131,"column":23},"end":{"line":174,"column":5}},"line":131},"11":{"name":"_callee3","decl":{"start":{"line":134,"column":44},"end":{"line":134,"column":52}},"loc":{"start":{"line":134,"column":63},"end":{"line":167,"column":7}},"line":134},"12":{"name":"_callee3$","decl":{"start":{"line":136,"column":53},"end":{"line":136,"column":62}},"loc":{"start":{"line":136,"column":74},"end":{"line":166,"column":9}},"line":136},"13":{"name":"deleteAccount","decl":{"start":{"line":169,"column":15},"end":{"line":169,"column":28}},"loc":{"start":{"line":169,"column":39},"end":{"line":171,"column":7}},"line":169}},"branchMap":{"0":{"loc":{"start":{"line":40,"column":12},"end":{"line":70,"column":13}},"type":"switch","locations":[{"start":{"line":41,"column":14},"end":{"line":50,"column":65}},{"start":{"line":52,"column":14},"end":{"line":65,"column":17}},{"start":{"line":67,"column":14},"end":{"line":67,"column":21}},{"start":{"line":68,"column":14},"end":{"line":69,"column":39}}],"line":40},"1":{"loc":{"start":{"line":55,"column":16},"end":{"line":65,"column":17}},"type":"if","locations":[{"start":{"line":55,"column":16},"end":{"line":65,"column":17}},{"start":{"line":55,"column":16},"end":{"line":65,"column":17}}],"line":55},"2":{"loc":{"start":{"line":60,"column":23},"end":{"line":65,"column":17}},"type":"if","locations":[{"start":{"line":60,"column":23},"end":{"line":65,"column":17}},{"start":{"line":60,"column":23},"end":{"line":65,"column":17}}],"line":60},"3":{"loc":{"start":{"line":90,"column":12},"end":{"line":118,"column":13}},"type":"switch","locations":[{"start":{"line":91,"column":14},"end":{"line":98,"column":19}},{"start":{"line":100,"column":14},"end":{"line":113,"column":17}},{"start":{"line":115,"column":14},"end":{"line":115,"column":21}},{"start":{"line":116,"column":14},"end":{"line":117,"column":40}}],"line":90},"4":{"loc":{"start":{"line":103,"column":16},"end":{"line":113,"column":17}},"type":"if","locations":[{"start":{"line":103,"column":16},"end":{"line":113,"column":17}},{"start":{"line":103,"column":16},"end":{"line":113,"column":17}}],"line":103},"5":{"loc":{"start":{"line":108,"column":23},"end":{"line":113,"column":17}},"type":"if","locations":[{"start":{"line":108,"column":23},"end":{"line":113,"column":17}},{"start":{"line":108,"column":23},"end":{"line":113,"column":17}}],"line":108},"6":{"loc":{"start":{"line":138,"column":12},"end":{"line":164,"column":13}},"type":"switch","locations":[{"start":{"line":139,"column":14},"end":{"line":144,"column":19}},{"start":{"line":146,"column":14},"end":{"line":159,"column":17}},{"start":{"line":161,"column":14},"end":{"line":161,"column":21}},{"start":{"line":162,"column":14},"end":{"line":163,"column":40}}],"line":138},"7":{"loc":{"start":{"line":149,"column":16},"end":{"line":159,"column":17}},"type":"if","locations":[{"start":{"line":149,"column":16},"end":{"line":159,"column":17}},{"start":{"line":149,"column":16},"end":{"line":159,"column":17}}],"line":149},"8":{"loc":{"start":{"line":154,"column":23},"end":{"line":159,"column":17}},"type":"if","locations":[{"start":{"line":154,"column":23},"end":{"line":159,"column":17}},{"start":{"line":154,"column":23},"end":{"line":159,"column":17}}],"line":154}},"s":{"0":1,"1":1,"2":1,"3":1,"4":1,"5":1,"6":1,"7":1,"8":1,"9":1,"10":1,"11":1,"12":1,"13":0,"14":0,"15":0,"16":0,"17":0,"18":0,"19":0,"20":0,"21":0,"22":0,"23":0,"24":0,"25":0,"26":0,"27":1,"28":1,"29":3,"30":6,"31":6,"32":3,"33":3,"34":3,"35":3,"36":3,"37":3,"38":0,"39":3,"40":3,"41":3,"42":3,"43":1,"44":1,"45":1,"46":2,"47":2,"48":1,"49":1,"50":1,"51":1,"52":1,"53":0,"54":1,"55":1,"56":1,"57":1,"58":1,"59":1,"60":1},"f":{"0":1,"1":1,"2":1,"3":0,"4":0,"5":0,"6":1,"7":3,"8":6,"9":3,"10":1,"11":1,"12":2,"13":1},"b":{"0":[0,0,0,0],"1":[0,0],"2":[0,0],"3":[3,3,3,3],"4":[0,3],"5":[3,0],"6":[1,1,1,1],"7":[0,1],"8":[1,0]},"_coverageSchema":"43e27e138ebf9cfc5966b082cf9a028302ed4184","hash":"d074503aff0eb3c8a1526ccf068f38e83ad76e48","contentHash":"6cf66af57f8c7b7263fade5490389ef306bb511165c4a6f212acfa47a46cb852"},"/home/airy/Desktop/banka/build/models/accountsModel.js":{"path":"/home/airy/Desktop/banka/build/models/accountsModel.js","statementMap":{"0":{"start":{"line":3,"column":29},"end":{"line":3,"column":84}},"1":{"start":{"line":5,"column":0},"end":{"line":7,"column":3}},"2":{"start":{"line":8,"column":0},"end":{"line":8,"column":28}},"3":{"start":{"line":10,"column":19},"end":{"line":10,"column":80}},"4":{"start":{"line":12,"column":25},"end":{"line":12,"column":99}},"5":{"start":{"line":14,"column":23},"end":{"line":14,"column":95}},"6":{"start":{"line":16,"column":20},"end":{"line":16,"column":89}},"7":{"start":{"line":18,"column":16},"end":{"line":18,"column":61}},"8":{"start":{"line":27,"column":0},"end":{"line":172,"column":3}},"9":{"start":{"line":29,"column":4},"end":{"line":29,"column":58}},"10":{"start":{"line":32,"column":2},"end":{"line":170,"column":6}},"11":{"start":{"line":35,"column":31},"end":{"line":70,"column":9}},"12":{"start":{"line":39,"column":8},"end":{"line":69,"column":44}},"13":{"start":{"line":40,"column":10},"end":{"line":68,"column":11}},"14":{"start":{"line":41,"column":12},"end":{"line":67,"column":13}},"15":{"start":{"line":43,"column":16},"end":{"line":43,"column":81}},"16":{"start":{"line":44,"column":16},"end":{"line":44,"column":30}},"17":{"start":{"line":45,"column":16},"end":{"line":45,"column":34}},"18":{"start":{"line":46,"column":16},"end":{"line":46,"column":34}},"19":{"start":{"line":47,"column":16},"end":{"line":47,"column":81}},"20":{"start":{"line":50,"column":16},"end":{"line":50,"column":40}},"21":{"start":{"line":51,"column":16},"end":{"line":51,"column":43}},"22":{"start":{"line":52,"column":16},"end":{"line":52,"column":35}},"23":{"start":{"line":53,"column":16},"end":{"line":53,"column":22}},"24":{"start":{"line":56,"column":16},"end":{"line":56,"column":34}},"25":{"start":{"line":57,"column":16},"end":{"line":57,"column":51}},"26":{"start":{"line":58,"column":16},"end":{"line":58,"column":47}},"27":{"start":{"line":61,"column":16},"end":{"line":61,"column":35}},"28":{"start":{"line":62,"column":16},"end":{"line":62,"column":59}},"29":{"start":{"line":66,"column":16},"end":{"line":66,"column":39}},"30":{"start":{"line":73,"column":8},"end":{"line":73,"column":57}},"31":{"start":{"line":76,"column":6},"end":{"line":76,"column":31}},"32":{"start":{"line":81,"column":39},"end":{"line":116,"column":9}},"33":{"start":{"line":85,"column":8},"end":{"line":115,"column":45}},"34":{"start":{"line":86,"column":10},"end":{"line":114,"column":11}},"35":{"start":{"line":87,"column":12},"end":{"line":113,"column":13}},"36":{"start":{"line":89,"column":16},"end":{"line":89,"column":90}},"37":{"start":{"line":90,"column":16},"end":{"line":90,"column":30}},"38":{"start":{"line":91,"column":16},"end":{"line":91,"column":35}},"39":{"start":{"line":92,"column":16},"end":{"line":92,"column":35}},"40":{"start":{"line":93,"column":16},"end":{"line":93,"column":97}},"41":{"start":{"line":96,"column":16},"end":{"line":96,"column":41}},"42":{"start":{"line":97,"column":16},"end":{"line":97,"column":43}},"43":{"start":{"line":98,"column":16},"end":{"line":98,"column":36}},"44":{"start":{"line":99,"column":16},"end":{"line":99,"column":22}},"45":{"start":{"line":102,"column":16},"end":{"line":102,"column":35}},"46":{"start":{"line":103,"column":16},"end":{"line":103,"column":53}},"47":{"start":{"line":104,"column":16},"end":{"line":104,"column":48}},"48":{"start":{"line":107,"column":16},"end":{"line":107,"column":36}},"49":{"start":{"line":108,"column":16},"end":{"line":108,"column":60}},"50":{"start":{"line":112,"column":16},"end":{"line":112,"column":40}},"51":{"start":{"line":119,"column":8},"end":{"line":119,"column":65}},"52":{"start":{"line":122,"column":6},"end":{"line":122,"column":39}},"53":{"start":{"line":127,"column":31},"end":{"line":162,"column":9}},"54":{"start":{"line":131,"column":8},"end":{"line":161,"column":45}},"55":{"start":{"line":132,"column":10},"end":{"line":160,"column":11}},"56":{"start":{"line":133,"column":12},"end":{"line":159,"column":13}},"57":{"start":{"line":135,"column":16},"end":{"line":135,"column":173}},"58":{"start":{"line":136,"column":16},"end":{"line":136,"column":30}},"59":{"start":{"line":137,"column":16},"end":{"line":137,"column":35}},"60":{"start":{"line":138,"column":16},"end":{"line":138,"column":35}},"61":{"start":{"line":139,"column":16},"end":{"line":139,"column":169}},"62":{"start":{"line":142,"column":16},"end":{"line":142,"column":41}},"63":{"start":{"line":143,"column":16},"end":{"line":143,"column":43}},"64":{"start":{"line":144,"column":16},"end":{"line":144,"column":36}},"65":{"start":{"line":145,"column":16},"end":{"line":145,"column":22}},"66":{"start":{"line":148,"column":16},"end":{"line":148,"column":35}},"67":{"start":{"line":149,"column":16},"end":{"line":149,"column":53}},"68":{"start":{"line":150,"column":16},"end":{"line":150,"column":48}},"69":{"start":{"line":153,"column":16},"end":{"line":153,"column":36}},"70":{"start":{"line":154,"column":16},"end":{"line":154,"column":60}},"71":{"start":{"line":158,"column":16},"end":{"line":158,"column":40}},"72":{"start":{"line":165,"column":8},"end":{"line":165,"column":57}},"73":{"start":{"line":168,"column":6},"end":{"line":168,"column":31}},"74":{"start":{"line":171,"column":2},"end":{"line":171,"column":23}},"75":{"start":{"line":174,"column":0},"end":{"line":174,"column":35}}},"fnMap":{"0":{"name":"(anonymous_0)","decl":{"start":{"line":27,"column":0},"end":{"line":27,"column":1}},"loc":{"start":{"line":27,"column":12},"end":{"line":172,"column":1}},"line":27},"1":{"name":"AccountsModel","decl":{"start":{"line":28,"column":11},"end":{"line":28,"column":24}},"loc":{"start":{"line":28,"column":27},"end":{"line":30,"column":3}},"line":28},"2":{"name":"(anonymous_2)","decl":{"start":{"line":34,"column":11},"end":{"line":34,"column":12}},"loc":{"start":{"line":34,"column":23},"end":{"line":77,"column":5}},"line":34},"3":{"name":"_callee","decl":{"start":{"line":37,"column":44},"end":{"line":37,"column":51}},"loc":{"start":{"line":37,"column":61},"end":{"line":70,"column":7}},"line":37},"4":{"name":"_callee$","decl":{"start":{"line":39,"column":53},"end":{"line":39,"column":61}},"loc":{"start":{"line":39,"column":72},"end":{"line":69,"column":9}},"line":39},"5":{"name":"deleteBankAccount","decl":{"start":{"line":72,"column":15},"end":{"line":72,"column":32}},"loc":{"start":{"line":72,"column":37},"end":{"line":74,"column":7}},"line":72},"6":{"name":"(anonymous_6)","decl":{"start":{"line":80,"column":11},"end":{"line":80,"column":12}},"loc":{"start":{"line":80,"column":23},"end":{"line":123,"column":5}},"line":80},"7":{"name":"_callee2","decl":{"start":{"line":83,"column":44},"end":{"line":83,"column":52}},"loc":{"start":{"line":83,"column":62},"end":{"line":116,"column":7}},"line":83},"8":{"name":"_callee2$","decl":{"start":{"line":85,"column":53},"end":{"line":85,"column":62}},"loc":{"start":{"line":85,"column":74},"end":{"line":115,"column":9}},"line":85},"9":{"name":"activateDeactivateAccount","decl":{"start":{"line":118,"column":15},"end":{"line":118,"column":40}},"loc":{"start":{"line":118,"column":46},"end":{"line":120,"column":7}},"line":118},"10":{"name":"(anonymous_10)","decl":{"start":{"line":126,"column":11},"end":{"line":126,"column":12}},"loc":{"start":{"line":126,"column":23},"end":{"line":169,"column":5}},"line":126},"11":{"name":"_callee3","decl":{"start":{"line":129,"column":44},"end":{"line":129,"column":52}},"loc":{"start":{"line":129,"column":66},"end":{"line":162,"column":7}},"line":129},"12":{"name":"_callee3$","decl":{"start":{"line":131,"column":53},"end":{"line":131,"column":62}},"loc":{"start":{"line":131,"column":74},"end":{"line":161,"column":9}},"line":131},"13":{"name":"createBankAccount","decl":{"start":{"line":164,"column":15},"end":{"line":164,"column":32}},"loc":{"start":{"line":164,"column":38},"end":{"line":166,"column":7}},"line":164}},"branchMap":{"0":{"loc":{"start":{"line":41,"column":12},"end":{"line":67,"column":13}},"type":"switch","locations":[{"start":{"line":42,"column":14},"end":{"line":47,"column":81}},{"start":{"line":49,"column":14},"end":{"line":53,"column":22}},{"start":{"line":55,"column":14},"end":{"line":58,"column":47}},{"start":{"line":60,"column":14},"end":{"line":62,"column":59}},{"start":{"line":64,"column":14},"end":{"line":64,"column":22}},{"start":{"line":65,"column":14},"end":{"line":66,"column":39}}],"line":41},"1":{"loc":{"start":{"line":87,"column":12},"end":{"line":113,"column":13}},"type":"switch","locations":[{"start":{"line":88,"column":14},"end":{"line":93,"column":97}},{"start":{"line":95,"column":14},"end":{"line":99,"column":22}},{"start":{"line":101,"column":14},"end":{"line":104,"column":48}},{"start":{"line":106,"column":14},"end":{"line":108,"column":60}},{"start":{"line":110,"column":14},"end":{"line":110,"column":22}},{"start":{"line":111,"column":14},"end":{"line":112,"column":40}}],"line":87},"2":{"loc":{"start":{"line":133,"column":12},"end":{"line":159,"column":13}},"type":"switch","locations":[{"start":{"line":134,"column":14},"end":{"line":139,"column":169}},{"start":{"line":141,"column":14},"end":{"line":145,"column":22}},{"start":{"line":147,"column":14},"end":{"line":150,"column":48}},{"start":{"line":152,"column":14},"end":{"line":154,"column":60}},{"start":{"line":156,"column":14},"end":{"line":156,"column":22}},{"start":{"line":157,"column":14},"end":{"line":158,"column":40}}],"line":133}},"s":{"0":1,"1":1,"2":1,"3":1,"4":1,"5":1,"6":1,"7":1,"8":1,"9":1,"10":1,"11":1,"12":1,"13":3,"14":3,"15":1,"16":1,"17":1,"18":1,"19":1,"20":0,"21":0,"22":0,"23":0,"24":1,"25":1,"26":1,"27":1,"28":1,"29":1,"30":1,"31":1,"32":1,"33":3,"34":9,"35":9,"36":3,"37":3,"38":3,"39":3,"40":3,"41":0,"42":0,"43":0,"44":0,"45":3,"46":3,"47":3,"48":3,"49":3,"50":3,"51":3,"52":1,"53":1,"54":0,"55":0,"56":0,"57":0,"58":0,"59":0,"60":0,"61":0,"62":0,"63":0,"64":0,"65":0,"66":0,"67":0,"68":0,"69":0,"70":0,"71":0,"72":0,"73":1,"74":1,"75":1},"f":{"0":1,"1":1,"2":1,"3":1,"4":3,"5":1,"6":1,"7":3,"8":9,"9":3,"10":1,"11":0,"12":0,"13":0},"b":{"0":[1,0,1,1,0,1],"1":[3,0,3,3,0,3],"2":[0,0,0,0,0,0]},"_coverageSchema":"43e27e138ebf9cfc5966b082cf9a028302ed4184","hash":"067e1749771eb625be185d2f711c61f5bbe67b83","contentHash":"8b39a9052c576bb94fb9a21594a38c1cb8e5dd7d9d4478f5645b362cd3a6cf45"},"/home/airy/Desktop/banka/build/middlewares/accountsValidator.js":{"path":"/home/airy/Desktop/banka/build/middlewares/accountsValidator.js","statementMap":{"0":{"start":{"line":3,"column":29},"end":{"line":3,"column":84}},"1":{"start":{"line":5,"column":0},"end":{"line":7,"column":3}},"2":{"start":{"line":8,"column":0},"end":{"line":8,"column":28}},"3":{"start":{"line":10,"column":23},"end":{"line":10,"column":95}},"4":{"start":{"line":12,"column":20},"end":{"line":12,"column":89}},"5":{"start":{"line":14,"column":11},"end":{"line":14,"column":49}},"6":{"start":{"line":18,"column":0},"end":{"line":66,"column":3}},"7":{"start":{"line":20,"column":4},"end":{"line":20,"column":62}},"8":{"start":{"line":23,"column":2},"end":{"line":64,"column":6}},"9":{"start":{"line":27,"column":22},"end":{"line":27,"column":30}},"10":{"start":{"line":28,"column":20},"end":{"line":28,"column":37}},"11":{"start":{"line":29,"column":24},"end":{"line":29,"column":45}},"12":{"start":{"line":30,"column":19},"end":{"line":30,"column":35}},"13":{"start":{"line":31,"column":20},"end":{"line":35,"column":7}},"14":{"start":{"line":37,"column":19},"end":{"line":41,"column":8}},"15":{"start":{"line":43,"column":26},"end":{"line":45,"column":8}},"16":{"start":{"line":46,"column":18},"end":{"line":46,"column":37}},"17":{"start":{"line":48,"column":6},"end":{"line":60,"column":7}},"18":{"start":{"line":49,"column":27},"end":{"line":49,"column":40}},"19":{"start":{"line":50,"column":28},"end":{"line":50,"column":30}},"20":{"start":{"line":52,"column":8},"end":{"line":54,"column":9}},"21":{"start":{"line":53,"column":10},"end":{"line":53,"column":72}},"22":{"start":{"line":56,"column":8},"end":{"line":59,"column":11}},"23":{"start":{"line":62,"column":6},"end":{"line":62,"column":13}},"24":{"start":{"line":65,"column":2},"end":{"line":65,"column":27}},"25":{"start":{"line":68,"column":0},"end":{"line":68,"column":39}}},"fnMap":{"0":{"name":"(anonymous_0)","decl":{"start":{"line":18,"column":0},"end":{"line":18,"column":1}},"loc":{"start":{"line":18,"column":12},"end":{"line":66,"column":1}},"line":18},"1":{"name":"AccountsValidator","decl":{"start":{"line":19,"column":11},"end":{"line":19,"column":28}},"loc":{"start":{"line":19,"column":31},"end":{"line":21,"column":3}},"line":19},"2":{"name":"validateAccountInfo","decl":{"start":{"line":26,"column":20},"end":{"line":26,"column":39}},"loc":{"start":{"line":26,"column":56},"end":{"line":63,"column":5}},"line":26}},"branchMap":{"0":{"loc":{"start":{"line":48,"column":6},"end":{"line":60,"column":7}},"type":"if","locations":[{"start":{"line":48,"column":6},"end":{"line":60,"column":7}},{"start":{"line":48,"column":6},"end":{"line":60,"column":7}}],"line":48}},"s":{"0":1,"1":1,"2":1,"3":1,"4":1,"5":1,"6":1,"7":1,"8":1,"9":4,"10":4,"11":4,"12":4,"13":4,"14":4,"15":4,"16":4,"17":4,"18":4,"19":4,"20":4,"21":12,"22":4,"23":0,"24":1,"25":1},"f":{"0":1,"1":1,"2":4},"b":{"0":[4,0]},"_coverageSchema":"43e27e138ebf9cfc5966b082cf9a028302ed4184","hash":"0b4051ba4cfab1a4a191772356bfab9df27c68bf","contentHash":"96f527be82d7850f0ef5ca0642d6145acc15bdac73801048a736a2f84b2269fb"},"/home/airy/Desktop/banka/build/routes/transactionsRouter.js":{"path":"/home/airy/Desktop/banka/build/routes/transactionsRouter.js","statementMap":{"0":{"start":{"line":3,"column":29},"end":{"line":3,"column":84}},"1":{"start":{"line":5,"column":0},"end":{"line":7,"column":3}},"2":{"start":{"line":8,"column":0},"end":{"line":8,"column":28}},"3":{"start":{"line":10,"column":15},"end":{"line":10,"column":57}},"4":{"start":{"line":12,"column":30},"end":{"line":12,"column":102}},"5":{"start":{"line":14,"column":29},"end":{"line":14,"column":100}},"6":{"start":{"line":16,"column":27},"end":{"line":16,"column":66}},"7":{"start":{"line":17,"column":28},"end":{"line":17,"column":68}},"8":{"start":{"line":19,"column":13},"end":{"line":21,"column":2}},"9":{"start":{"line":23,"column":0},"end":{"line":23,"column":123}},"10":{"start":{"line":24,"column":0},"end":{"line":24,"column":125}},"11":{"start":{"line":25,"column":15},"end":{"line":25,"column":21}},"12":{"start":{"line":26,"column":0},"end":{"line":26,"column":30}}},"fnMap":{},"branchMap":{},"s":{"0":1,"1":1,"2":1,"3":1,"4":1,"5":1,"6":1,"7":1,"8":1,"9":1,"10":1,"11":1,"12":1},"f":{},"b":{},"_coverageSchema":"43e27e138ebf9cfc5966b082cf9a028302ed4184","hash":"2ec5a4c3d3df84a9d6211178d3cf6df942188c59","contentHash":"c7a9271ce802e8ceeee930a225b04e4317c8942c2b12675b7fd7fd26d4554573"},"/home/airy/Desktop/banka/build/controllers/transactionsController.js":{"path":"/home/airy/Desktop/banka/build/controllers/transactionsController.js","statementMap":{"0":{"start":{"line":3,"column":29},"end":{"line":3,"column":84}},"1":{"start":{"line":5,"column":0},"end":{"line":7,"column":3}},"2":{"start":{"line":8,"column":0},"end":{"line":8,"column":28}},"3":{"start":{"line":10,"column":19},"end":{"line":10,"column":80}},"4":{"start":{"line":12,"column":25},"end":{"line":12,"column":99}},"5":{"start":{"line":14,"column":23},"end":{"line":14,"column":95}},"6":{"start":{"line":16,"column":20},"end":{"line":16,"column":89}},"7":{"start":{"line":18,"column":25},"end":{"line":18,"column":87}},"8":{"start":{"line":21,"column":24},"end":{"line":21,"column":59}},"9":{"start":{"line":25,"column":0},"end":{"line":134,"column":3}},"10":{"start":{"line":27,"column":4},"end":{"line":27,"column":57}},"11":{"start":{"line":30,"column":2},"end":{"line":132,"column":6}},"12":{"start":{"line":33,"column":26},"end":{"line":73,"column":9}},"13":{"start":{"line":38,"column":8},"end":{"line":72,"column":20}},"14":{"start":{"line":39,"column":10},"end":{"line":71,"column":11}},"15":{"start":{"line":40,"column":12},"end":{"line":70,"column":13}},"16":{"start":{"line":42,"column":16},"end":{"line":42,"column":57}},"17":{"start":{"line":43,"column":16},"end":{"line":43,"column":142}},"18":{"start":{"line":44,"column":16},"end":{"line":44,"column":34}},"19":{"start":{"line":45,"column":16},"end":{"line":50,"column":19}},"20":{"start":{"line":53,"column":16},"end":{"line":53,"column":40}},"21":{"start":{"line":55,"column":16},"end":{"line":65,"column":17}},"22":{"start":{"line":56,"column":18},"end":{"line":59,"column":21}},"23":{"start":{"line":60,"column":23},"end":{"line":65,"column":17}},"24":{"start":{"line":61,"column":18},"end":{"line":64,"column":21}},"25":{"start":{"line":69,"column":16},"end":{"line":69,"column":39}},"26":{"start":{"line":76,"column":8},"end":{"line":76,"column":52}},"27":{"start":{"line":79,"column":6},"end":{"line":79,"column":26}},"28":{"start":{"line":84,"column":27},"end":{"line":124,"column":9}},"29":{"start":{"line":89,"column":8},"end":{"line":123,"column":21}},"30":{"start":{"line":90,"column":10},"end":{"line":122,"column":11}},"31":{"start":{"line":91,"column":12},"end":{"line":121,"column":13}},"32":{"start":{"line":93,"column":16},"end":{"line":93,"column":57}},"33":{"start":{"line":94,"column":16},"end":{"line":94,"column":14
[...]
":116,"column":17}},{"start":{"line":118,"column":14},"end":{"line":118,"column":21}},{"start":{"line":119,"column":14},"end":{"line":120,"column":40}}],"line":91},"4":{"loc":{"start":{"line":106,"column":16},"end":{"line":116,"column":17}},"type":"if","locations":[{"start":{"line":106,"column":16},"end":{"line":116,"column":17}},{"start":{"line":106,"column":16},"end":{"line":116,"column":17}}],"line":106},"5":{"loc":{"start":{"line":111,"column":23},"end":{"line":116,"column":17}},"type":"if","locations":[{"start":{"line":111,"column":23},"end":{"line":116,"column":17}},{"start":{"line":111,"column":23},"end":{"line":116,"column":17}}],"line":111}},"s":{"0":1,"1":1,"2":1,"3":1,"4":1,"5":1,"6":1,"7":1,"8":1,"9":1,"10":1,"11":1,"12":1,"13":3,"14":6,"15":6,"16":3,"17":3,"18":3,"19":3,"20":3,"21":3,"22":0,"23":3,"24":3,"25":3,"26":3,"27":1,"28":1,"29":2,"30":4,"31":4,"32":2,"33":2,"34":2,"35":2,"36":2,"37":2,"38":0,"39":2,"40":2,"41":2,"42":2,"43":1,"44":1,"45":1},"f":{"0":1,"1":1,"2":1,"3":3,"4":6,"5":3,"6":1,"7":2,"8":4,"9":2},"b":{"0":[3,3,3,3],"1":[0,3],"2":[3,0],"3":[2,2,2,2],"4":[0,2],"5":[2,0]},"_coverageSchema":"43e27e138ebf9cfc5966b082cf9a028302ed4184","hash":"797ae1e64cc0cbd84060df26d2caf55c3b862ee7","contentHash":"d016ad02839b73cab6c7b1286be79918c40e928f32c2f4781d63c5a83a15c540"},"/home/airy/Desktop/banka/build/models/transactionsModel.js":{"path":"/home/airy/Desktop/banka/build/models/transactionsModel.js","statementMap":{"0":{"start":{"line":3,"column":29},"end":{"line":3,"column":84}},"1":{"start":{"line":5,"column":0},"end":{"line":7,"column":3}},"2":{"start":{"line":8,"column":0},"end":{"line":8,"column":28}},"3":{"start":{"line":10,"column":19},"end":{"line":10,"column":80}},"4":{"start":{"line":12,"column":25},"end":{"line":12,"column":99}},"5":{"start":{"line":14,"column":20},"end":{"line":14,"column":89}},"6":{"start":{"line":16,"column":23},"end":{"line":16,"column":95}},"7":{"start":{"line":18,"column":34},"end":{"line":18,"column":117}},"8":{"start":{"line":20,"column":23},"end":{"line":20,"column":95}},"9":{"start":{"line":22,"column":17},"end":{"line":22,"column":83}},"10":{"start":{"line":24,"column":24},"end":{"line":24,"column":97}},"11":{"start":{"line":26,"column":16},"end":{"line":26,"column":61}},"12":{"start":{"line":35,"column":0},"end":{"line":50,"column":43}},"13":{"start":{"line":36,"column":2},"end":{"line":36,"column":58}},"14":{"start":{"line":41,"column":4},"end":{"line":41,"column":64}},"15":{"start":{"line":42,"column":4},"end":{"line":42,"column":137}},"16":{"start":{"line":43,"column":4},"end":{"line":43,"column":39}},"17":{"start":{"line":44,"column":4},"end":{"line":44,"column":21}},"18":{"start":{"line":45,"column":4},"end":{"line":45,"column":75}},"19":{"start":{"line":46,"column":4},"end":{"line":46,"column":17}},"20":{"start":{"line":49,"column":2},"end":{"line":49,"column":29}},"21":{"start":{"line":54,"column":0},"end":{"line":69,"column":43}},"22":{"start":{"line":55,"column":2},"end":{"line":55,"column":59}},"23":{"start":{"line":60,"column":4},"end":{"line":60,"column":64}},"24":{"start":{"line":61,"column":4},"end":{"line":61,"column":138}},"25":{"start":{"line":62,"column":4},"end":{"line":62,"column":40}},"26":{"start":{"line":63,"column":4},"end":{"line":63,"column":22}},"27":{"start":{"line":64,"column":4},"end":{"line":64,"column":65}},"28":{"start":{"line":65,"column":4},"end":{"line":65,"column":18}},"29":{"start":{"line":68,"column":2},"end":{"line":68,"column":29}},"30":{"start":{"line":73,"column":0},"end":{"line":251,"column":3}},"31":{"start":{"line":75,"column":4},"end":{"line":75,"column":61}},"32":{"start":{"line":78,"column":2},"end":{"line":249,"column":6}},"33":{"start":{"line":81,"column":26},"end":{"line":169,"column":9}},"34":{"start":{"line":85,"column":8},"end":{"line":168,"column":45}},"35":{"start":{"line":86,"column":10},"end":{"line":167,"column":11}},"36":{"start":{"line":87,"column":12},"end":{"line":166,"column":13}},"37":{"start":{"line":89,"column":16},"end":{"line":89,"column":31}},"38":{"start":{"line":90,"column":16},"end":{"line":90,"column":31}},"39":{"start":{"line":91,"column":16},"end":{"line":91,"column":30}},"40":{"start":{"line":92,"column":16},"end":{"line":92,"column":90}},"41":{"start":{"line":93,"column":16},"end":{"line":93,"column":85}},"42":{"start":{"line":94,"column":16},"end":{"line":94,"column":92}},"43":{"start":{"line":95,"column":16},"end":{"line":95,"column":280}},"44":{"start":{"line":96,"column":16},"end":{"line":96,"column":34}},"45":{"start":{"line":97,"column":16},"end":{"line":97,"column":35}},"46":{"start":{"line":98,"column":16},"end":{"line":98,"column":90}},"47":{"start":{"line":101,"column":16},"end":{"line":101,"column":44}},"48":{"start":{"line":102,"column":16},"end":{"line":102,"column":59}},"49":{"start":{"line":104,"column":16},"end":{"line":107,"column":17}},"50":{"start":{"line":105,"column":18},"end":{"line":105,"column":37}},"51":{"start":{"line":106,"column":18},"end":{"line":106,"column":24}},"52":{"start":{"line":109,"column":16},"end":{"line":109,"column":106}},"53":{"start":{"line":112,"column":16},"end":{"line":112,"column":35}},"54":{"start":{"line":113,"column":16},"end":{"line":113,"column":98}},"55":{"start":{"line":116,"column":16},"end":{"line":116,"column":47}},"56":{"start":{"line":117,"column":16},"end":{"line":117,"column":69}},"57":{"start":{"line":118,"column":16},"end":{"line":118,"column":37}},"58":{"start":{"line":120,"column":16},"end":{"line":123,"column":17}},"59":{"start":{"line":121,"column":18},"end":{"line":121,"column":37}},"60":{"start":{"line":122,"column":18},"end":{"line":122,"column":24}},"61":{"start":{"line":125,"column":16},"end":{"line":125,"column":70}},"62":{"start":{"line":129,"column":16},"end":{"line":129,"column":51}},"63":{"start":{"line":130,"column":16},"end":{"line":130,"column":37}},"64":{"start":{"line":132,"column":16},"end":{"line":132,"column":35}},"65":{"start":{"line":133,"column":16},"end":{"line":133,"column":96}},"66":{"start":{"line":136,"column":16},"end":{"line":136,"column":39}},"67":{"start":{"line":138,"column":16},"end":{"line":141,"column":17}},"68":{"start":{"line":139,"column":18},"end":{"line":139,"column":37}},"69":{"start":{"line":140,"column":18},"end":{"line":140,"column":24}},"70":{"start":{"line":143,"column":16},"end":{"line":143,"column":35}},"71":{"start":{"line":144,"column":16},"end":{"line":144,"column":173}},"72":{"start":{"line":147,"column":16},"end":{"line":147,"column":40}},"73":{"start":{"line":148,"column":16},"end":{"line":148,"column":43}},"74":{"start":{"line":151,"column":16},"end":{"line":151,"column":35}},"75":{"start":{"line":152,"column":16},"end":{"line":152,"column":22}},"76":{"start":{"line":155,"column":16},"end":{"line":155,"column":35}},"77":{"start":{"line":156,"column":16},"end":{"line":156,"column":51}},"78":{"start":{"line":157,"column":16},"end":{"line":157,"column":47}},"79":{"start":{"line":160,"column":16},"end":{"line":160,"column":35}},"80":{"start":{"line":161,"column":16},"end":{"line":161,"column":59}},"81":{"start":{"line":165,"column":16},"end":{"line":165,"column":39}},"82":{"start":{"line":172,"column":8},"end":{"line":172,"column":52}},"83":{"start":{"line":175,"column":6},"end":{"line":175,"column":26}},"84":{"start":{"line":180,"column":27},"end":{"line":241,"column":9}},"85":{"start":{"line":184,"column":8},"end":{"line":240,"column":46}},"86":{"start":{"line":185,"column":10},"end":{"line":239,"column":11}},"87":{"start":{"line":186,"column":12},"end":{"line":238,"column":13}},"88":{"start":{"line":188,"column":16},"end":{"line":188,"column":31}},"89":{"start":{"line":189,"column":16},"end":{"line":189,"column":31}},"90":{"start":{"line":190,"column":16},"end":{"line":190,"column":30}},"91":{"start":{"line":191,"column":16},"end":{"line":191,"column":85}},"92":{"start":{"line":192,"column":16},"end":{"line":192,"column":92}},"93":{"start":{"line":193,"column":16},"end":{"line":193,"column":280}},"94":{"start":{"line":194,"column":16},"end":{"line":194,"column":35}},"95":{"start":{"line":195,"column":16},"end":{"line":195,"column":35}},"96":{"start":{"line":196,"column":16},"end":{"line":196,"column":98}},"97":{"start":{"line":199,"column":16},"end":{"line":199,"column":48}},"98":{"start":{"line":200,"column":16},"end":{"line":200,"column":69}},"99":{"start":{"line":201,"column":16},"end":{"line":201,"column":37}},"100":{"start":{"line":202,"column":16},"end":{"line":202,"column":55}},"101":{"start":{"line":203,"column":16},"end":{"line":203,"column":37}},"102":{"start":{"line":204,"column":16},"end":{"line":204,"column":36}},"103":{"start":{"line":205,"column":16},"end":{"line":205,"column":96}},"104":{"start":{"line":208,"column":16},"end":{"line":208,"column":40}},"105":{"start":{"line":210,"column":16},"end":{"line":213,"column":17}},"106":{"start":{"line":211,"column":18},"end":{"line":211,"column":38}},"107":{"start":{"line":212,"column":18},"end":{"line":212,"column":24}},"108":{"start":{"line":215,"column":16},"end":{"line":215,"column":36}},"109":{"start":{"line":216,"column":16},"end":{"line":216,"column":173}},"110":{"start":{"line":219,"column":16},"end":{"line":219,"column":41}},"111":{"start":{"line":220,"column":16},"end":{"line":220,"column":43}},"112":{"start":{"line":223,"column":16},"end":{"line":223,"column":36}},"113":{"start":{"line":224,"column":16},"end":{"line":224,"column":22}},"114":{"start":{"line":227,"column":16},"end":{"line":227,"column":36}},"115":{"start":{"line":228,"column":16},"end":{"line":228,"column":53}},"116":{"start":{"line":229,"column":16},"end":{"line":229,"column":48}},"117":{"start":{"line":232,"column":16},"end":{"line":232,"column":36}},"118":{"start":{"line":233,"column":16},"end":{"line":233,"column":60}},"119":{"start":{"line":237,"column":16},"end":{"line":237,"column":40}},"120":{"start":{"line":244,"column":8},"end":{"line":244,"column":53}},"121":{"start":{"line":247,"column":6},"end":{"line":247,"column":27}},"122":{"start":{"line":250,"column":2},"end":{"line":250,"column":26}},"123":{"start":{"line":253,"column":0},"end":{"line":253,"column":38}}},"fnMap":{"0":{"name":"(anonymous_0)","decl":{"start":{"line":35,"column":0},"end":{"line":35,"column":1}},"loc":{"start":{"line":35,"column":18},"end":{"line":50,"column":1}},"line":35},"1":{"name":"InsufficientBalance","decl":{"start":{"line":38,"column":11},"end":{"line":38,"column":30}},"loc":{"start":{"line":38,"column":40},"end":{"line":47,"column":3}},"line":38},"2":{"name":"(anonymous_2)","decl":{"start":{"line":54,"column":0},"end":{"line":54,"column":1}},"loc":{"start":{"line":54,"column":19},"end":{"line":69,"column":1}},"line":54},"3":{"name":"TransactionRejected","decl":{"start":{"line":57,"column":11},"end":{"line":57,"column":30}},"loc":{"start":{"line":57,"column":40},"end":{"line":66,"column":3}},"line":57},"4":{"name":"(anonymous_4)","decl":{"start":{"line":73,"column":0},"end":{"line":73,"column":1}},"loc":{"start":{"line":73,"column":12},"end":{"line":251,"column":1}},"line":73},"5":{"name":"TransactionModel","decl":{"start":{"line":74,"column":11},"end":{"line":74,"column":27}},"loc":{"start":{"line":74,"column":30},"end":{"line":76,"column":3}},"line":74},"6":{"name":"(anonymous_6)","decl":{"start":{"line":80,"column":11},"end":{"line":80,"column":12}},"loc":{"start":{"line":80,"column":23},"end":{"line":176,"column":5}},"line":80},"7":{"name":"_callee","decl":{"start":{"line":83,"column":44},"end":{"line":83,"column":51}},"loc":{"start":{"line":83,"column":58},"end":{"line":169,"column":7}},"line":83},"8":{"name":"_callee$","decl":{"start":{"line":85,"column":53},"end":{"line":85,"column":61}},"loc":{"start":{"line":85,"column":72},"end":{"line":168,"column":9}},"line":85},"9":{"name":"debitAccount","decl":{"start":{"line":171,"column":15},"end":{"line":171,"column":27}},"loc":{"start":{"line":171,"column":32},"end":{"line":173,"column":7}},"line":171},"10":{"name":"(anonymous_10)","decl":{"start":{"line":179,"column":11},"end":{"line":179,"column":12}},"loc":{"start":{"line":179,"column":23},"end":{"line":248,"column":5}},"line":179},"11":{"name":"_callee2","decl":{"start":{"line":182,"column":44},"end":{"line":182,"column":52}},"loc":{"start":{"line":182,"column":59},"end":{"line":241,"column":7}},"line":182},"12":{"name":"_callee2$","decl":{"start":{"line":184,"column":53},"end":{"line":184,"column":62}},"loc":{"start":{"line":184,"column":74},"end":{"line":240,"column":9}},"line":184},"13":{"name":"creditAccount","decl":{"start":{"line":243,"column":15},"end":{"line":243,"column":28}},"loc":{"start":{"line":243,"column":34},"end":{"line":245,"column":7}},"line":243}},"branchMap":{"0":{"loc":{"start":{"line":87,"column":12},"end":{"line":166,"column":13}},"type":"switch","locations":[{"start":{"line":88,"column":14},"end":{"line":98,"column":90}},{"start":{"line":100,"column":14},"end":{"line":109,"column":106}},{"start":{"line":111,"column":14},"end":{"line":113,"column":98}},{"start":{"line":115,"column":14},"end":{"line":125,"column":70}},{"start":{"line":127,"column":14},"end":{"line":133,"column":96}},{"start":{"line":135,"column":14},"end":{"line":144,"column":173}},{"start":{"line":146,"column":14},"end":{"line":148,"column":43}},{"start":{"line":150,"column":14},"end":{"line":152,"column":22}},{"start":{"line":154,"column":14},"end":{"line":157,"column":47}},{"start":{"line":159,"column":14},"end":{"line":161,"column":59}},{"start":{"line":163,"column":14},"end":{"line":163,"column":22}},{"start":{"line":164,"column":14},"end":{"line":165,"column":39}}],"line":87},"1":{"loc":{"start":{"line":104,"column":16},"end":{"line":107,"column":17}},"type":"if","locations":[{"start":{"line":104,"column":16},"end":{"line":107,"column":17}},{"start":{"line":104,"column":16},"end":{"line":107,"column":17}}],"line":104},"2":{"loc":{"start":{"line":104,"column":22},"end":{"line":104,"column":78}},"type":"binary-expr","locations":[{"start":{"line":104,"column":22},"end":{"line":104,"column":47}},{"start":{"line":104,"column":51},"end":{"line":104,"column":78}}],"line":104},"3":{"loc":{"start":{"line":120,"column":16},"end":{"line":123,"column":17}},"type":"if","locations":[{"start":{"line":120,"column":16},"end":{"line":123,"column":17}},{"start":{"line":120,"column":16},"end":{"line":123,"column":17}}],"line":120},"4":{"loc":{"start":{"line":138,"column":16},"end":{"line":141,"column":17}},"type":"if","locations":[{"start":{"line":138,"column":16},"end":{"line":141,"column":17}},{"start":{"line":138,"column":16},"end":{"line":141,"column":17}}],"line":138},"5":{"loc":{"start":{"line":186,"column":12},"end":{"line":238,"column":13}},"type":"switch","locations":[{"start":{"line":187,"column":14},"end":{"line":196,"column":98}},{"start":{"line":198,"column":14},"end":{"line":205,"column":96}},{"start":{"line":207,"column":14},"end":{"line":216,"column":173}},{"start":{"line":218,"column":14},"end":{"line":220,"column":43}},{"start":{"line":222,"column":14},"end":{"line":224,"column":22}},{"start":{"line":226,"column":14},"end":{"line":229,"column":48}},{"start":{"line":231,"column":14},"end":{"line":233,"column":60}},{"start":{"line":235,"column":14},"end":{"line":235,"column":22}},{"start":{"line":236,"column":14},"end":{"line":237,"column":40}}],"line":186},"6":{"loc":{"start":{"line":210,"column":16},"end":{"line":213,"column":17}},"type":"if","locations":[{"start":{"line":210,"column":16},"end":{"line":213,"column":17}},{"start":{"line":210,"column":16},"end":{"line":213,"column":17}}],"line":210}},"s":{"0":1,"1":1,"2":1,"3":1,"4":1,"5":1,"6":1,"7":1,"8":1,"9":1,"10":1,"11":1,"12":1,"13":1,"14":0,"15":0,"16":0,"17":0,"18":0,"19":0,"20":1,"21":1,"22":1,"23":0,"24":0,"25":0,"26":0,"27":0,"28":0,"29":1,"30":1,"31":1,"32":1,"33":1,"34":3,"35":9,"36":9,"37":3,"38":3,"39":3,"40":3,"41":3,"42":3,"43":3,"44":3,"45":3,"46":3,"47":0,"48":0,"49":0,"50":0,"51":0,"52":0,"53":0,"54":0,"55":0,"56":0,"57":0,"58":0,"59":0,"60":0,"61":0,"62":0,"63":0,"64":0,"65":0,"66":0,"67":0,"68":0,"69":0,"70":0,"71":0,"72":0,"73":0,"74":0,"75":0,"76":3,"77":3,"78":3,"79":3,"80":3,"81":3,"82":3,"83":1,"84":1,"85":2,"86":6,"87":6,"88":2,"89":2,"90":2,"91":2,"92":2,"93":2,"94":2,"95":2,"96":2,"97":0,"98":0,"99":0,"100":0,"101":0,"102":0,"103":0,"104":0,"105":0,"106":0,"107":0,"108":0,"109":0,"110":0,"111":0,"112":0,"113":0,"114":2,"115":2,"116":2,"117":2,"118":2,"119":2,"120":2,"121":1,"122":1,"123":1},"f":{"0":1,"1":0,"2":1,"3":0,"4":1,"5":1,"6":1,"7":3,"8":9,"9":3,"10":1,"11":2,"12":6,"13":2},"b":{"0":[3,0,0,0,0,0,0,0,3,3,0,3],"1":[0,0],"2":[0,0],"3":[0,0],"4":[0,0],"5":[2,0,0,0,0,2,2,0,2],"6":[0,0]},"_coverageSchema":"43e27e138ebf9cfc5966b082cf9a028302ed4184","hash":"291c9c3fa66c551305eecf5ec7141d9166c9e8b4","contentHash":"f71f6c08058875b4c5037f0758d0d1efbd2011ac319aeb276e794eac6d2ab6c3"},"/home/airy/Desktop/banka/build/middlewares/transactionsValidator.js":{"path":"/home/airy/Desktop/banka/build/middlewares/transactionsValidator.js","statementMap":{"0":{"start":{"line":3,"column":29},"end":{"line":3,"column":84}},"1":{"start":{"line":5,"column":0},"end":{"line":7,"column":3}},"2":{"start":{"line":8,"column":0},"end":{"line":8,"column":28}},"3":{"start":{"line":10,"column":23},"end":{"line":10,"column":95}},"4":{"start":{"line":12,"column":20},"end":{"line":12,"column":89}},"5":{"start":{"line":14,"column":11},"end":{"line":14,"column":49}},"6":{"start":{"line":19,"column":0},"end":{"line":68,"column":3}},"7":{"start":{"line":21,"column":4},"end":{"line":21,"column":66}},"8":{"start":{"line":24,"column":2},"end":{"line":66,"column":6}},"9":{"start":{"line":27,"column":22},"end":{"line":27,"column":30}},"10":{"start":{"line":28,"column":19},"end":{"line":28,"column":35}},"11":{"start":{"line":29,"column":22},"end":{"line":29,"column":41}},"12":{"start":{"line":30,"column":28},"end":{"line":30,"column":53}},"13":{"start":{"line":31,"column":26},"end":{"line":31,"column":50}},"14":{"start":{"line":33,"column":19},"end":{"line":38,"column":8}},"15":{"start":{"line":40,"column":26},"end":{"line":47,"column":8}},"16":{"start":{"line":48,"column":18},"end":{"line":48,"column":37}},"17":{"start":{"line":50,"column":6},"end":{"line":62,"column":7}},"18":{"start":{"line":51,"column":27},"end":{"line":51,"column":40}},"19":{"start":{"line":52,"column":28},"end":{"line":52,"column":30}},"20":{"start":{"line":54,"column":8},"end":{"line":56,"column":9}},"21":{"start":{"line":55,"column":10},"end":{"line":55,"column":72}},"22":{"start":{"line":58,"column":8},"end":{"line":61,"column":11}},"23":{"start":{"line":64,"column":6},"end":{"line":64,"column":13}},"24":{"start":{"line":67,"column":2},"end":{"line":67,"column":31}},"25":{"start":{"line":70,"column":0},"end":{"line":70,"column":43}}},"fnMap":{"0":{"name":"(anonymous_0)","decl":{"start":{"line":19,"column":0},"end":{"line":19,"column":1}},"loc":{"start":{"line":19,"column":12},"end":{"line":68,"column":1}},"line":19},"1":{"name":"TransactionsValidator","decl":{"start":{"line":20,"column":11},"end":{"line":20,"column":32}},"loc":{"start":{"line":20,"column":35},"end":{"line":22,"column":3}},"line":20},"2":{"name":"validateTransaction","decl":{"start":{"line":26,"column":20},"end":{"line":26,"column":39}},"loc":{"start":{"line":26,"column":56},"end":{"line":65,"column":5}},"line":26}},"branchMap":{"0":{"loc":{"start":{"line":50,"column":6},"end":{"line":62,"column":7}},"type":"if","locations":[{"start":{"line":50,"column":6},"end":{"line":62,"column":7}},{"start":{"line":50,"column":6},"end":{"line":62,"column":7}}],"line":50}},"s":{"0":1,"1":1,"2":1,"3":1,"4":1,"5":1,"6":1,"7":1,"8":1,"9":5,"10":5,"11":5,"12":5,"13":5,"14":5,"15":5,"16":5,"17":5,"18":0,"19":0,"20":0,"21":0,"22":0,"23":5,"24":1,"25":1},"f":{"0":1,"1":1,"2":5},"b":{"0":[0,5]},"_coverageSchema":"43e27e138ebf9cfc5966b082cf9a028302ed4184","hash":"294064b5536b3fd9cb4ef7008512ac476a0ede3f","contentHash":"6614db294947bbca02f03d102da9f08a023d6cbc29eeb0a9cbd1470c1c0118ae"}}